<?xml version="1.0"?>
<testsuite name="Firefox 80.0 (Mac OS 10.14)" package="" timestamp="2020-09-21T13:25:46" id="0" hostname="MacBook-Pro-de-rossi.local" tests="782" errors="0" failures="0" time="6149.323">
  <properties>
    <property name="browser.fullName" value="Mozilla/5.0 (Macintosh; Intel Mac OS X 10.14; rv:80.0) Gecko/20100101 Firefox/80.0"/>
  </properties>
  <testcase name="# Test Categorical Colors&#xA; vtkLookupTable TestCategoricalColors" time="0.182" classname="Firefox_80_0_(Mac_OS_10_14).# Test Categorical Colors&#xA;"/>
  <testcase name="# Test Categorical Colors&#xA; Matching image - delta 0.10%" time="0.182" classname="Firefox_80_0_(Mac_OS_10_14).# Test Categorical Colors&#xA;"/>
  <testcase name="# Test Categorical Colors&#xA; Image match resolution" time="0.186" classname="Firefox_80_0_(Mac_OS_10_14).# Test Categorical Colors&#xA;"/>
  <testcase name="# Test vtkMatrixBuilder rotateFromDirections&#xA; should be truthy" time="0.187" classname="Firefox_80_0_(Mac_OS_10_14).# Test vtkMatrixBuilder rotateFromDirections&#xA;"/>
  <testcase name="# Test vtkMatrixBuilder rotateFromDirections&#xA; should be truthy" time="0.187" classname="Firefox_80_0_(Mac_OS_10_14).# Test vtkMatrixBuilder rotateFromDirections&#xA;"/>
  <testcase name="# Test vtkMatrixBuilder rotateFromDirections&#xA; should be truthy" time="0.188" classname="Firefox_80_0_(Mac_OS_10_14).# Test vtkMatrixBuilder rotateFromDirections&#xA;"/>
  <testcase name="# Test LookupTable setTable&#xA; vtkLookupTable TestSetTable" time="0.193" classname="Firefox_80_0_(Mac_OS_10_14).# Test LookupTable setTable&#xA;"/>
  <testcase name="# Test LookupTable setTable&#xA; should be strictly equal" time="0.352" classname="Firefox_80_0_(Mac_OS_10_14).# Test LookupTable setTable&#xA;"/>
  <testcase name="# Test LookupTable setTable&#xA; Matching image - delta 0.00%" time="0.353" classname="Firefox_80_0_(Mac_OS_10_14).# Test LookupTable setTable&#xA;"/>
  <testcase name="# Test LookupTable setTable&#xA; Image match resolution" time="0.355" classname="Firefox_80_0_(Mac_OS_10_14).# Test LookupTable setTable&#xA;"/>
  <testcase name="# Test vtkBox instance&#xA; Make sure the class definition exists" time="0.355" classname="Firefox_80_0_(Mac_OS_10_14).# Test vtkBox instance&#xA;"/>
  <testcase name="# Test vtkBox instance&#xA; should be truthy" time="0.357" classname="Firefox_80_0_(Mac_OS_10_14).# Test vtkBox instance&#xA;"/>
  <testcase name="# Test vtkBox intersectBox&#xA; should be strictly equal" time="0.357" classname="Firefox_80_0_(Mac_OS_10_14).# Test vtkBox intersectBox&#xA;"/>
  <testcase name="# Test vtkBox intersectBox&#xA; should be strictly equal" time="0.358" classname="Firefox_80_0_(Mac_OS_10_14).# Test vtkBox intersectBox&#xA;"/>
  <testcase name="# Test vtkBox intersectBox&#xA; should be strictly equal" time="0.358" classname="Firefox_80_0_(Mac_OS_10_14).# Test vtkBox intersectBox&#xA;"/>
  <testcase name="# Test vtkBox intersectBox&#xA; should be strictly equal" time="0.359" classname="Firefox_80_0_(Mac_OS_10_14).# Test vtkBox intersectBox&#xA;"/>
  <testcase name="# Test vtkBox intersectBox&#xA; should be strictly equal" time="0.359" classname="Firefox_80_0_(Mac_OS_10_14).# Test vtkBox intersectBox&#xA;"/>
  <testcase name="# Test vtkBox intersectBox&#xA; should be strictly equal" time="0.36" classname="Firefox_80_0_(Mac_OS_10_14).# Test vtkBox intersectBox&#xA;"/>
  <testcase name="# Test vtkBox intersectBox&#xA; should be strictly equal" time="0.36" classname="Firefox_80_0_(Mac_OS_10_14).# Test vtkBox intersectBox&#xA;"/>
  <testcase name="# Test vtkBox intersectBox&#xA; should be strictly equal" time="0.36" classname="Firefox_80_0_(Mac_OS_10_14).# Test vtkBox intersectBox&#xA;"/>
  <testcase name="# Test vtkBox intersectBox&#xA; should be strictly equal" time="0.361" classname="Firefox_80_0_(Mac_OS_10_14).# Test vtkBox intersectBox&#xA;"/>
  <testcase name="# Test vtkBox intersectBox&#xA; should be strictly equal" time="0.362" classname="Firefox_80_0_(Mac_OS_10_14).# Test vtkBox intersectBox&#xA;"/>
  <testcase name="# Test vtkBox intersectBox&#xA; should be strictly equal" time="0.363" classname="Firefox_80_0_(Mac_OS_10_14).# Test vtkBox intersectBox&#xA;"/>
  <testcase name="# Test vtkBox bounds&#xA; should be strictly equal" time="0.363" classname="Firefox_80_0_(Mac_OS_10_14).# Test vtkBox bounds&#xA;"/>
  <testcase name="# Test vtkBox bounds&#xA; should be strictly equal" time="0.363" classname="Firefox_80_0_(Mac_OS_10_14).# Test vtkBox bounds&#xA;"/>
  <testcase name="# Test vtkBox bounds&#xA; should be strictly equal" time="0.363" classname="Firefox_80_0_(Mac_OS_10_14).# Test vtkBox bounds&#xA;"/>
  <testcase name="# Test vtkBox bounds&#xA; should be strictly equal" time="0.363" classname="Firefox_80_0_(Mac_OS_10_14).# Test vtkBox bounds&#xA;"/>
  <testcase name="# Test vtkBox bounds&#xA; should be strictly equal" time="0.363" classname="Firefox_80_0_(Mac_OS_10_14).# Test vtkBox bounds&#xA;"/>
  <testcase name="# Test vtkBox bounds&#xA; should be strictly equal" time="0.365" classname="Firefox_80_0_(Mac_OS_10_14).# Test vtkBox bounds&#xA;"/>
  <testcase name="# Test vtkBox evaluateFunction&#xA; should be strictly equal" time="0.365" classname="Firefox_80_0_(Mac_OS_10_14).# Test vtkBox evaluateFunction&#xA;"/>
  <testcase name="# Test vtkBox evaluateFunction&#xA; should be strictly equal" time="0.365" classname="Firefox_80_0_(Mac_OS_10_14).# Test vtkBox evaluateFunction&#xA;"/>
  <testcase name="# Test vtkBox evaluateFunction&#xA; should be strictly equal" time="0.365" classname="Firefox_80_0_(Mac_OS_10_14).# Test vtkBox evaluateFunction&#xA;"/>
  <testcase name="# Test vtkBox evaluateFunction&#xA; should be strictly equal" time="0.366" classname="Firefox_80_0_(Mac_OS_10_14).# Test vtkBox evaluateFunction&#xA;"/>
  <testcase name="# Test vtkBox intersectPlane&#xA; should be strictly equal" time="0.366" classname="Firefox_80_0_(Mac_OS_10_14).# Test vtkBox intersectPlane&#xA;"/>
  <testcase name="# Test vtkBox intersectPlane&#xA; should be strictly equal" time="0.366" classname="Firefox_80_0_(Mac_OS_10_14).# Test vtkBox intersectPlane&#xA;"/>
  <testcase name="# Test vtkBox intersectPlane&#xA; should be strictly equal" time="0.366" classname="Firefox_80_0_(Mac_OS_10_14).# Test vtkBox intersectPlane&#xA;"/>
  <testcase name="# Test vtkCell instance&#xA; Make sure the class definition exists" time="0.367" classname="Firefox_80_0_(Mac_OS_10_14).# Test vtkCell instance&#xA;"/>
  <testcase name="# Test vtkCell instance&#xA; should be truthy" time="0.368" classname="Firefox_80_0_(Mac_OS_10_14).# Test vtkCell instance&#xA;"/>
  <testcase name="# Test vtkCell initialize without pointsIds&#xA; should be strictly equal" time="0.368" classname="Firefox_80_0_(Mac_OS_10_14).# Test vtkCell initialize without pointsIds&#xA;"/>
  <testcase name="# Test vtkCell initialize without pointsIds&#xA; should be strictly equal" time="0.368" classname="Firefox_80_0_(Mac_OS_10_14).# Test vtkCell initialize without pointsIds&#xA;"/>
  <testcase name="# Test vtkCell initialize without pointsIds&#xA; should be strictly equal" time="0.368" classname="Firefox_80_0_(Mac_OS_10_14).# Test vtkCell initialize without pointsIds&#xA;"/>
  <testcase name="# Test vtkCell initialize without pointsIds&#xA; should be strictly equal" time="0.369" classname="Firefox_80_0_(Mac_OS_10_14).# Test vtkCell initialize without pointsIds&#xA;"/>
  <testcase name="# Test vtkCell initialize without pointsIds&#xA; should be strictly equal" time="0.369" classname="Firefox_80_0_(Mac_OS_10_14).# Test vtkCell initialize without pointsIds&#xA;"/>
  <testcase name="# Test vtkCell initialize with pointsIds&#xA; should be strictly equal" time="0.369" classname="Firefox_80_0_(Mac_OS_10_14).# Test vtkCell initialize with pointsIds&#xA;"/>
  <testcase name="# Test vtkCell initialize with pointsIds&#xA; should be strictly equal" time="0.369" classname="Firefox_80_0_(Mac_OS_10_14).# Test vtkCell initialize with pointsIds&#xA;"/>
  <testcase name="# Test vtkCell initialize with pointsIds&#xA; should be strictly equal" time="0.369" classname="Firefox_80_0_(Mac_OS_10_14).# Test vtkCell initialize with pointsIds&#xA;"/>
  <testcase name="# Test vtkCell initialize with pointsIds&#xA; should be strictly equal" time="0.37" classname="Firefox_80_0_(Mac_OS_10_14).# Test vtkCell initialize with pointsIds&#xA;"/>
  <testcase name="# Test vtkCell initialize with pointsIds&#xA; should not be strictly equal" time="0.37" classname="Firefox_80_0_(Mac_OS_10_14).# Test vtkCell initialize with pointsIds&#xA;"/>
  <testcase name="# Test vtkCell initialize with pointsIds&#xA; should be strictly equal" time="0.37" classname="Firefox_80_0_(Mac_OS_10_14).# Test vtkCell initialize with pointsIds&#xA;"/>
  <testcase name="# Test vtkCell initialize with pointsIds&#xA; should be deeply equivalent" time="0.37" classname="Firefox_80_0_(Mac_OS_10_14).# Test vtkCell initialize with pointsIds&#xA;"/>
  <testcase name="# Test vtkCell initialize with pointsIds&#xA; should be deeply equivalent" time="0.37" classname="Firefox_80_0_(Mac_OS_10_14).# Test vtkCell initialize with pointsIds&#xA;"/>
  <testcase name="# Test vtkCell initialize with pointsIds&#xA; should be deeply equivalent" time="0.371" classname="Firefox_80_0_(Mac_OS_10_14).# Test vtkCell initialize with pointsIds&#xA;"/>
  <testcase name="# Test vtkCell deepCopy&#xA; should not be strictly equal" time="0.372" classname="Firefox_80_0_(Mac_OS_10_14).# Test vtkCell deepCopy&#xA;"/>
  <testcase name="# Test vtkCell deepCopy&#xA; should be deeply equivalent" time="0.372" classname="Firefox_80_0_(Mac_OS_10_14).# Test vtkCell deepCopy&#xA;"/>
  <testcase name="# Test Cone Implicit Function&#xA; Cone Implicit Function" time="0.568" classname="Firefox_80_0_(Mac_OS_10_14).# Test Cone Implicit Function&#xA;"/>
  <testcase name="# Test Cone Implicit Function&#xA; Matching image - delta 0.00%" time="0.568" classname="Firefox_80_0_(Mac_OS_10_14).# Test Cone Implicit Function&#xA;"/>
  <testcase name="# Test Cone Implicit Function&#xA; Image match resolution" time="0.57" classname="Firefox_80_0_(Mac_OS_10_14).# Test Cone Implicit Function&#xA;"/>
  <testcase name="# Test vtkDataSetAttributes instance&#xA; Make sure the class definition exists" time="0.571" classname="Firefox_80_0_(Mac_OS_10_14).# Test vtkDataSetAttributes instance&#xA;"/>
  <testcase name="# Test vtkDataSetAttributes instance&#xA; Make sure the newInstance method exists." time="0.571" classname="Firefox_80_0_(Mac_OS_10_14).# Test vtkDataSetAttributes instance&#xA;"/>
  <testcase name="# Test vtkDataSetAttributes instance&#xA; Default number of arrays should be 0" time="0.571" classname="Firefox_80_0_(Mac_OS_10_14).# Test vtkDataSetAttributes instance&#xA;"/>
  <testcase name="# Test vtkDataSetAttributes instance&#xA; Default Scalars should be null" time="0.571" classname="Firefox_80_0_(Mac_OS_10_14).# Test vtkDataSetAttributes instance&#xA;"/>
  <testcase name="# Test vtkDataSetAttributes instance&#xA; Adding scalars empty DSA should return index of 0" time="0.571" classname="Firefox_80_0_(Mac_OS_10_14).# Test vtkDataSetAttributes instance&#xA;"/>
  <testcase name="# Test vtkDataSetAttributes instance&#xA; Setting scalars should return 0 (the index of the array)." time="0.571" classname="Firefox_80_0_(Mac_OS_10_14).# Test vtkDataSetAttributes instance&#xA;"/>
  <testcase name="# Test vtkDataSetAttributes instance&#xA; Setting scalars with an invalid name should return -1." time="0.572" classname="Firefox_80_0_(Mac_OS_10_14).# Test vtkDataSetAttributes instance&#xA;"/>
  <testcase name="# Test vtkDataSetAttributes instance&#xA; Setting scalars with an invalid name should reset the attribute." time="0.572" classname="Firefox_80_0_(Mac_OS_10_14).# Test vtkDataSetAttributes instance&#xA;"/>
  <testcase name="# Test vtkDataSetAttributes instance&#xA; Default Vectors should be null" time="0.572" classname="Firefox_80_0_(Mac_OS_10_14).# Test vtkDataSetAttributes instance&#xA;"/>
  <testcase name="# Test vtkDataSetAttributes instance&#xA; Adding vectors empty DSA should return index of 1" time="0.572" classname="Firefox_80_0_(Mac_OS_10_14).# Test vtkDataSetAttributes instance&#xA;"/>
  <testcase name="# Test vtkDataSetAttributes instance&#xA; Setting vectors should return 1 (the index of the array)." time="0.573" classname="Firefox_80_0_(Mac_OS_10_14).# Test vtkDataSetAttributes instance&#xA;"/>
  <testcase name="# Test vtkDataSetAttributes instance&#xA; Setting vectors with an invalid name should return -1." time="0.573" classname="Firefox_80_0_(Mac_OS_10_14).# Test vtkDataSetAttributes instance&#xA;"/>
  <testcase name="# Test vtkDataSetAttributes instance&#xA; Setting vectors with an invalid name should reset the attribute." time="0.573" classname="Firefox_80_0_(Mac_OS_10_14).# Test vtkDataSetAttributes instance&#xA;"/>
  <testcase name="# Test vtkDataSetAttributes instance&#xA; Default Normals should be null" time="0.573" classname="Firefox_80_0_(Mac_OS_10_14).# Test vtkDataSetAttributes instance&#xA;"/>
  <testcase name="# Test vtkDataSetAttributes instance&#xA; Adding normals empty DSA should return index of 2" time="0.573" classname="Firefox_80_0_(Mac_OS_10_14).# Test vtkDataSetAttributes instance&#xA;"/>
  <testcase name="# Test vtkDataSetAttributes instance&#xA; Setting normals should return 2 (the index of the array)." time="0.573" classname="Firefox_80_0_(Mac_OS_10_14).# Test vtkDataSetAttributes instance&#xA;"/>
  <testcase name="# Test vtkDataSetAttributes instance&#xA; Setting normals with an invalid name should return -1." time="0.573" classname="Firefox_80_0_(Mac_OS_10_14).# Test vtkDataSetAttributes instance&#xA;"/>
  <testcase name="# Test vtkDataSetAttributes instance&#xA; Setting normals with an invalid name should reset the attribute." time="0.573" classname="Firefox_80_0_(Mac_OS_10_14).# Test vtkDataSetAttributes instance&#xA;"/>
  <testcase name="# Test vtkDataSetAttributes instance&#xA; Default TCoords should be null" time="0.574" classname="Firefox_80_0_(Mac_OS_10_14).# Test vtkDataSetAttributes instance&#xA;"/>
  <testcase name="# Test vtkDataSetAttributes instance&#xA; Adding tcoords empty DSA should return index of 3" time="0.574" classname="Firefox_80_0_(Mac_OS_10_14).# Test vtkDataSetAttributes instance&#xA;"/>
  <testcase name="# Test vtkDataSetAttributes instance&#xA; Setting tcoords should return 3 (the index of the array)." time="0.574" classname="Firefox_80_0_(Mac_OS_10_14).# Test vtkDataSetAttributes instance&#xA;"/>
  <testcase name="# Test vtkDataSetAttributes instance&#xA; Setting tcoords with an invalid name should return -1." time="0.574" classname="Firefox_80_0_(Mac_OS_10_14).# Test vtkDataSetAttributes instance&#xA;"/>
  <testcase name="# Test vtkDataSetAttributes instance&#xA; Setting tcoords with an invalid name should reset the attribute." time="0.575" classname="Firefox_80_0_(Mac_OS_10_14).# Test vtkDataSetAttributes instance&#xA;"/>
  <testcase name="# Test vtkDataSetAttributes instance&#xA; Default Tensors should be null" time="0.575" classname="Firefox_80_0_(Mac_OS_10_14).# Test vtkDataSetAttributes instance&#xA;"/>
  <testcase name="# Test vtkDataSetAttributes instance&#xA; Adding tensors empty DSA should return index of 4" time="0.575" classname="Firefox_80_0_(Mac_OS_10_14).# Test vtkDataSetAttributes instance&#xA;"/>
  <testcase name="# Test vtkDataSetAttributes instance&#xA; Setting tensors should return 4 (the index of the array)." time="0.575" classname="Firefox_80_0_(Mac_OS_10_14).# Test vtkDataSetAttributes instance&#xA;"/>
  <testcase name="# Test vtkDataSetAttributes instance&#xA; Setting tensors with an invalid name should return -1." time="0.575" classname="Firefox_80_0_(Mac_OS_10_14).# Test vtkDataSetAttributes instance&#xA;"/>
  <testcase name="# Test vtkDataSetAttributes instance&#xA; Setting tensors with an invalid name should reset the attribute." time="0.576" classname="Firefox_80_0_(Mac_OS_10_14).# Test vtkDataSetAttributes instance&#xA;"/>
  <testcase name="# Test vtkDataSetAttributes instance&#xA; Default GlobalIds should be null" time="0.576" classname="Firefox_80_0_(Mac_OS_10_14).# Test vtkDataSetAttributes instance&#xA;"/>
  <testcase name="# Test vtkDataSetAttributes instance&#xA; Adding globalids empty DSA should return index of 5" time="0.576" classname="Firefox_80_0_(Mac_OS_10_14).# Test vtkDataSetAttributes instance&#xA;"/>
  <testcase name="# Test vtkDataSetAttributes instance&#xA; Setting globalids should return 5 (the index of the array)." time="0.576" classname="Firefox_80_0_(Mac_OS_10_14).# Test vtkDataSetAttributes instance&#xA;"/>
  <testcase name="# Test vtkDataSetAttributes instance&#xA; Setting globalids with an invalid name should return -1." time="0.576" classname="Firefox_80_0_(Mac_OS_10_14).# Test vtkDataSetAttributes instance&#xA;"/>
  <testcase name="# Test vtkDataSetAttributes instance&#xA; Setting globalids with an invalid name should reset the attribute." time="0.576" classname="Firefox_80_0_(Mac_OS_10_14).# Test vtkDataSetAttributes instance&#xA;"/>
  <testcase name="# Test vtkDataSetAttributes instance&#xA; Default PedigreeIds should be null" time="0.577" classname="Firefox_80_0_(Mac_OS_10_14).# Test vtkDataSetAttributes instance&#xA;"/>
  <testcase name="# Test vtkDataSetAttributes instance&#xA; Adding pedigreeids empty DSA should return index of 6" time="0.577" classname="Firefox_80_0_(Mac_OS_10_14).# Test vtkDataSetAttributes instance&#xA;"/>
  <testcase name="# Test vtkDataSetAttributes instance&#xA; Setting pedigreeids should return 6 (the index of the array)." time="0.578" classname="Firefox_80_0_(Mac_OS_10_14).# Test vtkDataSetAttributes instance&#xA;"/>
  <testcase name="# Test vtkDataSetAttributes instance&#xA; Setting pedigreeids with an invalid name should return -1." time="0.578" classname="Firefox_80_0_(Mac_OS_10_14).# Test vtkDataSetAttributes instance&#xA;"/>
  <testcase name="# Test vtkDataSetAttributes instance&#xA; Setting pedigreeids with an invalid name should reset the attribute." time="0.578" classname="Firefox_80_0_(Mac_OS_10_14).# Test vtkDataSetAttributes instance&#xA;"/>
  <testcase name="# Test vtkLine instance&#xA; Make sure the class definition exists" time="0.578" classname="Firefox_80_0_(Mac_OS_10_14).# Test vtkLine instance&#xA;"/>
  <testcase name="# Test vtkLine instance&#xA; should be truthy" time="0.581" classname="Firefox_80_0_(Mac_OS_10_14).# Test vtkLine instance&#xA;"/>
  <testcase name="# Test vtkLine static::intersection&#xA; Points on line" time="0.581" classname="Firefox_80_0_(Mac_OS_10_14).# Test vtkLine static::intersection&#xA;"/>
  <testcase name="# Test vtkLine static::intersection&#xA; Points on line" time="0.581" classname="Firefox_80_0_(Mac_OS_10_14).# Test vtkLine static::intersection&#xA;"/>
  <testcase name="# Test vtkLine static::intersection&#xA; Points on line" time="0.582" classname="Firefox_80_0_(Mac_OS_10_14).# Test vtkLine static::intersection&#xA;"/>
  <testcase name="# Test vtkLine static::intersection&#xA; Intersection" time="0.582" classname="Firefox_80_0_(Mac_OS_10_14).# Test vtkLine static::intersection&#xA;"/>
  <testcase name="# Test vtkLine static::intersection&#xA; should be strictly equal" time="0.582" classname="Firefox_80_0_(Mac_OS_10_14).# Test vtkLine static::intersection&#xA;"/>
  <testcase name="# Test vtkLine static::intersection&#xA; should be strictly equal" time="0.582" classname="Firefox_80_0_(Mac_OS_10_14).# Test vtkLine static::intersection&#xA;"/>
  <testcase name="# Test vtkLine static::intersection&#xA; No intersection" time="0.582" classname="Firefox_80_0_(Mac_OS_10_14).# Test vtkLine static::intersection&#xA;"/>
  <testcase name="# Test vtkLine static::distanceToLine&#xA; Invalid line" time="0.583" classname="Firefox_80_0_(Mac_OS_10_14).# Test vtkLine static::distanceToLine&#xA;"/>
  <testcase name="# Test vtkLine static::distanceToLine&#xA; should be strictly equal" time="0.583" classname="Firefox_80_0_(Mac_OS_10_14).# Test vtkLine static::distanceToLine&#xA;"/>
  <testcase name="# Test vtkLine static::distanceToLine&#xA; should be deeply equivalent" time="0.583" classname="Firefox_80_0_(Mac_OS_10_14).# Test vtkLine static::distanceToLine&#xA;"/>
  <testcase name="# Test vtkLine static::distanceToLine&#xA; On line" time="0.583" classname="Firefox_80_0_(Mac_OS_10_14).# Test vtkLine static::distanceToLine&#xA;"/>
  <testcase name="# Test vtkLine static::distanceToLine&#xA; should be strictly equal" time="0.583" classname="Firefox_80_0_(Mac_OS_10_14).# Test vtkLine static::distanceToLine&#xA;"/>
  <testcase name="# Test vtkLine static::distanceToLine&#xA; should be deeply equivalent" time="0.583" classname="Firefox_80_0_(Mac_OS_10_14).# Test vtkLine static::distanceToLine&#xA;"/>
  <testcase name="# Test vtkLine static::distanceToLine&#xA; should be strictly equal" time="0.583" classname="Firefox_80_0_(Mac_OS_10_14).# Test vtkLine static::distanceToLine&#xA;"/>
  <testcase name="# Test vtkLine static::distanceToLine&#xA; should be strictly equal" time="0.583" classname="Firefox_80_0_(Mac_OS_10_14).# Test vtkLine static::distanceToLine&#xA;"/>
  <testcase name="# Test vtkLine static::distanceToLine&#xA; should be deeply equivalent" time="0.583" classname="Firefox_80_0_(Mac_OS_10_14).# Test vtkLine static::distanceToLine&#xA;"/>
  <testcase name="# Test vtkLine static::distanceToLine&#xA; should be strictly equal" time="0.584" classname="Firefox_80_0_(Mac_OS_10_14).# Test vtkLine static::distanceToLine&#xA;"/>
  <testcase name="# Test vtkLine static::distanceToLine&#xA; should be strictly equal" time="0.584" classname="Firefox_80_0_(Mac_OS_10_14).# Test vtkLine static::distanceToLine&#xA;"/>
  <testcase name="# Test vtkLine static::distanceToLine&#xA; should be deeply equivalent" time="0.584" classname="Firefox_80_0_(Mac_OS_10_14).# Test vtkLine static::distanceToLine&#xA;"/>
  <testcase name="# Test vtkLine static::distanceToLine&#xA; should be strictly equal" time="0.584" classname="Firefox_80_0_(Mac_OS_10_14).# Test vtkLine static::distanceToLine&#xA;"/>
  <testcase name="# Test vtkLine static::distanceToLine&#xA; should be strictly equal" time="0.584" classname="Firefox_80_0_(Mac_OS_10_14).# Test vtkLine static::distanceToLine&#xA;"/>
  <testcase name="# Test vtkLine static::distanceToLine&#xA; should be deeply equivalent" time="0.585" classname="Firefox_80_0_(Mac_OS_10_14).# Test vtkLine static::distanceToLine&#xA;"/>
  <testcase name="# Test vtkLine intersectWithLine&#xA; should be strictly equal" time="0.585" classname="Firefox_80_0_(Mac_OS_10_14).# Test vtkLine intersectWithLine&#xA;"/>
  <testcase name="# Test vtkLine intersectWithLine&#xA; should be deeply equivalent" time="0.585" classname="Firefox_80_0_(Mac_OS_10_14).# Test vtkLine intersectWithLine&#xA;"/>
  <testcase name="# Test vtkLine intersectWithLine&#xA; should be strictly equal" time="0.585" classname="Firefox_80_0_(Mac_OS_10_14).# Test vtkLine intersectWithLine&#xA;"/>
  <testcase name="# Test vtkLine intersectWithLine&#xA; should be strictly equal" time="0.586" classname="Firefox_80_0_(Mac_OS_10_14).# Test vtkLine intersectWithLine&#xA;"/>
  <testcase name="# Test vtkLine intersectWithLine&#xA; should be deeply equivalent" time="0.586" classname="Firefox_80_0_(Mac_OS_10_14).# Test vtkLine intersectWithLine&#xA;"/>
  <testcase name="# Test vtkLine intersectWithLine&#xA; should be strictly equal" time="0.586" classname="Firefox_80_0_(Mac_OS_10_14).# Test vtkLine intersectWithLine&#xA;"/>
  <testcase name="# Test vtkLine intersectWithLine&#xA; should be strictly equal" time="0.586" classname="Firefox_80_0_(Mac_OS_10_14).# Test vtkLine intersectWithLine&#xA;"/>
  <testcase name="# Test vtkPlane instance&#xA; Make sure the class definition exists" time="0.586" classname="Firefox_80_0_(Mac_OS_10_14).# Test vtkPlane instance&#xA;"/>
  <testcase name="# Test vtkPlane instance&#xA; should be truthy" time="0.586" classname="Firefox_80_0_(Mac_OS_10_14).# Test vtkPlane instance&#xA;"/>
  <testcase name="# Test vtkPlane projectVector&#xA; should be strictly equal" time="0.586" classname="Firefox_80_0_(Mac_OS_10_14).# Test vtkPlane projectVector&#xA;"/>
  <testcase name="# Test vtkPlane projectVector&#xA; should be strictly equal" time="0.586" classname="Firefox_80_0_(Mac_OS_10_14).# Test vtkPlane projectVector&#xA;"/>
  <testcase name="# Test vtkPlane projectVector&#xA; should be strictly equal" time="0.587" classname="Firefox_80_0_(Mac_OS_10_14).# Test vtkPlane projectVector&#xA;"/>
  <testcase name="# Test vtkPlane projectVector&#xA; should be strictly equal" time="0.588" classname="Firefox_80_0_(Mac_OS_10_14).# Test vtkPlane projectVector&#xA;"/>
  <testcase name="# Test vtkPlane projectVector&#xA; should be strictly equal" time="0.588" classname="Firefox_80_0_(Mac_OS_10_14).# Test vtkPlane projectVector&#xA;"/>
  <testcase name="# Test vtkPlane projectVector&#xA; should be strictly equal" time="0.588" classname="Firefox_80_0_(Mac_OS_10_14).# Test vtkPlane projectVector&#xA;"/>
  <testcase name="# Test vtkPlane projectVector&#xA; should be strictly equal" time="0.588" classname="Firefox_80_0_(Mac_OS_10_14).# Test vtkPlane projectVector&#xA;"/>
  <testcase name="# Test vtkPlane projectVector&#xA; should be strictly equal" time="0.588" classname="Firefox_80_0_(Mac_OS_10_14).# Test vtkPlane projectVector&#xA;"/>
  <testcase name="# Test vtkPlane projectVector&#xA; should be strictly equal" time="0.588" classname="Firefox_80_0_(Mac_OS_10_14).# Test vtkPlane projectVector&#xA;"/>
  <testcase name="# Test vtkPlane projectPoint&#xA; should be strictly equal" time="0.588" classname="Firefox_80_0_(Mac_OS_10_14).# Test vtkPlane projectPoint&#xA;"/>
  <testcase name="# Test vtkPlane projectPoint&#xA; should be strictly equal" time="0.588" classname="Firefox_80_0_(Mac_OS_10_14).# Test vtkPlane projectPoint&#xA;"/>
  <testcase name="# Test vtkPlane projectPoint&#xA; should be strictly equal" time="0.588" classname="Firefox_80_0_(Mac_OS_10_14).# Test vtkPlane projectPoint&#xA;"/>
  <testcase name="# Test vtkPlane DistanceToPlane&#xA; should be strictly equal" time="0.589" classname="Firefox_80_0_(Mac_OS_10_14).# Test vtkPlane DistanceToPlane&#xA;"/>
  <testcase name="# Test vtkPlane DistanceToPlane&#xA; should be strictly equal" time="0.589" classname="Firefox_80_0_(Mac_OS_10_14).# Test vtkPlane DistanceToPlane&#xA;"/>
  <testcase name="# Test vtkPlane Push&#xA; should be strictly equal" time="0.589" classname="Firefox_80_0_(Mac_OS_10_14).# Test vtkPlane Push&#xA;"/>
  <testcase name="# Test vtkPlane Push&#xA; should be strictly equal" time="0.589" classname="Firefox_80_0_(Mac_OS_10_14).# Test vtkPlane Push&#xA;"/>
  <testcase name="# Test vtkPlane Push&#xA; should be strictly equal" time="0.589" classname="Firefox_80_0_(Mac_OS_10_14).# Test vtkPlane Push&#xA;"/>
  <testcase name="# Test vtkPlane intersectWithLine&#xA; should be strictly equal" time="0.589" classname="Firefox_80_0_(Mac_OS_10_14).# Test vtkPlane intersectWithLine&#xA;"/>
  <testcase name="# Test vtkPlane intersectWithLine&#xA; should be strictly equal" time="0.589" classname="Firefox_80_0_(Mac_OS_10_14).# Test vtkPlane intersectWithLine&#xA;"/>
  <testcase name="# Test vtkPlane intersectWithLine&#xA; should be strictly equal" time="0.589" classname="Firefox_80_0_(Mac_OS_10_14).# Test vtkPlane intersectWithLine&#xA;"/>
  <testcase name="# Test vtkPlane intersectWithLine&#xA; should be strictly equal" time="0.589" classname="Firefox_80_0_(Mac_OS_10_14).# Test vtkPlane intersectWithLine&#xA;"/>
  <testcase name="# Test vtkPlane intersectWithLine&#xA; should be strictly equal" time="0.589" classname="Firefox_80_0_(Mac_OS_10_14).# Test vtkPlane intersectWithLine&#xA;"/>
  <testcase name="# Test vtkPlane intersectWithLine&#xA; should be strictly equal" time="0.59" classname="Firefox_80_0_(Mac_OS_10_14).# Test vtkPlane intersectWithLine&#xA;"/>
  <testcase name="# Test vtkPlane intersectWithLine&#xA; should be strictly equal" time="0.59" classname="Firefox_80_0_(Mac_OS_10_14).# Test vtkPlane intersectWithLine&#xA;"/>
  <testcase name="# Test vtkPlane intersectWithLine&#xA; should be strictly equal" time="0.59" classname="Firefox_80_0_(Mac_OS_10_14).# Test vtkPlane intersectWithLine&#xA;"/>
  <testcase name="# Test vtkPlane intersectWithLine&#xA; should be strictly equal" time="0.591" classname="Firefox_80_0_(Mac_OS_10_14).# Test vtkPlane intersectWithLine&#xA;"/>
  <testcase name="# Test vtkPlane intersectWithLine&#xA; should be strictly equal" time="0.591" classname="Firefox_80_0_(Mac_OS_10_14).# Test vtkPlane intersectWithLine&#xA;"/>
  <testcase name="# Test vtkPlane intersectWithLine&#xA; should be strictly equal" time="0.591" classname="Firefox_80_0_(Mac_OS_10_14).# Test vtkPlane intersectWithLine&#xA;"/>
  <testcase name="# Test vtkPlane intersectWithLine&#xA; should be strictly equal" time="0.591" classname="Firefox_80_0_(Mac_OS_10_14).# Test vtkPlane intersectWithLine&#xA;"/>
  <testcase name="# Test vtkPlane intersectWithLine&#xA; should be strictly equal" time="0.591" classname="Firefox_80_0_(Mac_OS_10_14).# Test vtkPlane intersectWithLine&#xA;"/>
  <testcase name="# Test vtkPlane intersectWithLine&#xA; should be strictly equal" time="0.591" classname="Firefox_80_0_(Mac_OS_10_14).# Test vtkPlane intersectWithLine&#xA;"/>
  <testcase name="# Test vtkPlane intersectWithLine&#xA; should be strictly equal" time="0.591" classname="Firefox_80_0_(Mac_OS_10_14).# Test vtkPlane intersectWithLine&#xA;"/>
  <testcase name="# Test vtkPlane intersectWithLine&#xA; should be strictly equal" time="0.591" classname="Firefox_80_0_(Mac_OS_10_14).# Test vtkPlane intersectWithLine&#xA;"/>
  <testcase name="# Test vtkPlane intersectWithLine&#xA; should be strictly equal" time="0.591" classname="Firefox_80_0_(Mac_OS_10_14).# Test vtkPlane intersectWithLine&#xA;"/>
  <testcase name="# Test vtkPlane intersectWithPlane&#xA; should be strictly equal" time="0.592" classname="Firefox_80_0_(Mac_OS_10_14).# Test vtkPlane intersectWithPlane&#xA;"/>
  <testcase name="# Test vtkPlane intersectWithPlane&#xA; should be strictly equal" time="0.592" classname="Firefox_80_0_(Mac_OS_10_14).# Test vtkPlane intersectWithPlane&#xA;"/>
  <testcase name="# Test vtkPlane intersectWithPlane&#xA; should be strictly equal" time="0.592" classname="Firefox_80_0_(Mac_OS_10_14).# Test vtkPlane intersectWithPlane&#xA;"/>
  <testcase name="# Test vtkPlane intersectWithPlane&#xA; should be strictly equal" time="0.592" classname="Firefox_80_0_(Mac_OS_10_14).# Test vtkPlane intersectWithPlane&#xA;"/>
  <testcase name="# Test vtkPlane intersectWithPlane&#xA; should be strictly equal" time="0.593" classname="Firefox_80_0_(Mac_OS_10_14).# Test vtkPlane intersectWithPlane&#xA;"/>
  <testcase name="# Test vtkPlane intersectWithPlane&#xA; should be strictly equal" time="0.593" classname="Firefox_80_0_(Mac_OS_10_14).# Test vtkPlane intersectWithPlane&#xA;"/>
  <testcase name="# Test vtkPlane intersectWithPlane&#xA; should be strictly equal" time="0.593" classname="Firefox_80_0_(Mac_OS_10_14).# Test vtkPlane intersectWithPlane&#xA;"/>
  <testcase name="# Test vtkPlane intersectWithPlane&#xA; should be strictly equal" time="0.593" classname="Firefox_80_0_(Mac_OS_10_14).# Test vtkPlane intersectWithPlane&#xA;"/>
  <testcase name="# Test vtkPlane intersectWithPlane&#xA; should be strictly equal" time="0.593" classname="Firefox_80_0_(Mac_OS_10_14).# Test vtkPlane intersectWithPlane&#xA;"/>
  <testcase name="# Test vtkPlane intersectWithPlane&#xA; should be strictly equal" time="0.593" classname="Firefox_80_0_(Mac_OS_10_14).# Test vtkPlane intersectWithPlane&#xA;"/>
  <testcase name="# Test vtkPlane intersectWithPlane&#xA; should be strictly equal" time="0.593" classname="Firefox_80_0_(Mac_OS_10_14).# Test vtkPlane intersectWithPlane&#xA;"/>
  <testcase name="# Test vtkPlane intersectWithPlane&#xA; should be strictly equal" time="0.593" classname="Firefox_80_0_(Mac_OS_10_14).# Test vtkPlane intersectWithPlane&#xA;"/>
  <testcase name="# Test vtkPlane intersectWithPlane&#xA; should be strictly equal" time="0.593" classname="Firefox_80_0_(Mac_OS_10_14).# Test vtkPlane intersectWithPlane&#xA;"/>
  <testcase name="# Test vtkPlane intersectWithPlane&#xA; should be strictly equal" time="0.593" classname="Firefox_80_0_(Mac_OS_10_14).# Test vtkPlane intersectWithPlane&#xA;"/>
  <testcase name="# Test vtkPlane intersectWithPlane&#xA; should be strictly equal" time="0.593" classname="Firefox_80_0_(Mac_OS_10_14).# Test vtkPlane intersectWithPlane&#xA;"/>
  <testcase name="# Test vtkPlane evaluateFunction&#xA; should be strictly equal" time="0.593" classname="Firefox_80_0_(Mac_OS_10_14).# Test vtkPlane evaluateFunction&#xA;"/>
  <testcase name="# Test vtkPlane evaluateFunction&#xA; should be strictly equal" time="0.593" classname="Firefox_80_0_(Mac_OS_10_14).# Test vtkPlane evaluateFunction&#xA;"/>
  <testcase name="# Test vtkPlane evaluateFunction&#xA; should be strictly equal" time="0.593" classname="Firefox_80_0_(Mac_OS_10_14).# Test vtkPlane evaluateFunction&#xA;"/>
  <testcase name="# Test vtkPolyData instance&#xA; Make sure the class definition exists" time="0.594" classname="Firefox_80_0_(Mac_OS_10_14).# Test vtkPolyData instance&#xA;"/>
  <testcase name="# Test vtkPolyData instance&#xA; should be truthy" time="0.6" classname="Firefox_80_0_(Mac_OS_10_14).# Test vtkPolyData instance&#xA;"/>
  <testcase name="# Test vtkPolyData cells&#xA; Line cell should be made of the number of points plus 1" time="0.601" classname="Firefox_80_0_(Mac_OS_10_14).# Test vtkPolyData cells&#xA;"/>
  <testcase name="# Test vtkPolyData cells&#xA; Triangle cells should be made of 3 points" time="0.608" classname="Firefox_80_0_(Mac_OS_10_14).# Test vtkPolyData cells&#xA;"/>
  <testcase name="# Test vtkPolyData cells&#xA; should be deeply equivalent" time="0.608" classname="Firefox_80_0_(Mac_OS_10_14).# Test vtkPolyData cells&#xA;"/>
  <testcase name="# Test vtkTriangle instance&#xA; Make sure the class definition exists" time="0.608" classname="Firefox_80_0_(Mac_OS_10_14).# Test vtkTriangle instance&#xA;"/>
  <testcase name="# Test vtkTriangle instance&#xA; should be truthy" time="0.608" classname="Firefox_80_0_(Mac_OS_10_14).# Test vtkTriangle instance&#xA;"/>
  <testcase name="# Test vtkTriangle static::computeNormalDirection&#xA; should be deeply equivalent" time="0.608" classname="Firefox_80_0_(Mac_OS_10_14).# Test vtkTriangle static::computeNormalDirection&#xA;"/>
  <testcase name="# Test vtkTriangle static::computeNormalDirection&#xA; should be deeply equivalent" time="0.61" classname="Firefox_80_0_(Mac_OS_10_14).# Test vtkTriangle static::computeNormalDirection&#xA;"/>
  <testcase name="# Test vtkTriangle static::computeNormalDirection&#xA; should be deeply equivalent" time="0.61" classname="Firefox_80_0_(Mac_OS_10_14).# Test vtkTriangle static::computeNormalDirection&#xA;"/>
  <testcase name="# Test vtkTriangle static::computeNormal&#xA; should be deeply equivalent" time="0.61" classname="Firefox_80_0_(Mac_OS_10_14).# Test vtkTriangle static::computeNormal&#xA;"/>
  <testcase name="# Test vtkTriangle static::computeNormal&#xA; should be deeply equivalent" time="0.61" classname="Firefox_80_0_(Mac_OS_10_14).# Test vtkTriangle static::computeNormal&#xA;"/>
  <testcase name="# Test vtkTriangle static::computeNormal&#xA; should be deeply equivalent" time="0.611" classname="Firefox_80_0_(Mac_OS_10_14).# Test vtkTriangle static::computeNormal&#xA;"/>
  <testcase name="# Test vtkTriangle intersectWithLine&#xA; should be strictly equal" time="0.611" classname="Firefox_80_0_(Mac_OS_10_14).# Test vtkTriangle intersectWithLine&#xA;"/>
  <testcase name="# Test vtkTriangle intersectWithLine&#xA; should be strictly equal" time="0.612" classname="Firefox_80_0_(Mac_OS_10_14).# Test vtkTriangle intersectWithLine&#xA;"/>
  <testcase name="# Test vtkTriangle intersectWithLine&#xA; should be strictly equal" time="0.613" classname="Firefox_80_0_(Mac_OS_10_14).# Test vtkTriangle intersectWithLine&#xA;"/>
  <testcase name="# Test vtkTriangle intersectWithLine&#xA; should be deeply equivalent" time="0.613" classname="Firefox_80_0_(Mac_OS_10_14).# Test vtkTriangle intersectWithLine&#xA;"/>
  <testcase name="# Test vtkTriangle intersectWithLine&#xA; should be deeply equivalent" time="0.613" classname="Firefox_80_0_(Mac_OS_10_14).# Test vtkTriangle intersectWithLine&#xA;"/>
  <testcase name="# Test vtkTriangle intersectWithLine&#xA; should be strictly equal" time="0.613" classname="Firefox_80_0_(Mac_OS_10_14).# Test vtkTriangle intersectWithLine&#xA;"/>
  <testcase name="# Test vtkTriangle intersectWithLine&#xA; should be strictly equal" time="0.613" classname="Firefox_80_0_(Mac_OS_10_14).# Test vtkTriangle intersectWithLine&#xA;"/>
  <testcase name="# Test vtkTriangle intersectWithLine&#xA; should be deeply equivalent" time="0.613" classname="Firefox_80_0_(Mac_OS_10_14).# Test vtkTriangle intersectWithLine&#xA;"/>
  <testcase name="# Test vtkTriangle intersectWithLine&#xA; should be deeply equivalent" time="0.613" classname="Firefox_80_0_(Mac_OS_10_14).# Test vtkTriangle intersectWithLine&#xA;"/>
  <testcase name="# Test vtkTriangle intersectWithLine&#xA; should be strictly equal" time="0.614" classname="Firefox_80_0_(Mac_OS_10_14).# Test vtkTriangle intersectWithLine&#xA;"/>
  <testcase name="# Test vtkTriangle intersectWithLine&#xA; should be strictly equal" time="0.614" classname="Firefox_80_0_(Mac_OS_10_14).# Test vtkTriangle intersectWithLine&#xA;"/>
  <testcase name="# Test vtkTriangle intersectWithLine&#xA; should be strictly equal" time="0.614" classname="Firefox_80_0_(Mac_OS_10_14).# Test vtkTriangle intersectWithLine&#xA;"/>
  <testcase name="# Test vtkTriangle intersectWithLine&#xA; should be strictly equal" time="0.614" classname="Firefox_80_0_(Mac_OS_10_14).# Test vtkTriangle intersectWithLine&#xA;"/>
  <testcase name="# Test vtkTriangle intersectWithLine&#xA; should be deeply equivalent" time="0.615" classname="Firefox_80_0_(Mac_OS_10_14).# Test vtkTriangle intersectWithLine&#xA;"/>
  <testcase name="# Test vtkTriangle evaluatePosition&#xA; should be strictly equal" time="0.615" classname="Firefox_80_0_(Mac_OS_10_14).# Test vtkTriangle evaluatePosition&#xA;"/>
  <testcase name="# Test vtkTriangle evaluatePosition&#xA; should be strictly equal" time="0.615" classname="Firefox_80_0_(Mac_OS_10_14).# Test vtkTriangle evaluatePosition&#xA;"/>
  <testcase name="# Test vtkTriangle evaluatePosition&#xA; should be deeply equivalent" time="0.615" classname="Firefox_80_0_(Mac_OS_10_14).# Test vtkTriangle evaluatePosition&#xA;"/>
  <testcase name="# Test vtkTriangle evaluatePosition&#xA; should be deeply equivalent" time="0.615" classname="Firefox_80_0_(Mac_OS_10_14).# Test vtkTriangle evaluatePosition&#xA;"/>
  <testcase name="# Test vtkTriangle evaluatePosition&#xA; should be strictly equal" time="0.616" classname="Firefox_80_0_(Mac_OS_10_14).# Test vtkTriangle evaluatePosition&#xA;"/>
  <testcase name="# Test vtkTriangle evaluatePosition&#xA; should be strictly equal" time="0.616" classname="Firefox_80_0_(Mac_OS_10_14).# Test vtkTriangle evaluatePosition&#xA;"/>
  <testcase name="# Test vtkTriangle evaluatePosition&#xA; should be deeply equivalent" time="0.616" classname="Firefox_80_0_(Mac_OS_10_14).# Test vtkTriangle evaluatePosition&#xA;"/>
  <testcase name="# Test vtkTriangle evaluatePosition&#xA; should be deeply equivalent" time="0.616" classname="Firefox_80_0_(Mac_OS_10_14).# Test vtkTriangle evaluatePosition&#xA;"/>
  <testcase name="# Test vtkTriangle evaluatePosition&#xA; should be strictly equal" time="0.616" classname="Firefox_80_0_(Mac_OS_10_14).# Test vtkTriangle evaluatePosition&#xA;"/>
  <testcase name="# Test vtkTriangle evaluatePosition&#xA; should be strictly equal" time="0.616" classname="Firefox_80_0_(Mac_OS_10_14).# Test vtkTriangle evaluatePosition&#xA;"/>
  <testcase name="# Test vtkTriangle evaluatePosition&#xA; should be deeply equivalent" time="0.617" classname="Firefox_80_0_(Mac_OS_10_14).# Test vtkTriangle evaluatePosition&#xA;"/>
  <testcase name="# Test vtkTriangle evaluatePosition&#xA; should be deeply equivalent" time="0.621" classname="Firefox_80_0_(Mac_OS_10_14).# Test vtkTriangle evaluatePosition&#xA;"/>
  <testcase name="# Test vtkCutter cutCube&#xA; should be strictly equal" time="0.621" classname="Firefox_80_0_(Mac_OS_10_14).# Test vtkCutter cutCube&#xA;"/>
  <testcase name="# Test vtkCutter cutCube&#xA; should be strictly equal" time="0.621" classname="Firefox_80_0_(Mac_OS_10_14).# Test vtkCutter cutCube&#xA;"/>
  <testcase name="# Test vtkCutter cutCube&#xA; should be strictly equal" time="0.622" classname="Firefox_80_0_(Mac_OS_10_14).# Test vtkCutter cutCube&#xA;"/>
  <testcase name="# Test vtkCutter cutCube&#xA; should be strictly equal" time="0.622" classname="Firefox_80_0_(Mac_OS_10_14).# Test vtkCutter cutCube&#xA;"/>
  <testcase name="# Test vtkCutter cutCube&#xA; should be strictly equal" time="0.622" classname="Firefox_80_0_(Mac_OS_10_14).# Test vtkCutter cutCube&#xA;"/>
  <testcase name="# Test vtkCutter cutCube&#xA; should be strictly equal" time="0.622" classname="Firefox_80_0_(Mac_OS_10_14).# Test vtkCutter cutCube&#xA;"/>
  <testcase name="# Test vtkAppendPolyData instance&#xA; Make sure the class definition exists." time="0.623" classname="Firefox_80_0_(Mac_OS_10_14).# Test vtkAppendPolyData instance&#xA;"/>
  <testcase name="# Test vtkAppendPolyData instance&#xA; Make sure an instance can be created." time="0.627" classname="Firefox_80_0_(Mac_OS_10_14).# Test vtkAppendPolyData instance&#xA;"/>
  <testcase name="# Test vtkAppendPolyData execution&#xA; Make sure the number of points is correct." time="0.627" classname="Firefox_80_0_(Mac_OS_10_14).# Test vtkAppendPolyData execution&#xA;"/>
  <testcase name="# Test vtkAppendPolyData execution&#xA; Make sure the output data type is correct." time="0.627" classname="Firefox_80_0_(Mac_OS_10_14).# Test vtkAppendPolyData execution&#xA;"/>
  <testcase name="# Test vtkAppendPolyData execution&#xA; Make sure the number of polys is correct." time="0.627" classname="Firefox_80_0_(Mac_OS_10_14).# Test vtkAppendPolyData execution&#xA;"/>
  <testcase name="# Test vtkAppendPolyData rendering&#xA; vtkAppendPolyData Rendering" time="0.725" classname="Firefox_80_0_(Mac_OS_10_14).# Test vtkAppendPolyData rendering&#xA;"/>
  <testcase name="# Test vtkAppendPolyData rendering&#xA; Matching image - delta 0.00%" time="0.725" classname="Firefox_80_0_(Mac_OS_10_14).# Test vtkAppendPolyData rendering&#xA;"/>
  <testcase name="# Test vtkAppendPolyData rendering&#xA; Image match resolution" time="0.727" classname="Firefox_80_0_(Mac_OS_10_14).# Test vtkAppendPolyData rendering&#xA;"/>
  <testcase name="# Test vtkCalculator instance&#xA; Make sure the class definition exists." time="0.727" classname="Firefox_80_0_(Mac_OS_10_14).# Test vtkCalculator instance&#xA;"/>
  <testcase name="# Test vtkCalculator instance&#xA; Make sure an instance can be created." time="0.732" classname="Firefox_80_0_(Mac_OS_10_14).# Test vtkCalculator instance&#xA;"/>
  <testcase name="# Test vtkCalculator execution&#xA; Output dataset exists" time="0.732" classname="Firefox_80_0_(Mac_OS_10_14).# Test vtkCalculator execution&#xA;"/>
  <testcase name="# Test vtkCalculator execution&#xA; The output dataset should be a vtkPolydata" time="0.732" classname="Firefox_80_0_(Mac_OS_10_14).# Test vtkCalculator execution&#xA;"/>
  <testcase name="# Test vtkCalculator execution&#xA; The number of points did not change between input 66 and output 66" time="0.732" classname="Firefox_80_0_(Mac_OS_10_14).# Test vtkCalculator execution&#xA;"/>
  <testcase name="# Test vtkCalculator execution&#xA; Output point-scalars array exists." time="0.732" classname="Firefox_80_0_(Mac_OS_10_14).# Test vtkCalculator execution&#xA;"/>
  <testcase name="# Test vtkCalculator execution&#xA; Output point-scalars is &quot;sine wave&quot;." time="0.732" classname="Firefox_80_0_(Mac_OS_10_14).# Test vtkCalculator execution&#xA;"/>
  <testcase name="# Test vtkCalculator execution&#xA; Output field-data array exists." time="0.732" classname="Firefox_80_0_(Mac_OS_10_14).# Test vtkCalculator execution&#xA;"/>
  <testcase name="# Test vtkCalculator execution&#xA; The uniform result variable should be 22.55; got 22.549999237060547." time="0.733" classname="Firefox_80_0_(Mac_OS_10_14).# Test vtkCalculator execution&#xA;"/>
  <testcase name="# Test vtkImageStreamline instance&#xA; Make sure the class definition exist" time="0.733" classname="Firefox_80_0_(Mac_OS_10_14).# Test vtkImageStreamline instance&#xA;"/>
  <testcase name="# Test vtkImageStreamline instance&#xA; Make sure the instance exist" time="0.733" classname="Firefox_80_0_(Mac_OS_10_14).# Test vtkImageStreamline instance&#xA;"/>
  <testcase name="# Test vtkImageStreamline instance&#xA; Default integrationStep should be 1" time="0.733" classname="Firefox_80_0_(Mac_OS_10_14).# Test vtkImageStreamline instance&#xA;"/>
  <testcase name="# Test vtkImageStreamline instance&#xA; Default MaximumNumberOfSteps should be 1000" time="0.733" classname="Firefox_80_0_(Mac_OS_10_14).# Test vtkImageStreamline instance&#xA;"/>
  <testcase name="# Test vtkImageStreamline instance&#xA; Updated value of integrationStep should be 0.1" time="0.808" classname="Firefox_80_0_(Mac_OS_10_14).# Test vtkImageStreamline instance&#xA;"/>
  <testcase name="# Test vtkImageStreamline execution&#xA; Output dataset exist" time="0.808" classname="Firefox_80_0_(Mac_OS_10_14).# Test vtkImageStreamline execution&#xA;"/>
  <testcase name="# Test vtkImageStreamline execution&#xA; The output dataset should be a vtkPolydata" time="0.808" classname="Firefox_80_0_(Mac_OS_10_14).# Test vtkImageStreamline execution&#xA;"/>
  <testcase name="# Test vtkImageStreamline execution&#xA; The number of points should be 2228" time="0.808" classname="Firefox_80_0_(Mac_OS_10_14).# Test vtkImageStreamline execution&#xA;"/>
  <testcase name="# Test MultipleBonds&#xA; should be truthy" time="0.926" classname="Firefox_80_0_(Mac_OS_10_14).# Test MultipleBonds&#xA;"/>
  <testcase name="# Test MultipleBonds&#xA; Matching image - delta 0.00%" time="0.926" classname="Firefox_80_0_(Mac_OS_10_14).# Test MultipleBonds&#xA;"/>
  <testcase name="# Test MultipleBonds&#xA; Image match resolution" time="0.929" classname="Firefox_80_0_(Mac_OS_10_14).# Test MultipleBonds&#xA;"/>
  <testcase name="# Test vtkTubeFilter instance&#xA; Make sure the class definition exists." time="0.93" classname="Firefox_80_0_(Mac_OS_10_14).# Test vtkTubeFilter instance&#xA;"/>
  <testcase name="# Test vtkTubeFilter instance&#xA; Make sure an instance can be created." time="0.936" classname="Firefox_80_0_(Mac_OS_10_14).# Test vtkTubeFilter instance&#xA;"/>
  <testcase name="# Test vtkTubeFilter execution&#xA; Make sure the output data type is double." time="0.936" classname="Firefox_80_0_(Mac_OS_10_14).# Test vtkTubeFilter execution&#xA;"/>
  <testcase name="# Test vtkTubeFilter execution&#xA; Make sure the output number of points is correct without capping." time="0.936" classname="Firefox_80_0_(Mac_OS_10_14).# Test vtkTubeFilter execution&#xA;"/>
  <testcase name="# Test vtkTubeFilter execution&#xA; Make sure the output number of normals is correct without capping." time="0.938" classname="Firefox_80_0_(Mac_OS_10_14).# Test vtkTubeFilter execution&#xA;"/>
  <testcase name="# Test vtkTubeFilter execution&#xA; Make sure the output data type is float." time="0.938" classname="Firefox_80_0_(Mac_OS_10_14).# Test vtkTubeFilter execution&#xA;"/>
  <testcase name="# Test vtkTubeFilter execution&#xA; Make sure the output number of points is correct with capping." time="0.939" classname="Firefox_80_0_(Mac_OS_10_14).# Test vtkTubeFilter execution&#xA;"/>
  <testcase name="# Test vtkTubeFilter execution&#xA; Make sure the output number of normals is correct with capping." time="0.939" classname="Firefox_80_0_(Mac_OS_10_14).# Test vtkTubeFilter execution&#xA;"/>
  <testcase name="# Test vtkTubeFilter rendering&#xA; vtkTubeFilter Rendering" time="1.105" classname="Firefox_80_0_(Mac_OS_10_14).# Test vtkTubeFilter rendering&#xA;"/>
  <testcase name="# Test vtkTubeFilter rendering&#xA; Matching image - delta 0.00%" time="1.107" classname="Firefox_80_0_(Mac_OS_10_14).# Test vtkTubeFilter rendering&#xA;"/>
  <testcase name="# Test vtkTubeFilter rendering&#xA; Image match resolution" time="1.112" classname="Firefox_80_0_(Mac_OS_10_14).# Test vtkTubeFilter rendering&#xA;"/>
  <testcase name="# Test vtkTubeFilter colorMapping&#xA; Make sure the output number of points is correct without capping." time="1.112" classname="Firefox_80_0_(Mac_OS_10_14).# Test vtkTubeFilter colorMapping&#xA;"/>
  <testcase name="# Test vtkTubeFilter colorMapping&#xA; Make sure the length of the radius array is correct." time="1.113" classname="Firefox_80_0_(Mac_OS_10_14).# Test vtkTubeFilter colorMapping&#xA;"/>
  <testcase name="# Test vtkTubeFilter colorMapping&#xA; Make sure the length of the color array is correct." time="1.113" classname="Firefox_80_0_(Mac_OS_10_14).# Test vtkTubeFilter colorMapping&#xA;"/>
  <testcase name="# Test vtkTubeFilter colorMapping&#xA; Make sure the array name to color by is correct." time="1.113" classname="Firefox_80_0_(Mac_OS_10_14).# Test vtkTubeFilter colorMapping&#xA;"/>
  <testcase name="# Test vtkTubeFilter colorMapping&#xA; Make sure the scalar mode is correct." time="1.113" classname="Firefox_80_0_(Mac_OS_10_14).# Test vtkTubeFilter colorMapping&#xA;"/>
  <testcase name="# Test vtkTubeFilter colorMapping&#xA; Make sure the color mode is correct." time="1.193" classname="Firefox_80_0_(Mac_OS_10_14).# Test vtkTubeFilter colorMapping&#xA;"/>
  <testcase name="# Test vtkTubeFilter color map rendering&#xA; Matching image - delta 0.00%" time="1.193" classname="Firefox_80_0_(Mac_OS_10_14).# Test vtkTubeFilter color map rendering&#xA;"/>
  <testcase name="# Test vtkTubeFilter color map rendering&#xA; Image match resolution" time="1.195" classname="Firefox_80_0_(Mac_OS_10_14).# Test vtkTubeFilter color map rendering&#xA;"/>
  <testcase name="# Test vtkWarpScalar instance&#xA; Make sure the class definition exist" time="1.196" classname="Firefox_80_0_(Mac_OS_10_14).# Test vtkWarpScalar instance&#xA;"/>
  <testcase name="# Test vtkWarpScalar instance&#xA; Make sure the instance exist" time="1.196" classname="Firefox_80_0_(Mac_OS_10_14).# Test vtkWarpScalar instance&#xA;"/>
  <testcase name="# Test vtkWarpScalar instance&#xA; Default ScaleFactor should be 1" time="1.196" classname="Firefox_80_0_(Mac_OS_10_14).# Test vtkWarpScalar instance&#xA;"/>
  <testcase name="# Test vtkWarpScalar instance&#xA; Default UseNormal should be false" time="1.196" classname="Firefox_80_0_(Mac_OS_10_14).# Test vtkWarpScalar instance&#xA;"/>
  <testcase name="# Test vtkWarpScalar instance&#xA; Default xyPlane should be false" time="1.196" classname="Firefox_80_0_(Mac_OS_10_14).# Test vtkWarpScalar instance&#xA;"/>
  <testcase name="# Test vtkWarpScalar instance&#xA; Default normal should be [0, 0, 1]" time="1.196" classname="Firefox_80_0_(Mac_OS_10_14).# Test vtkWarpScalar instance&#xA;"/>
  <testcase name="# Test vtkWarpScalar instance&#xA; Updated value of ScaleFactor should be 2.5" time="1.199" classname="Firefox_80_0_(Mac_OS_10_14).# Test vtkWarpScalar instance&#xA;"/>
  <testcase name="# Test vtkWarpScalar execution&#xA; Output dataset exist" time="1.199" classname="Firefox_80_0_(Mac_OS_10_14).# Test vtkWarpScalar execution&#xA;"/>
  <testcase name="# Test vtkWarpScalar execution&#xA; The output dataset should be a vtkPolydata" time="1.199" classname="Firefox_80_0_(Mac_OS_10_14).# Test vtkWarpScalar execution&#xA;"/>
  <testcase name="# Test vtkWarpScalar execution&#xA; The number of points do not change between input 50 and output 50" time="1.2" classname="Firefox_80_0_(Mac_OS_10_14).# Test vtkWarpScalar execution&#xA;"/>
  <testcase name="# Test vtkConcentricCylinderSource Rendering&#xA; vtkConcentricCylinderSource Rendering" time="1.283" classname="Firefox_80_0_(Mac_OS_10_14).# Test vtkConcentricCylinderSource Rendering&#xA;"/>
  <testcase name="# Test vtkConcentricCylinderSource Rendering&#xA; Matching image - delta 0.00%" time="1.284" classname="Firefox_80_0_(Mac_OS_10_14).# Test vtkConcentricCylinderSource Rendering&#xA;"/>
  <testcase name="# Test vtkConcentricCylinderSource Rendering&#xA; Image match resolution" time="1.285" classname="Firefox_80_0_(Mac_OS_10_14).# Test vtkConcentricCylinderSource Rendering&#xA;"/>
  <testcase name="# Test vtkConeSource Rendering&#xA; vtkConeSource Rendering" time="1.363" classname="Firefox_80_0_(Mac_OS_10_14).# Test vtkConeSource Rendering&#xA;"/>
  <testcase name="# Test vtkConeSource Rendering&#xA; Matching image - delta 0.00%" time="1.364" classname="Firefox_80_0_(Mac_OS_10_14).# Test vtkConeSource Rendering&#xA;"/>
  <testcase name="# Test vtkConeSource Rendering&#xA; Image match resolution" time="1.365" classname="Firefox_80_0_(Mac_OS_10_14).# Test vtkConeSource Rendering&#xA;"/>
  <testcase name="# Test vtkCubeSource Rendering&#xA; vtkCubeSource Rendering" time="1.479" classname="Firefox_80_0_(Mac_OS_10_14).# Test vtkCubeSource Rendering&#xA;"/>
  <testcase name="# Test vtkCubeSource Rendering&#xA; Matching image - delta 0.69%" time="1.48" classname="Firefox_80_0_(Mac_OS_10_14).# Test vtkCubeSource Rendering&#xA;"/>
  <testcase name="# Test vtkCubeSource Rendering&#xA; Image match resolution" time="1.482" classname="Firefox_80_0_(Mac_OS_10_14).# Test vtkCubeSource Rendering&#xA;"/>
  <testcase name="# Test vtkCylinderSource Rendering&#xA; vtkCylinderSource Rendering" time="1.547" classname="Firefox_80_0_(Mac_OS_10_14).# Test vtkCylinderSource Rendering&#xA;"/>
  <testcase name="# Test vtkCylinderSource Rendering&#xA; Matching image - delta 0.00%" time="1.548" classname="Firefox_80_0_(Mac_OS_10_14).# Test vtkCylinderSource Rendering&#xA;"/>
  <testcase name="# Test vtkCylinderSource Rendering&#xA; Image match resolution" time="1.55" classname="Firefox_80_0_(Mac_OS_10_14).# Test vtkCylinderSource Rendering&#xA;"/>
  <testcase name="# Test vtkLineSource Rendering&#xA; vtkLineSource Rendering" time="1.627" classname="Firefox_80_0_(Mac_OS_10_14).# Test vtkLineSource Rendering&#xA;"/>
  <testcase name="# Test vtkLineSource Rendering&#xA; Matching image - delta 0.24%" time="1.628" classname="Firefox_80_0_(Mac_OS_10_14).# Test vtkLineSource Rendering&#xA;"/>
  <testcase name="# Test vtkLineSource Rendering&#xA; Image match resolution" time="1.629" classname="Firefox_80_0_(Mac_OS_10_14).# Test vtkLineSource Rendering&#xA;"/>
  <testcase name="# Test vtkPlaneSource Rendering&#xA; vtkPlaneSource Rendering" time="1.723" classname="Firefox_80_0_(Mac_OS_10_14).# Test vtkPlaneSource Rendering&#xA;"/>
  <testcase name="# Test vtkPlaneSource Rendering&#xA; Matching image - delta 0.00%" time="1.723" classname="Firefox_80_0_(Mac_OS_10_14).# Test vtkPlaneSource Rendering&#xA;"/>
  <testcase name="# Test vtkPlaneSource Rendering&#xA; Image match resolution" time="1.725" classname="Firefox_80_0_(Mac_OS_10_14).# Test vtkPlaneSource Rendering&#xA;"/>
  <testcase name="# Test vtkPointSource Rendering&#xA; vtkPointSource Rendering" time="1.799" classname="Firefox_80_0_(Mac_OS_10_14).# Test vtkPointSource Rendering&#xA;"/>
  <testcase name="# Test vtkPointSource Rendering&#xA; Matching image - delta 0.00%" time="1.799" classname="Firefox_80_0_(Mac_OS_10_14).# Test vtkPointSource Rendering&#xA;"/>
  <testcase name="# Test vtkPointSource Rendering&#xA; Image match resolution" time="1.801" classname="Firefox_80_0_(Mac_OS_10_14).# Test vtkPointSource Rendering&#xA;"/>
  <testcase name="# Test vtkTextureMapToPlane instance&#xA; Make sure the class definition exists" time="1.802" classname="Firefox_80_0_(Mac_OS_10_14).# Test vtkTextureMapToPlane instance&#xA;"/>
  <testcase name="# Test vtkTextureMapToPlane instance&#xA; should be truthy" time="1.804" classname="Firefox_80_0_(Mac_OS_10_14).# Test vtkTextureMapToPlane instance&#xA;"/>
  <testcase name="# Test vtkTextureMapToPlane TCoords generation&#xA; should be strictly equal" time="1.804" classname="Firefox_80_0_(Mac_OS_10_14).# Test vtkTextureMapToPlane TCoords generation&#xA;"/>
  <testcase name="# Test vtkTextureMapToPlane TCoords generation&#xA; should be strictly equal" time="1.804" classname="Firefox_80_0_(Mac_OS_10_14).# Test vtkTextureMapToPlane TCoords generation&#xA;"/>
  <testcase name="# Test vtkTextureMapToPlane TCoords generation&#xA; should be strictly equal" time="1.804" classname="Firefox_80_0_(Mac_OS_10_14).# Test vtkTextureMapToPlane TCoords generation&#xA;"/>
  <testcase name="# Test vtkTextureMapToPlane TCoords generation&#xA; should be strictly equal" time="1.804" classname="Firefox_80_0_(Mac_OS_10_14).# Test vtkTextureMapToPlane TCoords generation&#xA;"/>
  <testcase name="# Test vtkTextureMapToPlane TCoords generation&#xA; should be strictly equal" time="1.804" classname="Firefox_80_0_(Mac_OS_10_14).# Test vtkTextureMapToPlane TCoords generation&#xA;"/>
  <testcase name="# Test vtkTextureMapToPlane TCoords generation&#xA; should be strictly equal" time="1.804" classname="Firefox_80_0_(Mac_OS_10_14).# Test vtkTextureMapToPlane TCoords generation&#xA;"/>
  <testcase name="# Test vtkTextureMapToPlane TCoords generation&#xA; should be strictly equal" time="1.805" classname="Firefox_80_0_(Mac_OS_10_14).# Test vtkTextureMapToPlane TCoords generation&#xA;"/>
  <testcase name="# Test vtkTextureMapToPlane TCoords generation&#xA; should be strictly equal" time="1.805" classname="Firefox_80_0_(Mac_OS_10_14).# Test vtkTextureMapToPlane TCoords generation&#xA;"/>
  <testcase name="# Test vtkTextureMapToPlane TCoords generation&#xA; should be strictly equal" time="1.805" classname="Firefox_80_0_(Mac_OS_10_14).# Test vtkTextureMapToPlane TCoords generation&#xA;"/>
  <testcase name="# Test vtkTextureMapToPlane TCoords generation&#xA; should be strictly equal" time="1.805" classname="Firefox_80_0_(Mac_OS_10_14).# Test vtkTextureMapToPlane TCoords generation&#xA;"/>
  <testcase name="# Test vtkTextureMapToPlane TCoords generation&#xA; should be strictly equal" time="1.805" classname="Firefox_80_0_(Mac_OS_10_14).# Test vtkTextureMapToPlane TCoords generation&#xA;"/>
  <testcase name="# Test vtkTextureMapToPlane TCoords generation&#xA; should be strictly equal" time="1.805" classname="Firefox_80_0_(Mac_OS_10_14).# Test vtkTextureMapToPlane TCoords generation&#xA;"/>
  <testcase name="# Test vtkTextureMapToPlane TCoords generation&#xA; should be strictly equal" time="1.805" classname="Firefox_80_0_(Mac_OS_10_14).# Test vtkTextureMapToPlane TCoords generation&#xA;"/>
  <testcase name="# Test vtkTextureMapToPlane TCoords generation&#xA; should be strictly equal" time="1.805" classname="Firefox_80_0_(Mac_OS_10_14).# Test vtkTextureMapToPlane TCoords generation&#xA;"/>
  <testcase name="# Test vtkTextureMapToPlane TCoords generation&#xA; should be strictly equal" time="1.805" classname="Firefox_80_0_(Mac_OS_10_14).# Test vtkTextureMapToPlane TCoords generation&#xA;"/>
  <testcase name="# Test vtkTextureMapToPlane TCoords generation&#xA; should be strictly equal" time="1.805" classname="Firefox_80_0_(Mac_OS_10_14).# Test vtkTextureMapToPlane TCoords generation&#xA;"/>
  <testcase name="# Test vtkTextureMapToPlane TCoords generation&#xA; should be strictly equal" time="1.805" classname="Firefox_80_0_(Mac_OS_10_14).# Test vtkTextureMapToPlane TCoords generation&#xA;"/>
  <testcase name="# Test vtkTextureMapToPlane TCoords generation&#xA; should be strictly equal" time="1.805" classname="Firefox_80_0_(Mac_OS_10_14).# Test vtkTextureMapToPlane TCoords generation&#xA;"/>
  <testcase name="# Test vtkTextureMapToPlane TCoords generation&#xA; should be strictly equal" time="1.805" classname="Firefox_80_0_(Mac_OS_10_14).# Test vtkTextureMapToPlane TCoords generation&#xA;"/>
  <testcase name="# Test vtkTextureMapToPlane TCoords generation&#xA; should be strictly equal" time="1.805" classname="Firefox_80_0_(Mac_OS_10_14).# Test vtkTextureMapToPlane TCoords generation&#xA;"/>
  <testcase name="# Test vtkTextureMapToPlane TCoords generation&#xA; should be strictly equal" time="1.805" classname="Firefox_80_0_(Mac_OS_10_14).# Test vtkTextureMapToPlane TCoords generation&#xA;"/>
  <testcase name="# Test vtkTextureMapToPlane TCoords generation&#xA; should be strictly equal" time="1.806" classname="Firefox_80_0_(Mac_OS_10_14).# Test vtkTextureMapToPlane TCoords generation&#xA;"/>
  <testcase name="# Test vtkTextureMapToPlane TCoords generation&#xA; should be strictly equal" time="1.806" classname="Firefox_80_0_(Mac_OS_10_14).# Test vtkTextureMapToPlane TCoords generation&#xA;"/>
  <testcase name="# Test vtkTextureMapToPlane TCoords generation&#xA; should be strictly equal" time="1.806" classname="Firefox_80_0_(Mac_OS_10_14).# Test vtkTextureMapToPlane TCoords generation&#xA;"/>
  <testcase name="# Test vtkTextureMapToPlane TCoords generation&#xA; should be strictly equal" time="1.807" classname="Firefox_80_0_(Mac_OS_10_14).# Test vtkTextureMapToPlane TCoords generation&#xA;"/>
  <testcase name="# Test vtkTextureMapToPlane TCoords generation&#xA; should be strictly equal" time="1.807" classname="Firefox_80_0_(Mac_OS_10_14).# Test vtkTextureMapToPlane TCoords generation&#xA;"/>
  <testcase name="# Test vtkTextureMapToPlane TCoords generation&#xA; should be strictly equal" time="1.807" classname="Firefox_80_0_(Mac_OS_10_14).# Test vtkTextureMapToPlane TCoords generation&#xA;"/>
  <testcase name="# Test vtkTextureMapToPlane TCoords generation&#xA; should be strictly equal" time="1.807" classname="Firefox_80_0_(Mac_OS_10_14).# Test vtkTextureMapToPlane TCoords generation&#xA;"/>
  <testcase name="# Test vtkTextureMapToPlane TCoords generation&#xA; should be strictly equal" time="1.808" classname="Firefox_80_0_(Mac_OS_10_14).# Test vtkTextureMapToPlane TCoords generation&#xA;"/>
  <testcase name="# Test vtkTextureMapToPlane TCoords generation&#xA; should be strictly equal" time="1.808" classname="Firefox_80_0_(Mac_OS_10_14).# Test vtkTextureMapToPlane TCoords generation&#xA;"/>
  <testcase name="# Test vtkTextureMapToPlane TCoords generation&#xA; should be strictly equal" time="1.808" classname="Firefox_80_0_(Mac_OS_10_14).# Test vtkTextureMapToPlane TCoords generation&#xA;"/>
  <testcase name="# Test vtkTextureMapToPlane TCoords generation&#xA; should be strictly equal" time="1.808" classname="Firefox_80_0_(Mac_OS_10_14).# Test vtkTextureMapToPlane TCoords generation&#xA;"/>
  <testcase name="# Test vtkTextureMapToPlane TCoords generation&#xA; should be strictly equal" time="1.809" classname="Firefox_80_0_(Mac_OS_10_14).# Test vtkTextureMapToPlane TCoords generation&#xA;"/>
  <testcase name="# Test vtkTextureMapToPlane TCoords generation&#xA; should be strictly equal" time="1.809" classname="Firefox_80_0_(Mac_OS_10_14).# Test vtkTextureMapToPlane TCoords generation&#xA;"/>
  <testcase name="# Test vtkTextureMapToPlane TCoords generation&#xA; should be strictly equal" time="1.809" classname="Firefox_80_0_(Mac_OS_10_14).# Test vtkTextureMapToPlane TCoords generation&#xA;"/>
  <testcase name="# Test vtkTextureMapToPlane TCoords generation&#xA; should be strictly equal" time="1.809" classname="Firefox_80_0_(Mac_OS_10_14).# Test vtkTextureMapToPlane TCoords generation&#xA;"/>
  <testcase name="# Test vtkTextureMapToPlane TCoords generation&#xA; should be strictly equal" time="1.809" classname="Firefox_80_0_(Mac_OS_10_14).# Test vtkTextureMapToPlane TCoords generation&#xA;"/>
  <testcase name="# Test vtkTextureMapToPlane TCoords generation&#xA; should be strictly equal" time="1.809" classname="Firefox_80_0_(Mac_OS_10_14).# Test vtkTextureMapToPlane TCoords generation&#xA;"/>
  <testcase name="# Test vtkTextureMapToPlane TCoords generation&#xA; should be strictly equal" time="1.809" classname="Firefox_80_0_(Mac_OS_10_14).# Test vtkTextureMapToPlane TCoords generation&#xA;"/>
  <testcase name="# Test vtkTextureMapToPlane TCoords generation&#xA; should be strictly equal" time="1.809" classname="Firefox_80_0_(Mac_OS_10_14).# Test vtkTextureMapToPlane TCoords generation&#xA;"/>
  <testcase name="# Test vtkTextureMapToPlane TCoords generation&#xA; should be strictly equal" time="1.809" classname="Firefox_80_0_(Mac_OS_10_14).# Test vtkTextureMapToPlane TCoords generation&#xA;"/>
  <testcase name="# Test vtkTextureMapToPlane TCoords generation&#xA; should be strictly equal" time="1.809" classname="Firefox_80_0_(Mac_OS_10_14).# Test vtkTextureMapToPlane TCoords generation&#xA;"/>
  <testcase name="# Test vtkTextureMapToPlane TCoords generation&#xA; should be strictly equal" time="1.809" classname="Firefox_80_0_(Mac_OS_10_14).# Test vtkTextureMapToPlane TCoords generation&#xA;"/>
  <testcase name="# Test vtkTextureMapToPlane TCoords generation&#xA; should be strictly equal" time="1.809" classname="Firefox_80_0_(Mac_OS_10_14).# Test vtkTextureMapToPlane TCoords generation&#xA;"/>
  <testcase name="# Test vtkTextureMapToPlane TCoords generation&#xA; should be strictly equal" time="1.809" classname="Firefox_80_0_(Mac_OS_10_14).# Test vtkTextureMapToPlane TCoords generation&#xA;"/>
  <testcase name="# Test vtkTextureMapToPlane TCoords generation&#xA; should be strictly equal" time="1.81" classname="Firefox_80_0_(Mac_OS_10_14).# Test vtkTextureMapToPlane TCoords generation&#xA;"/>
  <testcase name="# Test vtkTextureMapToPlane TCoords generation&#xA; should be strictly equal" time="1.81" classname="Firefox_80_0_(Mac_OS_10_14).# Test vtkTextureMapToPlane TCoords generation&#xA;"/>
  <testcase name="# Test vtkTextureMapToPlane TCoords generation&#xA; should be strictly equal" time="1.812" classname="Firefox_80_0_(Mac_OS_10_14).# Test vtkTextureMapToPlane TCoords generation&#xA;"/>
  <testcase name="# Test vtkTextureMapToPlane TCoords generation automatic&#xA; should be strictly equal" time="1.812" classname="Firefox_80_0_(Mac_OS_10_14).# Test vtkTextureMapToPlane TCoords generation automatic&#xA;"/>
  <testcase name="# Test vtkTextureMapToPlane TCoords generation automatic&#xA; should be strictly equal" time="1.812" classname="Firefox_80_0_(Mac_OS_10_14).# Test vtkTextureMapToPlane TCoords generation automatic&#xA;"/>
  <testcase name="# Test vtkTextureMapToPlane TCoords generation automatic&#xA; should be strictly equal" time="1.812" classname="Firefox_80_0_(Mac_OS_10_14).# Test vtkTextureMapToPlane TCoords generation automatic&#xA;"/>
  <testcase name="# Test vtkTextureMapToPlane TCoords generation automatic&#xA; should be strictly equal" time="1.812" classname="Firefox_80_0_(Mac_OS_10_14).# Test vtkTextureMapToPlane TCoords generation automatic&#xA;"/>
  <testcase name="# Test vtkTextureMapToPlane TCoords generation automatic&#xA; should be strictly equal" time="1.812" classname="Firefox_80_0_(Mac_OS_10_14).# Test vtkTextureMapToPlane TCoords generation automatic&#xA;"/>
  <testcase name="# Test vtkTextureMapToPlane TCoords generation automatic&#xA; should be strictly equal" time="1.812" classname="Firefox_80_0_(Mac_OS_10_14).# Test vtkTextureMapToPlane TCoords generation automatic&#xA;"/>
  <testcase name="# Test vtkTextureMapToPlane TCoords generation automatic&#xA; should be strictly equal" time="1.812" classname="Firefox_80_0_(Mac_OS_10_14).# Test vtkTextureMapToPlane TCoords generation automatic&#xA;"/>
  <testcase name="# Test vtkTextureMapToPlane TCoords generation automatic&#xA; should be strictly equal" time="1.812" classname="Firefox_80_0_(Mac_OS_10_14).# Test vtkTextureMapToPlane TCoords generation automatic&#xA;"/>
  <testcase name="# Test vtkTextureMapToPlane TCoords generation automatic&#xA; should be strictly equal" time="1.812" classname="Firefox_80_0_(Mac_OS_10_14).# Test vtkTextureMapToPlane TCoords generation automatic&#xA;"/>
  <testcase name="# Test vtkTextureMapToPlane TCoords generation automatic&#xA; should be strictly equal" time="1.812" classname="Firefox_80_0_(Mac_OS_10_14).# Test vtkTextureMapToPlane TCoords generation automatic&#xA;"/>
  <testcase name="# Test vtkTextureMapToPlane TCoords generation automatic&#xA; should be strictly equal" time="1.813" classname="Firefox_80_0_(Mac_OS_10_14).# Test vtkTextureMapToPlane TCoords generation automatic&#xA;"/>
  <testcase name="# Test vtkTextureMapToPlane TCoords generation automatic&#xA; should be strictly equal" time="1.813" classname="Firefox_80_0_(Mac_OS_10_14).# Test vtkTextureMapToPlane TCoords generation automatic&#xA;"/>
  <testcase name="# Test vtkTextureMapToPlane TCoords generation automatic&#xA; should be strictly equal" time="1.813" classname="Firefox_80_0_(Mac_OS_10_14).# Test vtkTextureMapToPlane TCoords generation automatic&#xA;"/>
  <testcase name="# Test vtkTextureMapToPlane TCoords generation automatic&#xA; should be strictly equal" time="1.813" classname="Firefox_80_0_(Mac_OS_10_14).# Test vtkTextureMapToPlane TCoords generation automatic&#xA;"/>
  <testcase name="# Test vtkTextureMapToPlane TCoords generation automatic&#xA; should be strictly equal" time="1.813" classname="Firefox_80_0_(Mac_OS_10_14).# Test vtkTextureMapToPlane TCoords generation automatic&#xA;"/>
  <testcase name="# Test vtkTextureMapToPlane TCoords generation automatic&#xA; should be strictly equal" time="1.813" classname="Firefox_80_0_(Mac_OS_10_14).# Test vtkTextureMapToPlane TCoords generation automatic&#xA;"/>
  <testcase name="# Test vtkTextureMapToPlane TCoords generation automatic&#xA; should be strictly equal" time="1.813" classname="Firefox_80_0_(Mac_OS_10_14).# Test vtkTextureMapToPlane TCoords generation automatic&#xA;"/>
  <testcase name="# Test vtkTextureMapToPlane TCoords generation automatic&#xA; should be strictly equal" time="1.813" classname="Firefox_80_0_(Mac_OS_10_14).# Test vtkTextureMapToPlane TCoords generation automatic&#xA;"/>
  <testcase name="# Test vtkTextureMapToPlane TCoords generation automatic&#xA; should be strictly equal" time="1.813" classname="Firefox_80_0_(Mac_OS_10_14).# Test vtkTextureMapToPlane TCoords generation automatic&#xA;"/>
  <testcase name="# Test vtkTextureMapToPlane TCoords generation automatic&#xA; should be strictly equal" time="1.813" classname="Firefox_80_0_(Mac_OS_10_14).# Test vtkTextureMapToPlane TCoords generation automatic&#xA;"/>
  <testcase name="# Test vtkTextureMapToPlane TCoords generation automatic&#xA; should be strictly equal" time="1.813" classname="Firefox_80_0_(Mac_OS_10_14).# Test vtkTextureMapToPlane TCoords generation automatic&#xA;"/>
  <testcase name="# Test vtkTextureMapToPlane TCoords generation automatic&#xA; should be strictly equal" time="1.813" classname="Firefox_80_0_(Mac_OS_10_14).# Test vtkTextureMapToPlane TCoords generation automatic&#xA;"/>
  <testcase name="# Test vtkTextureMapToPlane TCoords generation automatic&#xA; should be strictly equal" time="1.814" classname="Firefox_80_0_(Mac_OS_10_14).# Test vtkTextureMapToPlane TCoords generation automatic&#xA;"/>
  <testcase name="# Test vtkTextureMapToPlane TCoords generation automatic&#xA; should be strictly equal" time="1.814" classname="Firefox_80_0_(Mac_OS_10_14).# Test vtkTextureMapToPlane TCoords generation automatic&#xA;"/>
  <testcase name="# Test vtkTextureMapToPlane TCoords generation automatic&#xA; should be strictly equal" time="1.814" classname="Firefox_80_0_(Mac_OS_10_14).# Test vtkTextureMapToPlane TCoords generation automatic&#xA;"/>
  <testcase name="# Test vtkTextureMapToPlane TCoords generation automatic&#xA; should be strictly equal" time="1.814" classname="Firefox_80_0_(Mac_OS_10_14).# Test vtkTextureMapToPlane TCoords generation automatic&#xA;"/>
  <testcase name="# Test vtkTextureMapToPlane TCoords generation automatic&#xA; should be strictly equal" time="1.814" classname="Firefox_80_0_(Mac_OS_10_14).# Test vtkTextureMapToPlane TCoords generation automatic&#xA;"/>
  <testcase name="# Test vtkTextureMapToPlane TCoords generation automatic&#xA; should be strictly equal" time="1.814" classname="Firefox_80_0_(Mac_OS_10_14).# Test vtkTextureMapToPlane TCoords generation automatic&#xA;"/>
  <testcase name="# Test vtkTextureMapToPlane TCoords generation automatic&#xA; should be strictly equal" time="1.815" classname="Firefox_80_0_(Mac_OS_10_14).# Test vtkTextureMapToPlane TCoords generation automatic&#xA;"/>
  <testcase name="# Test vtkTextureMapToPlane TCoords generation automatic&#xA; should be strictly equal" time="1.815" classname="Firefox_80_0_(Mac_OS_10_14).# Test vtkTextureMapToPlane TCoords generation automatic&#xA;"/>
  <testcase name="# Test vtkTextureMapToPlane TCoords generation automatic&#xA; should be strictly equal" time="1.815" classname="Firefox_80_0_(Mac_OS_10_14).# Test vtkTextureMapToPlane TCoords generation automatic&#xA;"/>
  <testcase name="# Test vtkTextureMapToPlane TCoords generation automatic&#xA; should be strictly equal" time="1.815" classname="Firefox_80_0_(Mac_OS_10_14).# Test vtkTextureMapToPlane TCoords generation automatic&#xA;"/>
  <testcase name="# Test vtkTextureMapToPlane TCoords generation automatic&#xA; should be strictly equal" time="1.815" classname="Firefox_80_0_(Mac_OS_10_14).# Test vtkTextureMapToPlane TCoords generation automatic&#xA;"/>
  <testcase name="# Test vtkTextureMapToPlane TCoords generation automatic&#xA; should be strictly equal" time="1.815" classname="Firefox_80_0_(Mac_OS_10_14).# Test vtkTextureMapToPlane TCoords generation automatic&#xA;"/>
  <testcase name="# Test vtkTextureMapToPlane TCoords generation automatic&#xA; should be strictly equal" time="1.815" classname="Firefox_80_0_(Mac_OS_10_14).# Test vtkTextureMapToPlane TCoords generation automatic&#xA;"/>
  <testcase name="# Test vtkTextureMapToPlane TCoords generation automatic&#xA; should be strictly equal" time="1.815" classname="Firefox_80_0_(Mac_OS_10_14).# Test vtkTextureMapToPlane TCoords generation automatic&#xA;"/>
  <testcase name="# Test vtkTextureMapToPlane TCoords generation automatic&#xA; should be strictly equal" time="1.815" classname="Firefox_80_0_(Mac_OS_10_14).# Test vtkTextureMapToPlane TCoords generation automatic&#xA;"/>
  <testcase name="# Test vtkTextureMapToPlane TCoords generation automatic&#xA; should be strictly equal" time="1.815" classname="Firefox_80_0_(Mac_OS_10_14).# Test vtkTextureMapToPlane TCoords generation automatic&#xA;"/>
  <testcase name="# Test vtkTextureMapToPlane TCoords generation automatic&#xA; should be strictly equal" time="1.815" classname="Firefox_80_0_(Mac_OS_10_14).# Test vtkTextureMapToPlane TCoords generation automatic&#xA;"/>
  <testcase name="# Test vtkTextureMapToPlane TCoords generation automatic&#xA; should be strictly equal" time="1.815" classname="Firefox_80_0_(Mac_OS_10_14).# Test vtkTextureMapToPlane TCoords generation automatic&#xA;"/>
  <testcase name="# Test vtkTextureMapToPlane TCoords generation automatic&#xA; should be strictly equal" time="1.815" classname="Firefox_80_0_(Mac_OS_10_14).# Test vtkTextureMapToPlane TCoords generation automatic&#xA;"/>
  <testcase name="# Test vtkTextureMapToPlane TCoords generation automatic&#xA; should be strictly equal" time="1.815" classname="Firefox_80_0_(Mac_OS_10_14).# Test vtkTextureMapToPlane TCoords generation automatic&#xA;"/>
  <testcase name="# Test vtkTextureMapToPlane TCoords generation automatic&#xA; should be strictly equal" time="1.815" classname="Firefox_80_0_(Mac_OS_10_14).# Test vtkTextureMapToPlane TCoords generation automatic&#xA;"/>
  <testcase name="# Test vtkTextureMapToPlane TCoords generation automatic&#xA; should be strictly equal" time="1.815" classname="Firefox_80_0_(Mac_OS_10_14).# Test vtkTextureMapToPlane TCoords generation automatic&#xA;"/>
  <testcase name="# Test vtkTextureMapToPlane TCoords generation automatic&#xA; should be strictly equal" time="1.815" classname="Firefox_80_0_(Mac_OS_10_14).# Test vtkTextureMapToPlane TCoords generation automatic&#xA;"/>
  <testcase name="# Test vtkTextureMapToPlane TCoords generation automatic&#xA; should be strictly equal" time="1.815" classname="Firefox_80_0_(Mac_OS_10_14).# Test vtkTextureMapToPlane TCoords generation automatic&#xA;"/>
  <testcase name="# Test vtkTextureMapToPlane TCoords generation automatic&#xA; should be strictly equal" time="1.815" classname="Firefox_80_0_(Mac_OS_10_14).# Test vtkTextureMapToPlane TCoords generation automatic&#xA;"/>
  <testcase name="# Test vtkTextureMapToPlane TCoords generation automatic&#xA; should be strictly equal" time="1.816" classname="Firefox_80_0_(Mac_OS_10_14).# Test vtkTextureMapToPlane TCoords generation automatic&#xA;"/>
  <testcase name="# Test vtkTextureMapToSphere instance&#xA; Make sure the class definition exists" time="1.816" classname="Firefox_80_0_(Mac_OS_10_14).# Test vtkTextureMapToSphere instance&#xA;"/>
  <testcase name="# Test vtkTextureMapToSphere instance&#xA; should be truthy" time="1.818" classname="Firefox_80_0_(Mac_OS_10_14).# Test vtkTextureMapToSphere instance&#xA;"/>
  <testcase name="# Test vtkTextureMapToSphere TCoords generation&#xA; should be strictly equal" time="1.819" classname="Firefox_80_0_(Mac_OS_10_14).# Test vtkTextureMapToSphere TCoords generation&#xA;"/>
  <testcase name="# Test vtkTextureMapToSphere TCoords generation&#xA; should be strictly equal" time="1.819" classname="Firefox_80_0_(Mac_OS_10_14).# Test vtkTextureMapToSphere TCoords generation&#xA;"/>
  <testcase name="# Test vtkTextureMapToSphere TCoords generation&#xA; should be strictly equal" time="1.819" classname="Firefox_80_0_(Mac_OS_10_14).# Test vtkTextureMapToSphere TCoords generation&#xA;"/>
  <testcase name="# Test vtkTextureMapToSphere TCoords generation&#xA; should be strictly equal" time="1.819" classname="Firefox_80_0_(Mac_OS_10_14).# Test vtkTextureMapToSphere TCoords generation&#xA;"/>
  <testcase name="# Test vtkTextureMapToSphere TCoords generation&#xA; should be strictly equal" time="1.819" classname="Firefox_80_0_(Mac_OS_10_14).# Test vtkTextureMapToSphere TCoords generation&#xA;"/>
  <testcase name="# Test vtkTextureMapToSphere TCoords generation&#xA; should be strictly equal" time="1.819" classname="Firefox_80_0_(Mac_OS_10_14).# Test vtkTextureMapToSphere TCoords generation&#xA;"/>
  <testcase name="# Test vtkTextureMapToSphere TCoords generation&#xA; should be strictly equal" time="1.819" classname="Firefox_80_0_(Mac_OS_10_14).# Test vtkTextureMapToSphere TCoords generation&#xA;"/>
  <testcase name="# Test vtkTextureMapToSphere TCoords generation&#xA; should be strictly equal" time="1.819" classname="Firefox_80_0_(Mac_OS_10_14).# Test vtkTextureMapToSphere TCoords generation&#xA;"/>
  <testcase name="# Test vtkTextureMapToSphere TCoords generation&#xA; should be strictly equal" time="1.819" classname="Firefox_80_0_(Mac_OS_10_14).# Test vtkTextureMapToSphere TCoords generation&#xA;"/>
  <testcase name="# Test vtkTextureMapToSphere TCoords generation&#xA; should be strictly equal" time="1.82" classname="Firefox_80_0_(Mac_OS_10_14).# Test vtkTextureMapToSphere TCoords generation&#xA;"/>
  <testcase name="# Test vtkTextureMapToSphere TCoords generation&#xA; should be strictly equal" time="1.82" classname="Firefox_80_0_(Mac_OS_10_14).# Test vtkTextureMapToSphere TCoords generation&#xA;"/>
  <testcase name="# Test vtkTextureMapToSphere TCoords generation&#xA; should be strictly equal" time="1.82" classname="Firefox_80_0_(Mac_OS_10_14).# Test vtkTextureMapToSphere TCoords generation&#xA;"/>
  <testcase name="# Test vtkTextureMapToSphere TCoords generation&#xA; should be strictly equal" time="1.82" classname="Firefox_80_0_(Mac_OS_10_14).# Test vtkTextureMapToSphere TCoords generation&#xA;"/>
  <testcase name="# Test vtkTextureMapToSphere TCoords generation&#xA; should be strictly equal" time="1.82" classname="Firefox_80_0_(Mac_OS_10_14).# Test vtkTextureMapToSphere TCoords generation&#xA;"/>
  <testcase name="# Test vtkTextureMapToSphere TCoords generation&#xA; should be strictly equal" time="1.82" classname="Firefox_80_0_(Mac_OS_10_14).# Test vtkTextureMapToSphere TCoords generation&#xA;"/>
[...]
,Firefox 80.0 (Mac OS 10.14) LOG: 'ok 594 Matching image - delta 0.00%'
,Firefox 80.0 (Mac OS 10.14) LOG: 'ok 595 Image match resolution'
,Firefox 80.0 (Mac OS 10.14) LOG: '# Test multiple renderers'
,Firefox 80.0 (Mac OS 10.14) LOG: 'ok 596 Matching image - delta 0.00%'
,Firefox 80.0 (Mac OS 10.14) LOG: 'ok 597 Image match resolution'
,Firefox 80.0 (Mac OS 10.14) LOG: '# Test vtkSphereMapper Rendering'
,Firefox 80.0 (Mac OS 10.14) LOG: 'ok 598 vtkSphereMapper Rendering'
,Firefox 80.0 (Mac OS 10.14) LOG: 'Setting mapper scalar range to [0.5, 0.7071067690849304]'
,Firefox 80.0 (Mac OS 10.14) LOG: 'ok 599 Matching image - delta 0.00%'
,Firefox 80.0 (Mac OS 10.14) LOG: 'ok 600 Image match resolution'
,Firefox 80.0 (Mac OS 10.14) LOG: '# Test Actor'
,Firefox 80.0 (Mac OS 10.14) LOG: 'ok 601 vtkOpenGLActor testRotate'
,Firefox 80.0 (Mac OS 10.14) LOG: 'ok 602 Matching image - delta 0.13%'
,Firefox 80.0 (Mac OS 10.14) LOG: 'ok 603 Image match resolution'
,Firefox 80.0 (Mac OS 10.14) LOG: '# Test HardwareSelector'
,Firefox 80.0 (Mac OS 10.14) LOG: 'ok 604 vtkOpenGLHardwareSelector TestHardwareSelector'
,Firefox 80.0 (Mac OS 10.14) LOG: 'ok 605 Two props selected'
,Firefox 80.0 (Mac OS 10.14) LOG: 'ok 606 Correct props were selected'
,Firefox 80.0 (Mac OS 10.14) LOG: '# Test HardwareSelectorGlyph'
,Firefox 80.0 (Mac OS 10.14) LOG: 'ok 607 TestHardwareSelectorGlyph'
,Firefox 80.0 (Mac OS 10.14) LOG: Object{contentType: 3, fieldType: 1, properties: Object{propID: 0, prop: Object{isDeleted: ..., modified: ..., onModified: ..., getMTime: ..., isA: ..., getClassName: ..., set: ..., get: ..., getReferenceByName: ..., delete: ..., getState: ..., shallowCopy: ..., getEstimatedRenderTime: ..., getAllocatedRenderTime: ..., getVisibility: ..., getPickable: ..., getDragable: ..., getUseBounds: ..., getRenderTimeMultiplier: ..., setVisibility: ..., setPickable: ..., setDragable: ..., setUseBounds: ..., setRenderTimeMultiplier: ..., getNestedProps: ..., getActors: ..., getActors2D: ..., getVolumes: ..., pick: ..., hasKey: ..., getRedrawMTime: ..., setEstimatedRenderTime: ..., restoreEstimatedRenderTime: ..., addEstimatedRenderTime: ..., setAllocatedRenderTime: ..., getSupportsSelection: ..., getTextures: ..., hasTexture: ..., addTexture: ..., removeTexture: ..., removeAllTextures: ..., getBounds: ..., getIsIdentity: ..., getOrientation: ..., getOrientationByReference: ..., getOrigin: ..., getOriginByReference: ..., getPosition: ..., getPositionByReference: ..., getScale: ..., getScaleByReference: ..., setOrigin: ..., setOriginFrom: ..., setPosition: ..., setPositionFrom: ..., setScale: ..., setScaleFrom: ..., addPosition: ..., getOrientationWXYZ: ..., rotateX: ..., rotateY: ..., rotateZ: ..., rotateWXYZ: ..., setOrientation: ..., setUserMatrix: ..., getMatrix: ..., computeMatrix: ..., getCenter: ..., getLength: ..., getXRange: ..., getYRange: ..., getZRange: ..., getUserMatrix: ..., setProperty: ..., getBackfaceProperty: ..., getForceOpaque: ..., getForceTranslucent: ..., getMapper: ..., setBackfaceProperty: ..., setForceOpaque: ..., setForceTranslucent: ..., setMapper: ..., getIsOpaque: ..., hasTranslucentPolygonalGeometry: ..., makeProperty: ..., getProperty: ...}, compositeID: 71, pixelCount: 141}, selectionList: [undefined], mtime: 28597, classHierarchy: ['vtkObject', 'vtkSelectionNode']}
,Firefox 80.0 (Mac OS 10.14) LOG: 'ok 608 Seven glyphs selected'
,Firefox 80.0 (Mac OS 10.14) LOG: 'ok 609 glyph 71 was the first selected'
,Firefox 80.0 (Mac OS 10.14) LOG: 'ok 610 Correct prop was selected'
,Firefox 80.0 (Mac OS 10.14) LOG: '# Test HardwareSelector'
,Firefox 80.0 (Mac OS 10.14) LOG: 'ok 611 vtkOpenGLHardwareSelector TestHardwareSelector'
,Firefox 80.0 (Mac OS 10.14) LOG: 2046, 64, 112
,Firefox 80.0 (Mac OS 10.14) LOG: 'ok 612 Hardware selector takes less than six normal renders (2046, 64, 112)'
,Firefox 80.0 (Mac OS 10.14) LOG: '# Test ImageMapper'
,Firefox 80.0 (Mac OS 10.14) LOG: 'ok 613 vtkOpenGLImageMapper testImage'
,Firefox 80.0 (Mac OS 10.14) LOG: 'ok 614 Matching image - delta 0.42%'
,Firefox 80.0 (Mac OS 10.14) LOG: 'ok 615 Image match resolution'
,Firefox 80.0 (Mac OS 10.14) LOG: '# Test ImageMapper with Nearest Neighbor interpolation'
,Firefox 80.0 (Mac OS 10.14) LOG: 'ok 616 vtkOpenGLImageMapper testImage'
,Firefox 80.0 (Mac OS 10.14) LOG: 'ok 617 Matching image - delta 0.01%'
,Firefox 80.0 (Mac OS 10.14) LOG: 'ok 618 Image match resolution'
,Firefox 80.0 (Mac OS 10.14) LOG: '# Test ImageMapper'
,Firefox 80.0 (Mac OS 10.14) LOG: 'ok 619 vtkOpenGLImageMapper testImage'
,Firefox 80.0 (Mac OS 10.14) LOG: 'ok 620 Matching image - delta 0.00%'
,Firefox 80.0 (Mac OS 10.14) LOG: 'ok 621 Image match resolution'
,Firefox 80.0 (Mac OS 10.14) LOG: '# Test Add Shader Replacements'
,Firefox 80.0 (Mac OS 10.14) LOG: 'ok 622 vtkOpenGLPolyDataMapper AddShaderReplacements'
,Firefox 80.0 (Mac OS 10.14) LOG: 'ok 623 Matching image - delta 0.00%'
,Firefox 80.0 (Mac OS 10.14) LOG: 'ok 624 Image match resolution'
,Firefox 80.0 (Mac OS 10.14) LOG: '# Test Clear Shader Replacements'
,Firefox 80.0 (Mac OS 10.14) LOG: 'ok 625 vtkOpenGLPolyDataMapper ClearShaderReplacements'
,Firefox 80.0 (Mac OS 10.14) LOG: 'ok 626 Matching image - delta 0.00%'
,Firefox 80.0 (Mac OS 10.14) LOG: 'ok 627 Image match resolution'
,Firefox 80.0 (Mac OS 10.14) LOG: '# Test Clipping planes'
,Firefox 80.0 (Mac OS 10.14) LOG: 'ok 628 vtkOpenGLPolyDataMapper setClippingPlanes'
,Firefox 80.0 (Mac OS 10.14) LOG: 'ok 629 Matching image - delta 0.00%'
,Firefox 80.0 (Mac OS 10.14) LOG: 'ok 630 Image match resolution'
,Firefox 80.0 (Mac OS 10.14) LOG: '# Test Interpolate Scalars Before Mapping'
,Firefox 80.0 (Mac OS 10.14) LOG: 'ok 631 vtkOpenGLPolyDataMapper InterpolateScalarsBeforeColors'
,Firefox 80.0 (Mac OS 10.14) LOG: 'ok 632 Matching image - delta 0.47%'
,Firefox 80.0 (Mac OS 10.14) LOG: 'ok 633 Image match resolution'
,Firefox 80.0 (Mac OS 10.14) LOG: '# Test SphereMapper'
,Firefox 80.0 (Mac OS 10.14) LOG: 'ok 634 vtkOpenGLSphereMapper testSphere'
,Firefox 80.0 (Mac OS 10.14) LOG: 'ok 635 Matching image - delta 0.00%'
,Firefox 80.0 (Mac OS 10.14) LOG: 'ok 636 Image match resolution'
,Firefox 80.0 (Mac OS 10.14) LOG: '# Test vtkOpenGLSkybox Rendering'
,Firefox 80.0 (Mac OS 10.14) LOG: 'ok 637 Filter: OpenGLTexture'
,Firefox 80.0 (Mac OS 10.14) LOG: 'ok 638 Matching image - delta 0.00%'
,Firefox 80.0 (Mac OS 10.14) LOG: 'ok 639 Image match resolution'
,Firefox 80.0 (Mac OS 10.14) LOG: '# Test vtkOpenGLSkybox Background Rendering'
,Firefox 80.0 (Mac OS 10.14) LOG: 'ok 640 Filter: OpenGLTexture'
,Firefox 80.0 (Mac OS 10.14) LOG: 'ok 641 Matching image - delta 0.00%'
,Firefox 80.0 (Mac OS 10.14) LOG: 'ok 642 Image match resolution'
,Firefox 80.0 (Mac OS 10.14) LOG: '# Test StickMapper'
,Firefox 80.0 (Mac OS 10.14) LOG: 'ok 643 vtkOpenGLStickMapper testStick'
,Firefox 80.0 (Mac OS 10.14) LOG: 'ok 644 Matching image - delta 0.00%'
,Firefox 80.0 (Mac OS 10.14) LOG: 'ok 645 Image match resolution'
,Firefox 80.0 (Mac OS 10.14) LOG: '# Test vtkOpenGLTexture Rendering'
,Firefox 80.0 (Mac OS 10.14) LOG: 'ok 646 Filter: OpenGLTexture'
,Firefox 80.0 (Mac OS 10.14) LOG: 'ok 647 Matching image - delta 0.00%'
,Firefox 80.0 (Mac OS 10.14) LOG: 'ok 648 Image match resolution'
,Firefox 80.0 (Mac OS 10.14) LOG: '# Test Composite Volume Rendering'
,Firefox 80.0 (Mac OS 10.14) LOG: 'ok 649 vtkOpenGLVolumeMapper Composite'
,Firefox 80.0 (Mac OS 10.14) LOG: 'ok 650 Matching image - delta 0.07%'
,Firefox 80.0 (Mac OS 10.14) LOG: 'ok 651 Image match resolution'
,Firefox 80.0 (Mac OS 10.14) LOG: '# Test Composite Volume Rendering with parallel projection'
,Firefox 80.0 (Mac OS 10.14) LOG: 'ok 652 vtkOpenGLVolumeMapper CompositeParallelProjection'
,Firefox 80.0 (Mac OS 10.14) LOG: 'ok 653 Matching image - delta 0.00%'
,Firefox 80.0 (Mac OS 10.14) LOG: 'ok 654 Image match resolution'
,Firefox 80.0 (Mac OS 10.14) LOG: '# Test Composite Volume Rendering'
,Firefox 80.0 (Mac OS 10.14) LOG: 'ok 655 vtkOpenGLVolumeMapper Composite16Bit'
,Firefox 80.0 (Mac OS 10.14) LOG: 'ok 656 Matching image - delta 0.00%'
,Firefox 80.0 (Mac OS 10.14) LOG: 'ok 657 Image match resolution'
,Firefox 80.0 (Mac OS 10.14) LOG: '# Test Composite Volume Rendering'
,Firefox 80.0 (Mac OS 10.14) LOG: 'ok 658 vtkOpenGLVolumeMapper Intermixed'
,Firefox 80.0 (Mac OS 10.14) LOG: 'ok 659 Matching image - delta 0.06%'
,Firefox 80.0 (Mac OS 10.14) LOG: 'ok 660 Image match resolution'
,Firefox 80.0 (Mac OS 10.14) LOG: '# Test Composite Volume Rendering'
,Firefox 80.0 (Mac OS 10.14) LOG: 'ok 661 vtkOpenGLVolumeMapper IntermixedImage'
,Firefox 80.0 (Mac OS 10.14) LOG: 'ok 662 Matching image - delta 0.15%'
,Firefox 80.0 (Mac OS 10.14) LOG: 'ok 663 Image match resolution'
,Firefox 80.0 (Mac OS 10.14) LOG: '# Test Lighted Volume Rendering'
,Firefox 80.0 (Mac OS 10.14) LOG: 'ok 664 vtkOpenGLVolumeMapper Lighting'
,Firefox 80.0 (Mac OS 10.14) LOG: 'ok 665 Matching image - delta 0.30%'
,Firefox 80.0 (Mac OS 10.14) LOG: 'ok 666 Image match resolution'
,Firefox 80.0 (Mac OS 10.14) LOG: '# Test Maximum Intensity Projection Volume Rendering'
,Firefox 80.0 (Mac OS 10.14) LOG: 'ok 667 vtkOpenGLVolumeMapper MIP'
,Firefox 80.0 (Mac OS 10.14) LOG: 'ok 668 Matching image - delta 0.00%'
,Firefox 80.0 (Mac OS 10.14) LOG: 'ok 669 Image match resolution'
,Firefox 80.0 (Mac OS 10.14) LOG: '# Test Minimum Intensity Projection Volume Rendering'
,Firefox 80.0 (Mac OS 10.14) LOG: 'ok 670 vtkOpenGLVolumeMapper MinIP'
,Firefox 80.0 (Mac OS 10.14) LOG: 'ok 671 Matching image - delta 0.00%'
,Firefox 80.0 (Mac OS 10.14) LOG: 'ok 672 Image match resolution'
,Firefox 80.0 (Mac OS 10.14) LOG: '# Test Volume Rendering with Proportional Component'
,Firefox 80.0 (Mac OS 10.14) LOG: 'ok 673 vtkOpenGLVolumeMapper ProportionalComponent'
,Firefox 80.0 (Mac OS 10.14) LOG: 'ok 674 Matching image - delta 0.00%'
,Firefox 80.0 (Mac OS 10.14) LOG: 'ok 675 Image match resolution'
,Firefox 80.0 (Mac OS 10.14) LOG: '# Test Average Intensity Projection Volume Rendering'
,Firefox 80.0 (Mac OS 10.14) LOG: 'ok 676 vtkOpenGLVolumeMapper AverageIP'
,Firefox 80.0 (Mac OS 10.14) LOG: 'ok 677 Matching image - delta 0.00%'
,Firefox 80.0 (Mac OS 10.14) LOG: 'ok 678 Image match resolution'
,Firefox 80.0 (Mac OS 10.14) LOG: '# Test vtkGenericRenderWindow create/delete'
,Firefox 80.0 (Mac OS 10.14) LOG: '# Macro methods algo tests'
,Firefox 80.0 (Mac OS 10.14) LOG: 'ok 679 populate publicAPI'
,Firefox 80.0 (Mac OS 10.14) LOG: 'ok 680 return input data'
,Firefox 80.0 (Mac OS 10.14) LOG: 'ok 681 Add two input arrays'
,Firefox 80.0 (Mac OS 10.14) LOG: 'ok 682 Subtract two input arrays'
,Firefox 80.0 (Mac OS 10.14) LOG: 'ok 683 Multiply two input arrays'
,Firefox 80.0 (Mac OS 10.14) LOG: 'ok 684 Divide two input arrays, using outputPort'
,Firefox 80.0 (Mac OS 10.14) LOG: '# Macro methods scalar tests'
,Firefox 80.0 (Mac OS 10.14) LOG: 'ok 685 macro setget'
,Firefox 80.0 (Mac OS 10.14) LOG: 'ok 686 Initial gets should match defaults'
,Firefox 80.0 (Mac OS 10.14) LOG: 'ok 687 Bool get should match set'
,Firefox 80.0 (Mac OS 10.14) LOG: 'ok 688 Initial gets should match defaults'
,Firefox 80.0 (Mac OS 10.14) LOG: 'ok 689 Int get should match set'
,Firefox 80.0 (Mac OS 10.14) LOG: 'ok 690 mtime should increase after set'
,Firefox 80.0 (Mac OS 10.14) LOG: 'ok 691 mtime should not increase after idempotent set'
,Firefox 80.0 (Mac OS 10.14) LOG: '# Macro methods array tests'
,Firefox 80.0 (Mac OS 10.14) LOG: 'ok 692 Initial gets should match defaults'
,Firefox 80.0 (Mac OS 10.14) LOG: 'ok 693 Throw if no set method declared'
,Firefox 80.0 (Mac OS 10.14) LOG: 'ok 694 Array spread set OK'
,Firefox 80.0 (Mac OS 10.14) LOG: 'ok 695 Array spread set should match get'
,Firefox 80.0 (Mac OS 10.14) LOG: 'ok 696 OK to set a single array argument'
,Firefox 80.0 (Mac OS 10.14) LOG: 'ok 697 Array set should match get'
,Firefox 80.0 (Mac OS 10.14) LOG: 'ok 698 mtime should increase after set'
,Firefox 80.0 (Mac OS 10.14) LOG: 'ok 699 Invalid number of values should throw'
,Firefox 80.0 (Mac OS 10.14) LOG: 'ok 700 Keep default value after illegal set'
,Firefox 80.0 (Mac OS 10.14) LOG: 'ok 701 mtime should not increase after idempotent set'
,Firefox 80.0 (Mac OS 10.14) LOG: 'ok 702 Invalid number of values should throw'
,Firefox 80.0 (Mac OS 10.14) LOG: 'ok 703 Keep value after illegal set'
,Firefox 80.0 (Mac OS 10.14) LOG: 'ok 704 Invalid set with string should throw'
,Firefox 80.0 (Mac OS 10.14) LOG: 'ok 705 Keep value after illegal set'
,Firefox 80.0 (Mac OS 10.14) LOG: '# Macro methods enum tests'
,Firefox 80.0 (Mac OS 10.14) LOG: 'ok 706 Initial gets should match defaults'
,Firefox 80.0 (Mac OS 10.14) LOG: 'ok 707 Enum set should match get'
,Firefox 80.0 (Mac OS 10.14) LOG: 'ok 708 should be truthy'
,Firefox 80.0 (Mac OS 10.14) LOG: 'ok 709 Enum set by index should get matching enum value'
,Firefox 80.0 (Mac OS 10.14) LOG: 'ok 710 Setting idempotent value should return false'
,Firefox 80.0 (Mac OS 10.14) ERROR: 'Set Enum outside numeric range [object Object], 42'
,Firefox 80.0 (Mac OS 10.14) LOG: 'ok 711 Invalid enum index should throw'
,Firefox 80.0 (Mac OS 10.14) LOG: 'ok 712 Enum set out of range should be rejected'
,Firefox 80.0 (Mac OS 10.14) ERROR: 'Set Enum with invalid argument [object Object], FORTH'
,Firefox 80.0 (Mac OS 10.14) LOG: 'ok 713 Invalid enum string should throw'
,Firefox 80.0 (Mac OS 10.14) LOG: 'ok 714 Enum set string out of range should be rejected'
,Firefox 80.0 (Mac OS 10.14) ERROR: 'Set Enum with invalid argument (String/Number) [object Object], 2'
,Firefox 80.0 (Mac OS 10.14) LOG: 'ok 715 Invalid enum set with array/object should throw'
,Firefox 80.0 (Mac OS 10.14) LOG: 'ok 716 Enum set string out of range should be rejected'
,Firefox 80.0 (Mac OS 10.14) LOG: '# Macro methods object tests'
,Firefox 80.0 (Mac OS 10.14) LOG: 'ok 717 Get entire model'
,Firefox 80.0 (Mac OS 10.14) LOG: 'ok 718 Get defaults back test'
,Firefox 80.0 (Mac OS 10.14) LOG: 'ok 719 Object should be frozen'
,Firefox 80.0 (Mac OS 10.14) WARN: 'Warning: Set value to model directly changeWhenModified, foo'
,Firefox 80.0 (Mac OS 10.14) LOG: 'ok 720 should be truthy'
,Firefox 80.0 (Mac OS 10.14) WARN: 'Warning: Set value to model directly changeWhenModified, bar'
,Firefox 80.0 (Mac OS 10.14) LOG: 'ok 721 should be truthy'
,Firefox 80.0 (Mac OS 10.14) LOG: 'ok 722 Object modified fires'
,Firefox 80.0 (Mac OS 10.14) WARN: 'Warning: Set value to model directly changeWhenModified, foobaz'
,Firefox 80.0 (Mac OS 10.14) LOG: 'ok 723 Object modified does not fire after unsubscribe'
,Firefox 80.0 (Mac OS 10.14) LOG: 'ok 724 Test mult-set'
,Firefox 80.0 (Mac OS 10.14) LOG: 'ok 725 Float get should match multi-set'
,Firefox 80.0 (Mac OS 10.14) LOG: 'ok 726 Array multi-set should match get'
,Firefox 80.0 (Mac OS 10.14) LOG: 'ok 727 should be truthy'
,Firefox 80.0 (Mac OS 10.14) LOG: 'ok 728 should be truthy'
,Firefox 80.0 (Mac OS 10.14) LOG: 'ok 729 should be falsy'
,Firefox 80.0 (Mac OS 10.14) LOG: 'ok 730 should be strictly equal'
,Firefox 80.0 (Mac OS 10.14) LOG: 'ok 731 should not throw'
,Firefox 80.0 (Mac OS 10.14) LOG: 'ok 732 All calls should do nothing after delete'
,Firefox 80.0 (Mac OS 10.14) LOG: '# Macro methods event tests'
,Firefox 80.0 (Mac OS 10.14) LOG: 'ok 733 cbAbort1 should be called first'
,Firefox 80.0 (Mac OS 10.14) LOG: 'ok 734 cbAbort2 should be called second'
,Firefox 80.0 (Mac OS 10.14) LOG: 'ok 735 Only 2 callbacks should be invoked, not 3'
,Firefox 80.0 (Mac OS 10.14) LOG: 'ok 736 cbPriority2 should be called first'
,Firefox 80.0 (Mac OS 10.14) LOG: 'ok 737 cbPriority2 should be called first'
,Firefox 80.0 (Mac OS 10.14) LOG: 'ok 738 cbPriority1 should be called second'
,Firefox 80.0 (Mac OS 10.14) LOG: 'ok 739 cbPriority0 should be called third'
,Firefox 80.0 (Mac OS 10.14) LOG: 'ok 740 cbPriorityLast should be called last after 101ms'
,Firefox 80.0 (Mac OS 10.14) LOG: 'ok 741 cbPriority2 should be called exactly twice'
,Firefox 80.0 (Mac OS 10.14) LOG: '# Macro methods keystore tests'
,Firefox 80.0 (Mac OS 10.14) LOG: 'ok 742 key1 should exist in keystore'
,Firefox 80.0 (Mac OS 10.14) LOG: 'ok 743 key2 should exist in keystore'
,Firefox 80.0 (Mac OS 10.14) LOG: 'ok 744 key3 should exist in keystore'
,Firefox 80.0 (Mac OS 10.14) LOG: 'ok 745 Delete key2 should succeed'
,Firefox 80.0 (Mac OS 10.14) LOG: 'ok 746 There should be no keys after clearing'
,Firefox 80.0 (Mac OS 10.14) LOG: '# Test vtkDataArray serialization/deserialization'
,Firefox 80.0 (Mac OS 10.14) LOG: 'ok 747 Make sure the class definition exist'
,Firefox 80.0 (Mac OS 10.14) LOG: 'ok 748 Make sure the instance exist'
,Firefox 80.0 (Mac OS 10.14) LOG: 'ok 749 Make sure we can get serialize data'
,Firefox 80.0 (Mac OS 10.14) LOG: 'ok 750 Make sure we can get deserialize data'
,Firefox 80.0 (Mac OS 10.14) LOG: 'ok 751 We have two different instances'
,Firefox 80.0 (Mac OS 10.14) LOG: 'ok 752 But same serialized content'
,Firefox 80.0 (Mac OS 10.14) LOG: '# Test vtkPoints serialization/deserialization'
,Firefox 80.0 (Mac OS 10.14) LOG: 'ok 753 Make sure the class definition exist'
,Firefox 80.0 (Mac OS 10.14) LOG: 'ok 754 Make sure the instance exist'
,Firefox 80.0 (Mac OS 10.14) LOG: 'ok 755 Make sure we can get serialize data'
,Firefox 80.0 (Mac OS 10.14) LOG: 'ok 756 Make sure we can get deserialize data'
,Firefox 80.0 (Mac OS 10.14) LOG: 'ok 757 We have two different instances'
,Firefox 80.0 (Mac OS 10.14) LOG: 'ok 758 But same serialized content'
,Firefox 80.0 (Mac OS 10.14) LOG: '# Test vtkLookupTable serialization/deserialization'
,Firefox 80.0 (Mac OS 10.14) LOG: 'ok 759 Make sure the class definition exist'
,Firefox 80.0 (Mac OS 10.14) LOG: 'ok 760 Make sure the instance exist'
,Firefox 80.0 (Mac OS 10.14) LOG: 'ok 761 Make sure we can get serialize data'
,Firefox 80.0 (Mac OS 10.14) LOG: 'ok 762 Make sure we can get deserialize data'
,Firefox 80.0 (Mac OS 10.14) LOG: 'ok 763 We have two different instances'
,Firefox 80.0 (Mac OS 10.14) LOG: 'ok 764 But same serialized content'
,Firefox 80.0 (Mac OS 10.14) LOG: '# Test vtkScalarsToColors serialization/deserialization'
,Firefox 80.0 (Mac OS 10.14) LOG: 'ok 765 Make sure the class definition exist'
,Firefox 80.0 (Mac OS 10.14) LOG: 'ok 766 Make sure the instance exist'
,Firefox 80.0 (Mac OS 10.14) LOG: 'ok 767 Make sure we can get serialize data'
,Firefox 80.0 (Mac OS 10.14) LOG: 'ok 768 Make sure we can get deserialize data'
,Firefox 80.0 (Mac OS 10.14) LOG: 'ok 769 We have two different instances'
,Firefox 80.0 (Mac OS 10.14) LOG: 'ok 770 But same serialized content'
,Firefox 80.0 (Mac OS 10.14) LOG: '# Test vtkPolyData serialization/deserialization'
,Firefox 80.0 (Mac OS 10.14) LOG: 'ok 771 Make sure the class definition exist'
,Firefox 80.0 (Mac OS 10.14) LOG: 'ok 772 Make sure the instance exist'
,Firefox 80.0 (Mac OS 10.14) LOG: 'ok 773 Make sure we can get serialize data'
,Firefox 80.0 (Mac OS 10.14) LOG: 'ok 774 Make sure we can get deserialize data'
,Firefox 80.0 (Mac OS 10.14) LOG: 'ok 775 We have two different instances'
,Firefox 80.0 (Mac OS 10.14) LOG: 'ok 776 But same serialized content'
,Firefox 80.0 (Mac OS 10.14) LOG: '# Proxy activation via config'
,Firefox 80.0 (Mac OS 10.14) LOG: 'ok 777 No initial active source'
,Firefox 80.0 (Mac OS 10.14) LOG: 'ok 778 Active source set after proxy creation'
,Firefox 80.0 (Mac OS 10.14) LOG: '# Proxy activation via .activate()'
,Firefox 80.0 (Mac OS 10.14) LOG: 'ok 779 No initial active source'
,Firefox 80.0 (Mac OS 10.14) LOG: 'ok 780 No active source after proxy creation'
,Firefox 80.0 (Mac OS 10.14) LOG: 'ok 781 Proxy manager should be modified after proxy activation'
,Firefox 80.0 (Mac OS 10.14) LOG: 'ok 782 Active source set'
,Firefox 80.0 (Mac OS 10.14) LOG: ''
,Firefox 80.0 (Mac OS 10.14) LOG: '1..782'
,Firefox 80.0 (Mac OS 10.14) LOG: '# tests 782'
,Firefox 80.0 (Mac OS 10.14) LOG: '# pass  782'
,Firefox 80.0 (Mac OS 10.14) LOG: ''

]]>
  </system-out>
  <system-err/>
</testsuite>