<?xml version="1.0"?>
<testsuite name="Chrome 85.0.4183.102 (Mac OS 10.14.6)" package="" timestamp="2020-09-23T19:21:21" id="0" hostname="MBP-de-rossi" tests="782" errors="0" failures="0" time="5563.757">
  <properties>
    <property name="browser.fullName" value="Mozilla/5.0 (Macintosh; Intel Mac OS X 10_14_6) AppleWebKit/537.36 (KHTML, like Gecko) Chrome/85.0.4183.102 Safari/537.36"/>
  </properties>
  <testcase name="# Test Categorical Colors&#xA; vtkLookupTable TestCategoricalColors" time="0.26" classname="Chrome_85_0_4183_102_(Mac_OS_10_14_6).# Test Categorical Colors&#xA;"/>
  <testcase name="# Test Categorical Colors&#xA; Matching image - delta 0.10%" time="0.26" classname="Chrome_85_0_4183_102_(Mac_OS_10_14_6).# Test Categorical Colors&#xA;"/>
  <testcase name="# Test Categorical Colors&#xA; Image match resolution" time="0.266" classname="Chrome_85_0_4183_102_(Mac_OS_10_14_6).# Test Categorical Colors&#xA;"/>
  <testcase name="# Test vtkMatrixBuilder rotateFromDirections&#xA; should be truthy" time="0.266" classname="Chrome_85_0_4183_102_(Mac_OS_10_14_6).# Test vtkMatrixBuilder rotateFromDirections&#xA;"/>
  <testcase name="# Test vtkMatrixBuilder rotateFromDirections&#xA; should be truthy" time="0.266" classname="Chrome_85_0_4183_102_(Mac_OS_10_14_6).# Test vtkMatrixBuilder rotateFromDirections&#xA;"/>
  <testcase name="# Test vtkMatrixBuilder rotateFromDirections&#xA; should be truthy" time="0.267" classname="Chrome_85_0_4183_102_(Mac_OS_10_14_6).# Test vtkMatrixBuilder rotateFromDirections&#xA;"/>
  <testcase name="# Test LookupTable setTable&#xA; vtkLookupTable TestSetTable" time="0.269" classname="Chrome_85_0_4183_102_(Mac_OS_10_14_6).# Test LookupTable setTable&#xA;"/>
  <testcase name="# Test LookupTable setTable&#xA; should be strictly equal" time="0.379" classname="Chrome_85_0_4183_102_(Mac_OS_10_14_6).# Test LookupTable setTable&#xA;"/>
  <testcase name="# Test LookupTable setTable&#xA; Matching image - delta 0.00%" time="0.379" classname="Chrome_85_0_4183_102_(Mac_OS_10_14_6).# Test LookupTable setTable&#xA;"/>
  <testcase name="# Test LookupTable setTable&#xA; Image match resolution" time="0.382" classname="Chrome_85_0_4183_102_(Mac_OS_10_14_6).# Test LookupTable setTable&#xA;"/>
  <testcase name="# Test vtkBox instance&#xA; Make sure the class definition exists" time="0.383" classname="Chrome_85_0_4183_102_(Mac_OS_10_14_6).# Test vtkBox instance&#xA;"/>
  <testcase name="# Test vtkBox instance&#xA; should be truthy" time="0.383" classname="Chrome_85_0_4183_102_(Mac_OS_10_14_6).# Test vtkBox instance&#xA;"/>
  <testcase name="# Test vtkBox intersectBox&#xA; should be strictly equal" time="0.383" classname="Chrome_85_0_4183_102_(Mac_OS_10_14_6).# Test vtkBox intersectBox&#xA;"/>
  <testcase name="# Test vtkBox intersectBox&#xA; should be strictly equal" time="0.384" classname="Chrome_85_0_4183_102_(Mac_OS_10_14_6).# Test vtkBox intersectBox&#xA;"/>
  <testcase name="# Test vtkBox intersectBox&#xA; should be strictly equal" time="0.384" classname="Chrome_85_0_4183_102_(Mac_OS_10_14_6).# Test vtkBox intersectBox&#xA;"/>
  <testcase name="# Test vtkBox intersectBox&#xA; should be strictly equal" time="0.384" classname="Chrome_85_0_4183_102_(Mac_OS_10_14_6).# Test vtkBox intersectBox&#xA;"/>
  <testcase name="# Test vtkBox intersectBox&#xA; should be strictly equal" time="0.384" classname="Chrome_85_0_4183_102_(Mac_OS_10_14_6).# Test vtkBox intersectBox&#xA;"/>
  <testcase name="# Test vtkBox intersectBox&#xA; should be strictly equal" time="0.384" classname="Chrome_85_0_4183_102_(Mac_OS_10_14_6).# Test vtkBox intersectBox&#xA;"/>
  <testcase name="# Test vtkBox intersectBox&#xA; should be strictly equal" time="0.384" classname="Chrome_85_0_4183_102_(Mac_OS_10_14_6).# Test vtkBox intersectBox&#xA;"/>
  <testcase name="# Test vtkBox intersectBox&#xA; should be strictly equal" time="0.384" classname="Chrome_85_0_4183_102_(Mac_OS_10_14_6).# Test vtkBox intersectBox&#xA;"/>
  <testcase name="# Test vtkBox intersectBox&#xA; should be strictly equal" time="0.385" classname="Chrome_85_0_4183_102_(Mac_OS_10_14_6).# Test vtkBox intersectBox&#xA;"/>
  <testcase name="# Test vtkBox intersectBox&#xA; should be strictly equal" time="0.385" classname="Chrome_85_0_4183_102_(Mac_OS_10_14_6).# Test vtkBox intersectBox&#xA;"/>
  <testcase name="# Test vtkBox intersectBox&#xA; should be strictly equal" time="0.385" classname="Chrome_85_0_4183_102_(Mac_OS_10_14_6).# Test vtkBox intersectBox&#xA;"/>
  <testcase name="# Test vtkBox bounds&#xA; should be strictly equal" time="0.385" classname="Chrome_85_0_4183_102_(Mac_OS_10_14_6).# Test vtkBox bounds&#xA;"/>
  <testcase name="# Test vtkBox bounds&#xA; should be strictly equal" time="0.386" classname="Chrome_85_0_4183_102_(Mac_OS_10_14_6).# Test vtkBox bounds&#xA;"/>
  <testcase name="# Test vtkBox bounds&#xA; should be strictly equal" time="0.386" classname="Chrome_85_0_4183_102_(Mac_OS_10_14_6).# Test vtkBox bounds&#xA;"/>
  <testcase name="# Test vtkBox bounds&#xA; should be strictly equal" time="0.386" classname="Chrome_85_0_4183_102_(Mac_OS_10_14_6).# Test vtkBox bounds&#xA;"/>
  <testcase name="# Test vtkBox bounds&#xA; should be strictly equal" time="0.386" classname="Chrome_85_0_4183_102_(Mac_OS_10_14_6).# Test vtkBox bounds&#xA;"/>
  <testcase name="# Test vtkBox bounds&#xA; should be strictly equal" time="0.386" classname="Chrome_85_0_4183_102_(Mac_OS_10_14_6).# Test vtkBox bounds&#xA;"/>
  <testcase name="# Test vtkBox evaluateFunction&#xA; should be strictly equal" time="0.386" classname="Chrome_85_0_4183_102_(Mac_OS_10_14_6).# Test vtkBox evaluateFunction&#xA;"/>
  <testcase name="# Test vtkBox evaluateFunction&#xA; should be strictly equal" time="0.387" classname="Chrome_85_0_4183_102_(Mac_OS_10_14_6).# Test vtkBox evaluateFunction&#xA;"/>
  <testcase name="# Test vtkBox evaluateFunction&#xA; should be strictly equal" time="0.387" classname="Chrome_85_0_4183_102_(Mac_OS_10_14_6).# Test vtkBox evaluateFunction&#xA;"/>
  <testcase name="# Test vtkBox evaluateFunction&#xA; should be strictly equal" time="0.387" classname="Chrome_85_0_4183_102_(Mac_OS_10_14_6).# Test vtkBox evaluateFunction&#xA;"/>
  <testcase name="# Test vtkBox intersectPlane&#xA; should be strictly equal" time="0.387" classname="Chrome_85_0_4183_102_(Mac_OS_10_14_6).# Test vtkBox intersectPlane&#xA;"/>
  <testcase name="# Test vtkBox intersectPlane&#xA; should be strictly equal" time="0.387" classname="Chrome_85_0_4183_102_(Mac_OS_10_14_6).# Test vtkBox intersectPlane&#xA;"/>
  <testcase name="# Test vtkBox intersectPlane&#xA; should be strictly equal" time="0.388" classname="Chrome_85_0_4183_102_(Mac_OS_10_14_6).# Test vtkBox intersectPlane&#xA;"/>
  <testcase name="# Test vtkCell instance&#xA; Make sure the class definition exists" time="0.388" classname="Chrome_85_0_4183_102_(Mac_OS_10_14_6).# Test vtkCell instance&#xA;"/>
  <testcase name="# Test vtkCell instance&#xA; should be truthy" time="0.388" classname="Chrome_85_0_4183_102_(Mac_OS_10_14_6).# Test vtkCell instance&#xA;"/>
  <testcase name="# Test vtkCell initialize without pointsIds&#xA; should be strictly equal" time="0.388" classname="Chrome_85_0_4183_102_(Mac_OS_10_14_6).# Test vtkCell initialize without pointsIds&#xA;"/>
  <testcase name="# Test vtkCell initialize without pointsIds&#xA; should be strictly equal" time="0.389" classname="Chrome_85_0_4183_102_(Mac_OS_10_14_6).# Test vtkCell initialize without pointsIds&#xA;"/>
  <testcase name="# Test vtkCell initialize without pointsIds&#xA; should be strictly equal" time="0.389" classname="Chrome_85_0_4183_102_(Mac_OS_10_14_6).# Test vtkCell initialize without pointsIds&#xA;"/>
  <testcase name="# Test vtkCell initialize without pointsIds&#xA; should be strictly equal" time="0.389" classname="Chrome_85_0_4183_102_(Mac_OS_10_14_6).# Test vtkCell initialize without pointsIds&#xA;"/>
  <testcase name="# Test vtkCell initialize without pointsIds&#xA; should be strictly equal" time="0.389" classname="Chrome_85_0_4183_102_(Mac_OS_10_14_6).# Test vtkCell initialize without pointsIds&#xA;"/>
  <testcase name="# Test vtkCell initialize with pointsIds&#xA; should be strictly equal" time="0.389" classname="Chrome_85_0_4183_102_(Mac_OS_10_14_6).# Test vtkCell initialize with pointsIds&#xA;"/>
  <testcase name="# Test vtkCell initialize with pointsIds&#xA; should be strictly equal" time="0.389" classname="Chrome_85_0_4183_102_(Mac_OS_10_14_6).# Test vtkCell initialize with pointsIds&#xA;"/>
  <testcase name="# Test vtkCell initialize with pointsIds&#xA; should be strictly equal" time="0.39" classname="Chrome_85_0_4183_102_(Mac_OS_10_14_6).# Test vtkCell initialize with pointsIds&#xA;"/>
  <testcase name="# Test vtkCell initialize with pointsIds&#xA; should be strictly equal" time="0.39" classname="Chrome_85_0_4183_102_(Mac_OS_10_14_6).# Test vtkCell initialize with pointsIds&#xA;"/>
  <testcase name="# Test vtkCell initialize with pointsIds&#xA; should not be strictly equal" time="0.39" classname="Chrome_85_0_4183_102_(Mac_OS_10_14_6).# Test vtkCell initialize with pointsIds&#xA;"/>
  <testcase name="# Test vtkCell initialize with pointsIds&#xA; should be strictly equal" time="0.39" classname="Chrome_85_0_4183_102_(Mac_OS_10_14_6).# Test vtkCell initialize with pointsIds&#xA;"/>
  <testcase name="# Test vtkCell initialize with pointsIds&#xA; should be deeply equivalent" time="0.39" classname="Chrome_85_0_4183_102_(Mac_OS_10_14_6).# Test vtkCell initialize with pointsIds&#xA;"/>
  <testcase name="# Test vtkCell initialize with pointsIds&#xA; should be deeply equivalent" time="0.39" classname="Chrome_85_0_4183_102_(Mac_OS_10_14_6).# Test vtkCell initialize with pointsIds&#xA;"/>
  <testcase name="# Test vtkCell initialize with pointsIds&#xA; should be deeply equivalent" time="0.391" classname="Chrome_85_0_4183_102_(Mac_OS_10_14_6).# Test vtkCell initialize with pointsIds&#xA;"/>
  <testcase name="# Test vtkCell deepCopy&#xA; should not be strictly equal" time="0.391" classname="Chrome_85_0_4183_102_(Mac_OS_10_14_6).# Test vtkCell deepCopy&#xA;"/>
  <testcase name="# Test vtkCell deepCopy&#xA; should be deeply equivalent" time="0.391" classname="Chrome_85_0_4183_102_(Mac_OS_10_14_6).# Test vtkCell deepCopy&#xA;"/>
  <testcase name="# Test Cone Implicit Function&#xA; Cone Implicit Function" time="0.575" classname="Chrome_85_0_4183_102_(Mac_OS_10_14_6).# Test Cone Implicit Function&#xA;"/>
  <testcase name="# Test Cone Implicit Function&#xA; Matching image - delta 0.00%" time="0.575" classname="Chrome_85_0_4183_102_(Mac_OS_10_14_6).# Test Cone Implicit Function&#xA;"/>
  <testcase name="# Test Cone Implicit Function&#xA; Image match resolution" time="0.578" classname="Chrome_85_0_4183_102_(Mac_OS_10_14_6).# Test Cone Implicit Function&#xA;"/>
  <testcase name="# Test vtkDataSetAttributes instance&#xA; Make sure the class definition exists" time="0.579" classname="Chrome_85_0_4183_102_(Mac_OS_10_14_6).# Test vtkDataSetAttributes instance&#xA;"/>
  <testcase name="# Test vtkDataSetAttributes instance&#xA; Make sure the newInstance method exists." time="0.579" classname="Chrome_85_0_4183_102_(Mac_OS_10_14_6).# Test vtkDataSetAttributes instance&#xA;"/>
  <testcase name="# Test vtkDataSetAttributes instance&#xA; Default number of arrays should be 0" time="0.579" classname="Chrome_85_0_4183_102_(Mac_OS_10_14_6).# Test vtkDataSetAttributes instance&#xA;"/>
  <testcase name="# Test vtkDataSetAttributes instance&#xA; Default Scalars should be null" time="0.579" classname="Chrome_85_0_4183_102_(Mac_OS_10_14_6).# Test vtkDataSetAttributes instance&#xA;"/>
  <testcase name="# Test vtkDataSetAttributes instance&#xA; Adding scalars empty DSA should return index of 0" time="0.58" classname="Chrome_85_0_4183_102_(Mac_OS_10_14_6).# Test vtkDataSetAttributes instance&#xA;"/>
  <testcase name="# Test vtkDataSetAttributes instance&#xA; Setting scalars should return 0 (the index of the array)." time="0.58" classname="Chrome_85_0_4183_102_(Mac_OS_10_14_6).# Test vtkDataSetAttributes instance&#xA;"/>
  <testcase name="# Test vtkDataSetAttributes instance&#xA; Setting scalars with an invalid name should return -1." time="0.58" classname="Chrome_85_0_4183_102_(Mac_OS_10_14_6).# Test vtkDataSetAttributes instance&#xA;"/>
  <testcase name="# Test vtkDataSetAttributes instance&#xA; Setting scalars with an invalid name should reset the attribute." time="0.58" classname="Chrome_85_0_4183_102_(Mac_OS_10_14_6).# Test vtkDataSetAttributes instance&#xA;"/>
  <testcase name="# Test vtkDataSetAttributes instance&#xA; Default Vectors should be null" time="0.58" classname="Chrome_85_0_4183_102_(Mac_OS_10_14_6).# Test vtkDataSetAttributes instance&#xA;"/>
  <testcase name="# Test vtkDataSetAttributes instance&#xA; Adding vectors empty DSA should return index of 1" time="0.58" classname="Chrome_85_0_4183_102_(Mac_OS_10_14_6).# Test vtkDataSetAttributes instance&#xA;"/>
  <testcase name="# Test vtkDataSetAttributes instance&#xA; Setting vectors should return 1 (the index of the array)." time="0.581" classname="Chrome_85_0_4183_102_(Mac_OS_10_14_6).# Test vtkDataSetAttributes instance&#xA;"/>
  <testcase name="# Test vtkDataSetAttributes instance&#xA; Setting vectors with an invalid name should return -1." time="0.581" classname="Chrome_85_0_4183_102_(Mac_OS_10_14_6).# Test vtkDataSetAttributes instance&#xA;"/>
  <testcase name="# Test vtkDataSetAttributes instance&#xA; Setting vectors with an invalid name should reset the attribute." time="0.581" classname="Chrome_85_0_4183_102_(Mac_OS_10_14_6).# Test vtkDataSetAttributes instance&#xA;"/>
  <testcase name="# Test vtkDataSetAttributes instance&#xA; Default Normals should be null" time="0.581" classname="Chrome_85_0_4183_102_(Mac_OS_10_14_6).# Test vtkDataSetAttributes instance&#xA;"/>
  <testcase name="# Test vtkDataSetAttributes instance&#xA; Adding normals empty DSA should return index of 2" time="0.581" classname="Chrome_85_0_4183_102_(Mac_OS_10_14_6).# Test vtkDataSetAttributes instance&#xA;"/>
  <testcase name="# Test vtkDataSetAttributes instance&#xA; Setting normals should return 2 (the index of the array)." time="0.581" classname="Chrome_85_0_4183_102_(Mac_OS_10_14_6).# Test vtkDataSetAttributes instance&#xA;"/>
  <testcase name="# Test vtkDataSetAttributes instance&#xA; Setting normals with an invalid name should return -1." time="0.581" classname="Chrome_85_0_4183_102_(Mac_OS_10_14_6).# Test vtkDataSetAttributes instance&#xA;"/>
  <testcase name="# Test vtkDataSetAttributes instance&#xA; Setting normals with an invalid name should reset the attribute." time="0.582" classname="Chrome_85_0_4183_102_(Mac_OS_10_14_6).# Test vtkDataSetAttributes instance&#xA;"/>
  <testcase name="# Test vtkDataSetAttributes instance&#xA; Default TCoords should be null" time="0.582" classname="Chrome_85_0_4183_102_(Mac_OS_10_14_6).# Test vtkDataSetAttributes instance&#xA;"/>
  <testcase name="# Test vtkDataSetAttributes instance&#xA; Adding tcoords empty DSA should return index of 3" time="0.582" classname="Chrome_85_0_4183_102_(Mac_OS_10_14_6).# Test vtkDataSetAttributes instance&#xA;"/>
  <testcase name="# Test vtkDataSetAttributes instance&#xA; Setting tcoords should return 3 (the index of the array)." time="0.582" classname="Chrome_85_0_4183_102_(Mac_OS_10_14_6).# Test vtkDataSetAttributes instance&#xA;"/>
  <testcase name="# Test vtkDataSetAttributes instance&#xA; Setting tcoords with an invalid name should return -1." time="0.582" classname="Chrome_85_0_4183_102_(Mac_OS_10_14_6).# Test vtkDataSetAttributes instance&#xA;"/>
  <testcase name="# Test vtkDataSetAttributes instance&#xA; Setting tcoords with an invalid name should reset the attribute." time="0.582" classname="Chrome_85_0_4183_102_(Mac_OS_10_14_6).# Test vtkDataSetAttributes instance&#xA;"/>
  <testcase name="# Test vtkDataSetAttributes instance&#xA; Default Tensors should be null" time="0.582" classname="Chrome_85_0_4183_102_(Mac_OS_10_14_6).# Test vtkDataSetAttributes instance&#xA;"/>
  <testcase name="# Test vtkDataSetAttributes instance&#xA; Adding tensors empty DSA should return index of 4" time="0.582" classname="Chrome_85_0_4183_102_(Mac_OS_10_14_6).# Test vtkDataSetAttributes instance&#xA;"/>
  <testcase name="# Test vtkDataSetAttributes instance&#xA; Setting tensors should return 4 (the index of the array)." time="0.582" classname="Chrome_85_0_4183_102_(Mac_OS_10_14_6).# Test vtkDataSetAttributes instance&#xA;"/>
  <testcase name="# Test vtkDataSetAttributes instance&#xA; Setting tensors with an invalid name should return -1." time="0.582" classname="Chrome_85_0_4183_102_(Mac_OS_10_14_6).# Test vtkDataSetAttributes instance&#xA;"/>
  <testcase name="# Test vtkDataSetAttributes instance&#xA; Setting tensors with an invalid name should reset the attribute." time="0.583" classname="Chrome_85_0_4183_102_(Mac_OS_10_14_6).# Test vtkDataSetAttributes instance&#xA;"/>
  <testcase name="# Test vtkDataSetAttributes instance&#xA; Default GlobalIds should be null" time="0.583" classname="Chrome_85_0_4183_102_(Mac_OS_10_14_6).# Test vtkDataSetAttributes instance&#xA;"/>
  <testcase name="# Test vtkDataSetAttributes instance&#xA; Adding globalids empty DSA should return index of 5" time="0.583" classname="Chrome_85_0_4183_102_(Mac_OS_10_14_6).# Test vtkDataSetAttributes instance&#xA;"/>
  <testcase name="# Test vtkDataSetAttributes instance&#xA; Setting globalids should return 5 (the index of the array)." time="0.583" classname="Chrome_85_0_4183_102_(Mac_OS_10_14_6).# Test vtkDataSetAttributes instance&#xA;"/>
  <testcase name="# Test vtkDataSetAttributes instance&#xA; Setting globalids with an invalid name should return -1." time="0.583" classname="Chrome_85_0_4183_102_(Mac_OS_10_14_6).# Test vtkDataSetAttributes instance&#xA;"/>
  <testcase name="# Test vtkDataSetAttributes instance&#xA; Setting globalids with an invalid name should reset the attribute." time="0.583" classname="Chrome_85_0_4183_102_(Mac_OS_10_14_6).# Test vtkDataSetAttributes instance&#xA;"/>
  <testcase name="# Test vtkDataSetAttributes instance&#xA; Default PedigreeIds should be null" time="0.583" classname="Chrome_85_0_4183_102_(Mac_OS_10_14_6).# Test vtkDataSetAttributes instance&#xA;"/>
  <testcase name="# Test vtkDataSetAttributes instance&#xA; Adding pedigreeids empty DSA should return index of 6" time="0.583" classname="Chrome_85_0_4183_102_(Mac_OS_10_14_6).# Test vtkDataSetAttributes instance&#xA;"/>
  <testcase name="# Test vtkDataSetAttributes instance&#xA; Setting pedigreeids should return 6 (the index of the array)." time="0.583" classname="Chrome_85_0_4183_102_(Mac_OS_10_14_6).# Test vtkDataSetAttributes instance&#xA;"/>
  <testcase name="# Test vtkDataSetAttributes instance&#xA; Setting pedigreeids with an invalid name should return -1." time="0.584" classname="Chrome_85_0_4183_102_(Mac_OS_10_14_6).# Test vtkDataSetAttributes instance&#xA;"/>
  <testcase name="# Test vtkDataSetAttributes instance&#xA; Setting pedigreeids with an invalid name should reset the attribute." time="0.584" classname="Chrome_85_0_4183_102_(Mac_OS_10_14_6).# Test vtkDataSetAttributes instance&#xA;"/>
  <testcase name="# Test vtkLine instance&#xA; Make sure the class definition exists" time="0.584" classname="Chrome_85_0_4183_102_(Mac_OS_10_14_6).# Test vtkLine instance&#xA;"/>
  <testcase name="# Test vtkLine instance&#xA; should be truthy" time="0.585" classname="Chrome_85_0_4183_102_(Mac_OS_10_14_6).# Test vtkLine instance&#xA;"/>
  <testcase name="# Test vtkLine static::intersection&#xA; Points on line" time="0.585" classname="Chrome_85_0_4183_102_(Mac_OS_10_14_6).# Test vtkLine static::intersection&#xA;"/>
  <testcase name="# Test vtkLine static::intersection&#xA; Points on line" time="0.585" classname="Chrome_85_0_4183_102_(Mac_OS_10_14_6).# Test vtkLine static::intersection&#xA;"/>
  <testcase name="# Test vtkLine static::intersection&#xA; Points on line" time="0.586" classname="Chrome_85_0_4183_102_(Mac_OS_10_14_6).# Test vtkLine static::intersection&#xA;"/>
  <testcase name="# Test vtkLine static::intersection&#xA; Intersection" time="0.586" classname="Chrome_85_0_4183_102_(Mac_OS_10_14_6).# Test vtkLine static::intersection&#xA;"/>
  <testcase name="# Test vtkLine static::intersection&#xA; should be strictly equal" time="0.586" classname="Chrome_85_0_4183_102_(Mac_OS_10_14_6).# Test vtkLine static::intersection&#xA;"/>
  <testcase name="# Test vtkLine static::intersection&#xA; should be strictly equal" time="0.586" classname="Chrome_85_0_4183_102_(Mac_OS_10_14_6).# Test vtkLine static::intersection&#xA;"/>
  <testcase name="# Test vtkLine static::intersection&#xA; No intersection" time="0.586" classname="Chrome_85_0_4183_102_(Mac_OS_10_14_6).# Test vtkLine static::intersection&#xA;"/>
  <testcase name="# Test vtkLine static::distanceToLine&#xA; Invalid line" time="0.586" classname="Chrome_85_0_4183_102_(Mac_OS_10_14_6).# Test vtkLine static::distanceToLine&#xA;"/>
  <testcase name="# Test vtkLine static::distanceToLine&#xA; should be strictly equal" time="0.586" classname="Chrome_85_0_4183_102_(Mac_OS_10_14_6).# Test vtkLine static::distanceToLine&#xA;"/>
  <testcase name="# Test vtkLine static::distanceToLine&#xA; should be deeply equivalent" time="0.586" classname="Chrome_85_0_4183_102_(Mac_OS_10_14_6).# Test vtkLine static::distanceToLine&#xA;"/>
  <testcase name="# Test vtkLine static::distanceToLine&#xA; On line" time="0.587" classname="Chrome_85_0_4183_102_(Mac_OS_10_14_6).# Test vtkLine static::distanceToLine&#xA;"/>
  <testcase name="# Test vtkLine static::distanceToLine&#xA; should be strictly equal" time="0.587" classname="Chrome_85_0_4183_102_(Mac_OS_10_14_6).# Test vtkLine static::distanceToLine&#xA;"/>
  <testcase name="# Test vtkLine static::distanceToLine&#xA; should be deeply equivalent" time="0.587" classname="Chrome_85_0_4183_102_(Mac_OS_10_14_6).# Test vtkLine static::distanceToLine&#xA;"/>
  <testcase name="# Test vtkLine static::distanceToLine&#xA; should be strictly equal" time="0.587" classname="Chrome_85_0_4183_102_(Mac_OS_10_14_6).# Test vtkLine static::distanceToLine&#xA;"/>
  <testcase name="# Test vtkLine static::distanceToLine&#xA; should be strictly equal" time="0.587" classname="Chrome_85_0_4183_102_(Mac_OS_10_14_6).# Test vtkLine static::distanceToLine&#xA;"/>
  <testcase name="# Test vtkLine static::distanceToLine&#xA; should be deeply equivalent" time="0.587" classname="Chrome_85_0_4183_102_(Mac_OS_10_14_6).# Test vtkLine static::distanceToLine&#xA;"/>
  <testcase name="# Test vtkLine static::distanceToLine&#xA; should be strictly equal" time="0.587" classname="Chrome_85_0_4183_102_(Mac_OS_10_14_6).# Test vtkLine static::distanceToLine&#xA;"/>
  <testcase name="# Test vtkLine static::distanceToLine&#xA; should be strictly equal" time="0.587" classname="Chrome_85_0_4183_102_(Mac_OS_10_14_6).# Test vtkLine static::distanceToLine&#xA;"/>
  <testcase name="# Test vtkLine static::distanceToLine&#xA; should be deeply equivalent" time="0.587" classname="Chrome_85_0_4183_102_(Mac_OS_10_14_6).# Test vtkLine static::distanceToLine&#xA;"/>
  <testcase name="# Test vtkLine static::distanceToLine&#xA; should be strictly equal" time="0.587" classname="Chrome_85_0_4183_102_(Mac_OS_10_14_6).# Test vtkLine static::distanceToLine&#xA;"/>
  <testcase name="# Test vtkLine static::distanceToLine&#xA; should be strictly equal" time="0.588" classname="Chrome_85_0_4183_102_(Mac_OS_10_14_6).# Test vtkLine static::distanceToLine&#xA;"/>
  <testcase name="# Test vtkLine static::distanceToLine&#xA; should be deeply equivalent" time="0.589" classname="Chrome_85_0_4183_102_(Mac_OS_10_14_6).# Test vtkLine static::distanceToLine&#xA;"/>
  <testcase name="# Test vtkLine intersectWithLine&#xA; should be strictly equal" time="0.589" classname="Chrome_85_0_4183_102_(Mac_OS_10_14_6).# Test vtkLine intersectWithLine&#xA;"/>
  <testcase name="# Test vtkLine intersectWithLine&#xA; should be deeply equivalent" time="0.591" classname="Chrome_85_0_4183_102_(Mac_OS_10_14_6).# Test vtkLine intersectWithLine&#xA;"/>
  <testcase name="# Test vtkLine intersectWithLine&#xA; should be strictly equal" time="0.592" classname="Chrome_85_0_4183_102_(Mac_OS_10_14_6).# Test vtkLine intersectWithLine&#xA;"/>
  <testcase name="# Test vtkLine intersectWithLine&#xA; should be strictly equal" time="0.592" classname="Chrome_85_0_4183_102_(Mac_OS_10_14_6).# Test vtkLine intersectWithLine&#xA;"/>
  <testcase name="# Test vtkLine intersectWithLine&#xA; should be deeply equivalent" time="0.592" classname="Chrome_85_0_4183_102_(Mac_OS_10_14_6).# Test vtkLine intersectWithLine&#xA;"/>
  <testcase name="# Test vtkLine intersectWithLine&#xA; should be strictly equal" time="0.592" classname="Chrome_85_0_4183_102_(Mac_OS_10_14_6).# Test vtkLine intersectWithLine&#xA;"/>
  <testcase name="# Test vtkLine intersectWithLine&#xA; should be strictly equal" time="0.592" classname="Chrome_85_0_4183_102_(Mac_OS_10_14_6).# Test vtkLine intersectWithLine&#xA;"/>
  <testcase name="# Test vtkPlane instance&#xA; Make sure the class definition exists" time="0.593" classname="Chrome_85_0_4183_102_(Mac_OS_10_14_6).# Test vtkPlane instance&#xA;"/>
  <testcase name="# Test vtkPlane instance&#xA; should be truthy" time="0.593" classname="Chrome_85_0_4183_102_(Mac_OS_10_14_6).# Test vtkPlane instance&#xA;"/>
  <testcase name="# Test vtkPlane projectVector&#xA; should be strictly equal" time="0.593" classname="Chrome_85_0_4183_102_(Mac_OS_10_14_6).# Test vtkPlane projectVector&#xA;"/>
  <testcase name="# Test vtkPlane projectVector&#xA; should be strictly equal" time="0.593" classname="Chrome_85_0_4183_102_(Mac_OS_10_14_6).# Test vtkPlane projectVector&#xA;"/>
  <testcase name="# Test vtkPlane projectVector&#xA; should be strictly equal" time="0.593" classname="Chrome_85_0_4183_102_(Mac_OS_10_14_6).# Test vtkPlane projectVector&#xA;"/>
  <testcase name="# Test vtkPlane projectVector&#xA; should be strictly equal" time="0.593" classname="Chrome_85_0_4183_102_(Mac_OS_10_14_6).# Test vtkPlane projectVector&#xA;"/>
  <testcase name="# Test vtkPlane projectVector&#xA; should be strictly equal" time="0.593" classname="Chrome_85_0_4183_102_(Mac_OS_10_14_6).# Test vtkPlane projectVector&#xA;"/>
  <testcase name="# Test vtkPlane projectVector&#xA; should be strictly equal" time="0.593" classname="Chrome_85_0_4183_102_(Mac_OS_10_14_6).# Test vtkPlane projectVector&#xA;"/>
  <testcase name="# Test vtkPlane projectVector&#xA; should be strictly equal" time="0.593" classname="Chrome_85_0_4183_102_(Mac_OS_10_14_6).# Test vtkPlane projectVector&#xA;"/>
  <testcase name="# Test vtkPlane projectVector&#xA; should be strictly equal" time="0.594" classname="Chrome_85_0_4183_102_(Mac_OS_10_14_6).# Test vtkPlane projectVector&#xA;"/>
  <testcase name="# Test vtkPlane projectVector&#xA; should be strictly equal" time="0.594" classname="Chrome_85_0_4183_102_(Mac_OS_10_14_6).# Test vtkPlane projectVector&#xA;"/>
  <testcase name="# Test vtkPlane projectPoint&#xA; should be strictly equal" time="0.594" classname="Chrome_85_0_4183_102_(Mac_OS_10_14_6).# Test vtkPlane projectPoint&#xA;"/>
  <testcase name="# Test vtkPlane projectPoint&#xA; should be strictly equal" time="0.594" classname="Chrome_85_0_4183_102_(Mac_OS_10_14_6).# Test vtkPlane projectPoint&#xA;"/>
  <testcase name="# Test vtkPlane projectPoint&#xA; should be strictly equal" time="0.594" classname="Chrome_85_0_4183_102_(Mac_OS_10_14_6).# Test vtkPlane projectPoint&#xA;"/>
  <testcase name="# Test vtkPlane DistanceToPlane&#xA; should be strictly equal" time="0.594" classname="Chrome_85_0_4183_102_(Mac_OS_10_14_6).# Test vtkPlane DistanceToPlane&#xA;"/>
  <testcase name="# Test vtkPlane DistanceToPlane&#xA; should be strictly equal" time="0.594" classname="Chrome_85_0_4183_102_(Mac_OS_10_14_6).# Test vtkPlane DistanceToPlane&#xA;"/>
  <testcase name="# Test vtkPlane Push&#xA; should be strictly equal" time="0.595" classname="Chrome_85_0_4183_102_(Mac_OS_10_14_6).# Test vtkPlane Push&#xA;"/>
  <testcase name="# Test vtkPlane Push&#xA; should be strictly equal" time="0.595" classname="Chrome_85_0_4183_102_(Mac_OS_10_14_6).# Test vtkPlane Push&#xA;"/>
  <testcase name="# Test vtkPlane Push&#xA; should be strictly equal" time="0.595" classname="Chrome_85_0_4183_102_(Mac_OS_10_14_6).# Test vtkPlane Push&#xA;"/>
  <testcase name="# Test vtkPlane intersectWithLine&#xA; should be strictly equal" time="0.595" classname="Chrome_85_0_4183_102_(Mac_OS_10_14_6).# Test vtkPlane intersectWithLine&#xA;"/>
  <testcase name="# Test vtkPlane intersectWithLine&#xA; should be strictly equal" time="0.595" classname="Chrome_85_0_4183_102_(Mac_OS_10_14_6).# Test vtkPlane intersectWithLine&#xA;"/>
  <testcase name="# Test vtkPlane intersectWithLine&#xA; should be strictly equal" time="0.595" classname="Chrome_85_0_4183_102_(Mac_OS_10_14_6).# Test vtkPlane intersectWithLine&#xA;"/>
  <testcase name="# Test vtkPlane intersectWithLine&#xA; should be strictly equal" time="0.595" classname="Chrome_85_0_4183_102_(Mac_OS_10_14_6).# Test vtkPlane intersectWithLine&#xA;"/>
  <testcase name="# Test vtkPlane intersectWithLine&#xA; should be strictly equal" time="0.595" classname="Chrome_85_0_4183_102_(Mac_OS_10_14_6).# Test vtkPlane intersectWithLine&#xA;"/>
  <testcase name="# Test vtkPlane intersectWithLine&#xA; should be strictly equal" time="0.595" classname="Chrome_85_0_4183_102_(Mac_OS_10_14_6).# Test vtkPlane intersectWithLine&#xA;"/>
  <testcase name="# Test vtkPlane intersectWithLine&#xA; should be strictly equal" time="0.596" classname="Chrome_85_0_4183_102_(Mac_OS_10_14_6).# Test vtkPlane intersectWithLine&#xA;"/>
  <testcase name="# Test vtkPlane intersectWithLine&#xA; should be strictly equal" time="0.596" classname="Chrome_85_0_4183_102_(Mac_OS_10_14_6).# Test vtkPlane intersectWithLine&#xA;"/>
  <testcase name="# Test vtkPlane intersectWithLine&#xA; should be strictly equal" time="0.596" classname="Chrome_85_0_4183_102_(Mac_OS_10_14_6).# Test vtkPlane intersectWithLine&#xA;"/>
  <testcase name="# Test vtkPlane intersectWithLine&#xA; should be strictly equal" time="0.596" classname="Chrome_85_0_4183_102_(Mac_OS_10_14_6).# Test vtkPlane intersectWithLine&#xA;"/>
  <testcase name="# Test vtkPlane intersectWithLine&#xA; should be strictly equal" time="0.596" classname="Chrome_85_0_4183_102_(Mac_OS_10_14_6).# Test vtkPlane intersectWithLine&#xA;"/>
  <testcase name="# Test vtkPlane intersectWithLine&#xA; should be strictly equal" time="0.596" classname="Chrome_85_0_4183_102_(Mac_OS_10_14_6).# Test vtkPlane intersectWithLine&#xA;"/>
  <testcase name="# Test vtkPlane intersectWithLine&#xA; should be strictly equal" time="0.596" classname="Chrome_85_0_4183_102_(Mac_OS_10_14_6).# Test vtkPlane intersectWithLine&#xA;"/>
  <testcase name="# Test vtkPlane intersectWithLine&#xA; should be strictly equal" time="0.596" classname="Chrome_85_0_4183_102_(Mac_OS_10_14_6).# Test vtkPlane intersectWithLine&#xA;"/>
  <testcase name="# Test vtkPlane intersectWithLine&#xA; should be strictly equal" time="0.596" classname="Chrome_85_0_4183_102_(Mac_OS_10_14_6).# Test vtkPlane intersectWithLine&#xA;"/>
  <testcase name="# Test vtkPlane intersectWithLine&#xA; should be strictly equal" time="0.596" classname="Chrome_85_0_4183_102_(Mac_OS_10_14_6).# Test vtkPlane intersectWithLine&#xA;"/>
  <testcase name="# Test vtkPlane intersectWithLine&#xA; should be strictly equal" time="0.597" classname="Chrome_85_0_4183_102_(Mac_OS_10_14_6).# Test vtkPlane intersectWithLine&#xA;"/>
  <testcase name="# Test vtkPlane intersectWithPlane&#xA; should be strictly equal" time="0.597" classname="Chrome_85_0_4183_102_(Mac_OS_10_14_6).# Test vtkPlane intersectWithPlane&#xA;"/>
  <testcase name="# Test vtkPlane intersectWithPlane&#xA; should be strictly equal" time="0.597" classname="Chrome_85_0_4183_102_(Mac_OS_10_14_6).# Test vtkPlane intersectWithPlane&#xA;"/>
  <testcase name="# Test vtkPlane intersectWithPlane&#xA; should be strictly equal" time="0.597" classname="Chrome_85_0_4183_102_(Mac_OS_10_14_6).# Test vtkPlane intersectWithPlane&#xA;"/>
  <testcase name="# Test vtkPlane intersectWithPlane&#xA; should be strictly equal" time="0.597" classname="Chrome_85_0_4183_102_(Mac_OS_10_14_6).# Test vtkPlane intersectWithPlane&#xA;"/>
  <testcase name="# Test vtkPlane intersectWithPlane&#xA; should be strictly equal" time="0.597" classname="Chrome_85_0_4183_102_(Mac_OS_10_14_6).# Test vtkPlane intersectWithPlane&#xA;"/>
  <testcase name="# Test vtkPlane intersectWithPlane&#xA; should be strictly equal" time="0.598" classname="Chrome_85_0_4183_102_(Mac_OS_10_14_6).# Test vtkPlane intersectWithPlane&#xA;"/>
  <testcase name="# Test vtkPlane intersectWithPlane&#xA; should be strictly equal" time="0.598" classname="Chrome_85_0_4183_102_(Mac_OS_10_14_6).# Test vtkPlane intersectWithPlane&#xA;"/>
  <testcase name="# Test vtkPlane intersectWithPlane&#xA; should be strictly equal" time="0.598" classname="Chrome_85_0_4183_102_(Mac_OS_10_14_6).# Test vtkPlane intersectWithPlane&#xA;"/>
  <testcase name="# Test vtkPlane intersectWithPlane&#xA; should be strictly equal" time="0.598" classname="Chrome_85_0_4183_102_(Mac_OS_10_14_6).# Test vtkPlane intersectWithPlane&#xA;"/>
  <testcase name="# Test vtkPlane intersectWithPlane&#xA; should be strictly equal" time="0.598" classname="Chrome_85_0_4183_102_(Mac_OS_10_14_6).# Test vtkPlane intersectWithPlane&#xA;"/>
  <testcase name="# Test vtkPlane intersectWithPlane&#xA; should be strictly equal" time="0.598" classname="Chrome_85_0_4183_102_(Mac_OS_10_14_6).# Test vtkPlane intersectWithPlane&#xA;"/>
  <testcase name="# Test vtkPlane intersectWithPlane&#xA; should be strictly equal" time="0.598" classname="Chrome_85_0_4183_102_(Mac_OS_10_14_6).# Test vtkPlane intersectWithPlane&#xA;"/>
  <testcase name="# Test vtkPlane intersectWithPlane&#xA; should be strictly equal" time="0.598" classname="Chrome_85_0_4183_102_(Mac_OS_10_14_6).# Test vtkPlane intersectWithPlane&#xA;"/>
  <testcase name="# Test vtkPlane intersectWithPlane&#xA; should be strictly equal" time="0.598" classname="Chrome_85_0_4183_102_(Mac_OS_10_14_6).# Test vtkPlane intersectWithPlane&#xA;"/>
  <testcase name="# Test vtkPlane intersectWithPlane&#xA; should be strictly equal" time="0.598" classname="Chrome_85_0_4183_102_(Mac_OS_10_14_6).# Test vtkPlane intersectWithPlane&#xA;"/>
  <testcase name="# Test vtkPlane evaluateFunction&#xA; should be strictly equal" time="0.598" classname="Chrome_85_0_4183_102_(Mac_OS_10_14_6).# Test vtkPlane evaluateFunction&#xA;"/>
  <testcase name="# Test vtkPlane evaluateFunction&#xA; should be strictly equal" time="0.599" classname="Chrome_85_0_4183_102_(Mac_OS_10_14_6).# Test vtkPlane evaluateFunction&#xA;"/>
  <testcase name="# Test vtkPlane evaluateFunction&#xA; should be strictly equal" time="0.599" classname="Chrome_85_0_4183_102_(Mac_OS_10_14_6).# Test vtkPlane evaluateFunction&#xA;"/>
  <testcase name="# Test vtkPolyData instance&#xA; Make sure the class definition exists" time="0.599" classname="Chrome_85_0_4183_102_(Mac_OS_10_14_6).# Test vtkPolyData instance&#xA;"/>
  <testcase name="# Test vtkPolyData instance&#xA; should be truthy" time="0.603" classname="Chrome_85_0_4183_102_(Mac_OS_10_14_6).# Test vtkPolyData instance&#xA;"/>
  <testcase name="# Test vtkPolyData cells&#xA; Line cell should be made of the number of points plus 1" time="0.604" classname="Chrome_85_0_4183_102_(Mac_OS_10_14_6).# Test vtkPolyData cells&#xA;"/>
  <testcase name="# Test vtkPolyData cells&#xA; Triangle cells should be made of 3 points" time="0.608" classname="Chrome_85_0_4183_102_(Mac_OS_10_14_6).# Test vtkPolyData cells&#xA;"/>
  <testcase name="# Test vtkPolyData cells&#xA; should be deeply equivalent" time="0.609" classname="Chrome_85_0_4183_102_(Mac_OS_10_14_6).# Test vtkPolyData cells&#xA;"/>
  <testcase name="# Test vtkTriangle instance&#xA; Make sure the class definition exists" time="0.61" classname="Chrome_85_0_4183_102_(Mac_OS_10_14_6).# Test vtkTriangle instance&#xA;"/>
  <testcase name="# Test vtkTriangle instance&#xA; should be truthy" time="0.61" classname="Chrome_85_0_4183_102_(Mac_OS_10_14_6).# Test vtkTriangle instance&#xA;"/>
  <testcase name="# Test vtkTriangle static::computeNormalDirection&#xA; should be deeply equivalent" time="0.61" classname="Chrome_85_0_4183_102_(Mac_OS_10_14_6).# Test vtkTriangle static::computeNormalDirection&#xA;"/>
  <testcase name="# Test vtkTriangle static::computeNormalDirection&#xA; should be deeply equivalent" time="0.61" classname="Chrome_85_0_4183_102_(Mac_OS_10_14_6).# Test vtkTriangle static::computeNormalDirection&#xA;"/>
  <testcase name="# Test vtkTriangle static::computeNormalDirection&#xA; should be deeply equivalent" time="0.61" classname="Chrome_85_0_4183_102_(Mac_OS_10_14_6).# Test vtkTriangle static::computeNormalDirection&#xA;"/>
  <testcase name="# Test vtkTriangle static::computeNormal&#xA; should be deeply equivalent" time="0.61" classname="Chrome_85_0_4183_102_(Mac_OS_10_14_6).# Test vtkTriangle static::computeNormal&#xA;"/>
  <testcase name="# Test vtkTriangle static::computeNormal&#xA; should be deeply equivalent" time="0.61" classname="Chrome_85_0_4183_102_(Mac_OS_10_14_6).# Test vtkTriangle static::computeNormal&#xA;"/>
  <testcase name="# Test vtkTriangle static::computeNormal&#xA; should be deeply equivalent" time="0.611" classname="Chrome_85_0_4183_102_(Mac_OS_10_14_6).# Test vtkTriangle static::computeNormal&#xA;"/>
  <testcase name="# Test vtkTriangle intersectWithLine&#xA; should be strictly equal" time="0.612" classname="Chrome_85_0_4183_102_(Mac_OS_10_14_6).# Test vtkTriangle intersectWithLine&#xA;"/>
  <testcase name="# Test vtkTriangle intersectWithLine&#xA; should be strictly equal" time="0.612" classname="Chrome_85_0_4183_102_(Mac_OS_10_14_6).# Test vtkTriangle intersectWithLine&#xA;"/>
  <testcase name="# Test vtkTriangle intersectWithLine&#xA; should be strictly equal" time="0.612" classname="Chrome_85_0_4183_102_(Mac_OS_10_14_6).# Test vtkTriangle intersectWithLine&#xA;"/>
  <testcase name="# Test vtkTriangle intersectWithLine&#xA; should be deeply equivalent" time="0.612" classname="Chrome_85_0_4183_102_(Mac_OS_10_14_6).# Test vtkTriangle intersectWithLine&#xA;"/>
  <testcase name="# Test vtkTriangle intersectWithLine&#xA; should be deeply equivalent" time="0.612" classname="Chrome_85_0_4183_102_(Mac_OS_10_14_6).# Test vtkTriangle intersectWithLine&#xA;"/>
  <testcase name="# Test vtkTriangle intersectWithLine&#xA; should be strictly equal" time="0.612" classname="Chrome_85_0_4183_102_(Mac_OS_10_14_6).# Test vtkTriangle intersectWithLine&#xA;"/>
  <testcase name="# Test vtkTriangle intersectWithLine&#xA; should be strictly equal" time="0.612" classname="Chrome_85_0_4183_102_(Mac_OS_10_14_6).# Test vtkTriangle intersectWithLine&#xA;"/>
  <testcase name="# Test vtkTriangle intersectWithLine&#xA; should be deeply equivalent" time="0.612" classname="Chrome_85_0_4183_102_(Mac_OS_10_14_6).# Test vtkTriangle intersectWithLine&#xA;"/>
  <testcase name="# Test vtkTriangle intersectWithLine&#xA; should be deeply equivalent" time="0.612" classname="Chrome_85_0_4183_102_(Mac_OS_10_14_6).# Test vtkTriangle intersectWithLine&#xA;"/>
  <testcase name="# Test vtkTriangle intersectWithLine&#xA; should be strictly equal" time="0.613" classname="Chrome_85_0_4183_102_(Mac_OS_10_14_6).# Test vtkTriangle intersectWithLine&#xA;"/>
  <testcase name="# Test vtkTriangle intersectWithLine&#xA; should be strictly equal" time="0.613" classname="Chrome_85_0_4183_102_(Mac_OS_10_14_6).# Test vtkTriangle intersectWithLine&#xA;"/>
  <testcase name="# Test vtkTriangle intersectWithLine&#xA; should be strictly equal" time="0.613" classname="Chrome_85_0_4183_102_(Mac_OS_10_14_6).# Test vtkTriangle intersectWithLine&#xA;"/>
  <testcase name="# Test vtkTriangle intersectWithLine&#xA; should be strictly equal" time="0.613" classname="Chrome_85_0_4183_102_(Mac_OS_10_14_6).# Test vtkTriangle intersectWithLine&#xA;"/>
  <testcase name="# Test vtkTriangle intersectWithLine&#xA; should be deeply equivalent" time="0.613" classname="Chrome_85_0_4183_102_(Mac_OS_10_14_6).# Test vtkTriangle intersectWithLine&#xA;"/>
  <testcase name="# Test vtkTriangle evaluatePosition&#xA; should be strictly equal" time="0.613" classname="Chrome_85_0_4183_102_(Mac_OS_10_14_6).# Test vtkTriangle evaluatePosition&#xA;"/>
  <testcase name="# Test vtkTriangle evaluatePosition&#xA; should be strictly equal" time="0.613" classname="Chrome_85_0_4183_102_(Mac_OS_10_14_6).# Test vtkTriangle evaluatePosition&#xA;"/>
  <testcase name="# Test vtkTriangle evaluatePosition&#xA; should be deeply equivalent" time="0.613" classname="Chrome_85_0_4183_102_(Mac_OS_10_14_6).# Test vtkTriangle evaluatePosition&#xA;"/>
  <testcase name="# Test vtkTriangle evaluatePosition&#xA; should be deeply equivalent" time="0.614" classname="Chrome_85_0_4183_102_(Mac_OS_10_14_6).# Test vtkTriangle evaluatePosition&#xA;"/>
  <testcase name="# Test vtkTriangle evaluatePosition&#xA; should be strictly equal" time="0.614" classname="Chrome_85_0_4183_102_(Mac_OS_10_14_6).# Test vtkTriangle evaluatePosition&#xA;"/>
  <testcase name="# Test vtkTriangle evaluatePosition&#xA; should be strictly equal" time="0.614" classname="Chrome_85_0_4183_102_(Mac_OS_10_14_6).# Test vtkTriangle evaluatePosition&#xA;"/>
  <testcase name="# Test vtkTriangle evaluatePosition&#xA; should be deeply equivalent" time="0.614" classname="Chrome_85_0_4183_102_(Mac_OS_10_14_6).# Test vtkTriangle evaluatePosition&#xA;"/>
  <testcase name="# Test vtkTriangle evaluatePosition&#xA; should be deeply equivalent" time="0.614" classname="Chrome_85_0_4183_102_(Mac_OS_10_14_6).# Test vtkTriangle evaluatePosition&#xA;"/>
  <testcase name="# Test vtkTriangle evaluatePosition&#xA; should be strictly equal" time="0.614" classname="Chrome_85_0_4183_102_(Mac_OS_10_14_6).# Test vtkTriangle evaluatePosition&#xA;"/>
  <testcase name="# Test vtkTriangle evaluatePosition&#xA; should be strictly equal" time="0.614" classname="Chrome_85_0_4183_102_(Mac_OS_10_14_6).# Test vtkTriangle evaluatePosition&#xA;"/>
  <testcase name="# Test vtkTriangle evaluatePosition&#xA; should be deeply equivalent" time="0.614" classname="Chrome_85_0_4183_102_(Mac_OS_10_14_6).# Test vtkTriangle evaluatePosition&#xA;"/>
  <testcase name="# Test vtkTriangle evaluatePosition&#xA; should be deeply equivalent" time="0.619" classname="Chrome_85_0_4183_102_(Mac_OS_10_14_6).# Test vtkTriangle evaluatePosition&#xA;"/>
  <testcase name="# Test vtkCutter cutCube&#xA; should be strictly equal" time="0.619" classname="Chrome_85_0_4183_102_(Mac_OS_10_14_6).# Test vtkCutter cutCube&#xA;"/>
  <testcase name="# Test vtkCutter cutCube&#xA; should be strictly equal" time="0.619" classname="Chrome_85_0_4183_102_(Mac_OS_10_14_6).# Test vtkCutter cutCube&#xA;"/>
  <testcase name="# Test vtkCutter cutCube&#xA; should be strictly equal" time="0.619" classname="Chrome_85_0_4183_102_(Mac_OS_10_14_6).# Test vtkCutter cutCube&#xA;"/>
  <testcase name="# Test vtkCutter cutCube&#xA; should be strictly equal" time="0.619" classname="Chrome_85_0_4183_102_(Mac_OS_10_14_6).# Test vtkCutter cutCube&#xA;"/>
  <testcase name="# Test vtkCutter cutCube&#xA; should be strictly equal" time="0.62" classname="Chrome_85_0_4183_102_(Mac_OS_10_14_6).# Test vtkCutter cutCube&#xA;"/>
  <testcase name="# Test vtkCutter cutCube&#xA; should be strictly equal" time="0.62" classname="Chrome_85_0_4183_102_(Mac_OS_10_14_6).# Test vtkCutter cutCube&#xA;"/>
  <testcase name="# Test vtkAppendPolyData instance&#xA; Make sure the class definition exists." time="0.62" classname="Chrome_85_0_4183_102_(Mac_OS_10_14_6).# Test vtkAppendPolyData instance&#xA;"/>
  <testcase name="# Test vtkAppendPolyData instance&#xA; Make sure an instance can be created." time="0.623" classname="Chrome_85_0_4183_102_(Mac_OS_10_14_6).# Test vtkAppendPolyData instance&#xA;"/>
  <testcase name="# Test vtkAppendPolyData execution&#xA; Make sure the number of points is correct." time="0.623" classname="Chrome_85_0_4183_102_(Mac_OS_10_14_6).# Test vtkAppendPolyData execution&#xA;"/>
  <testcase name="# Test vtkAppendPolyData execution&#xA; Make sure the output data type is correct." time="0.624" classname="Chrome_85_0_4183_102_(Mac_OS_10_14_6).# Test vtkAppendPolyData execution&#xA;"/>
  <testcase name="# Test vtkAppendPolyData execution&#xA; Make sure the number of polys is correct." time="0.624" classname="Chrome_85_0_4183_102_(Mac_OS_10_14_6).# Test vtkAppendPolyData execution&#xA;"/>
  <testcase name="# Test vtkAppendPolyData rendering&#xA; vtkAppendPolyData Rendering" time="0.699" classname="Chrome_85_0_4183_102_(Mac_OS_10_14_6).# Test vtkAppendPolyData rendering&#xA;"/>
  <testcase name="# Test vtkAppendPolyData rendering&#xA; Matching image - delta 0.00%" time="0.699" classname="Chrome_85_0_4183_102_(Mac_OS_10_14_6).# Test vtkAppendPolyData rendering&#xA;"/>
  <testcase name="# Test vtkAppendPolyData rendering&#xA; Image match resolution" time="0.704" classname="Chrome_85_0_4183_102_(Mac_OS_10_14_6).# Test vtkAppendPolyData rendering&#xA;"/>
  <testcase name="# Test vtkCalculator instance&#xA; Make sure the class definition exists." time="0.704" classname="Chrome_85_0_4183_102_(Mac_OS_10_14_6).# Test vtkCalculator instance&#xA;"/>
  <testcase name="# Test vtkCalculator instance&#xA; Make sure an instance can be created." time="0.707" classname="Chrome_85_0_4183_102_(Mac_OS_10_14_6).# Test vtkCalculator instance&#xA;"/>
  <testcase name="# Test vtkCalculator execution&#xA; Output dataset exists" time="0.707" classname="Chrome_85_0_4183_102_(Mac_OS_10_14_6).# Test vtkCalculator execution&#xA;"/>
  <testcase name="# Test vtkCalculator execution&#xA; The output dataset should be a vtkPolydata" time="0.707" classname="Chrome_85_0_4183_102_(Mac_OS_10_14_6).# Test vtkCalculator execution&#xA;"/>
  <testcase name="# Test vtkCalculator execution&#xA; The number of points did not change between input 66 and output 66" time="0.707" classname="Chrome_85_0_4183_102_(Mac_OS_10_14_6).# Test vtkCalculator execution&#xA;"/>
  <testcase name="# Test vtkCalculator execution&#xA; Output point-scalars array exists." time="0.707" classname="Chrome_85_0_4183_102_(Mac_OS_10_14_6).# Test vtkCalculator execution&#xA;"/>
  <testcase name="# Test vtkCalculator execution&#xA; Output point-scalars is &quot;sine wave&quot;." time="0.708" classname="Chrome_85_0_4183_102_(Mac_OS_10_14_6).# Test vtkCalculator execution&#xA;"/>
  <testcase name="# Test vtkCalculator execution&#xA; Output field-data array exists." time="0.708" classname="Chrome_85_0_4183_102_(Mac_OS_10_14_6).# Test vtkCalculator execution&#xA;"/>
  <testcase name="# Test vtkCalculator execution&#xA; The uniform result variable should be 22.55; got 22.549999237060547." time="0.708" classname="Chrome_85_0_4183_102_(Mac_OS_10_14_6).# Test vtkCalculator execution&#xA;"/>
  <testcase name="# Test vtkImageStreamline instance&#xA; Make sure the class definition exist" time="0.708" classname="Chrome_85_0_4183_102_(Mac_OS_10_14_6).# Test vtkImageStreamline instance&#xA;"/>
  <testcase name="# Test vtkImageStreamline instance&#xA; Make sure the instance exist" time="0.708" classname="Chrome_85_0_4183_102_(Mac_OS_10_14_6).# Test vtkImageStreamline instance&#xA;"/>
  <testcase name="# Test vtkImageStreamline instance&#xA; Default integrationStep should be 1" time="0.708" classname="Chrome_85_0_4183_102_(Mac_OS_10_14_6).# Test vtkImageStreamline instance&#xA;"/>
  <testcase name="# Test vtkImageStreamline instance&#xA; Default MaximumNumberOfSteps should be 1000" time="0.709" classname="Chrome_85_0_4183_102_(Mac_OS_10_14_6).# Test vtkImageStreamline instance&#xA;"/>
  <testcase name="# Test vtkImageStreamline instance&#xA; Updated value of integrationStep should be 0.1" time="0.789" classname="Chrome_85_0_4183_102_(Mac_OS_10_14_6).# Test vtkImageStreamline instance&#xA;"/>
  <testcase name="# Test vtkImageStreamline execution&#xA; Output dataset exist" time="0.789" classname="Chrome_85_0_4183_102_(Mac_OS_10_14_6).# Test vtkImageStreamline execution&#xA;"/>
  <testcase name="# Test vtkImageStreamline execution&#xA; The output dataset should be a vtkPolydata" time="0.789" classname="Chrome_85_0_4183_102_(Mac_OS_10_14_6).# Test vtkImageStreamline execution&#xA;"/>
  <testcase name="# Test vtkImageStreamline execution&#xA; The number of points should be 2228" time="0.789" classname="Chrome_85_0_4183_102_(Mac_OS_10_14_6).# Test vtkImageStreamline execution&#xA;"/>
  <testcase name="# Test MultipleBonds&#xA; should be truthy" time="0.93" classname="Chrome_85_0_4183_102_(Mac_OS_10_14_6).# Test MultipleBonds&#xA;"/>
  <testcase name="# Test MultipleBonds&#xA; Matching image - delta 0.00%" time="0.93" classname="Chrome_85_0_4183_102_(Mac_OS_10_14_6).# Test MultipleBonds&#xA;"/>
  <testcase name="# Test MultipleBonds&#xA; Image match resolution" time="0.934" classname="Chrome_85_0_4183_102_(Mac_OS_10_14_6).# Test MultipleBonds&#xA;"/>
  <testcase name="# Test vtkTubeFilter instance&#xA; Make sure the class definition exists." time="0.934" classname="Chrome_85_0_4183_102_(Mac_OS_10_14_6).# Test vtkTubeFilter instance&#xA;"/>
  <testcase name="# Test vtkTubeFilter instance&#xA; Make sure an instance can be created." time="0.938" classname="Chrome_85_0_4183_102_(Mac_OS_10_14_6).# Test vtkTubeFilter instance&#xA;"/>
  <testcase name="# Test vtkTubeFilter execution&#xA; Make sure the output data type is double." time="0.939" classname="Chrome_85_0_4183_102_(Mac_OS_10_14_6).# Test vtkTubeFilter execution&#xA;"/>
  <testcase name="# Test vtkTubeFilter execution&#xA; Make sure the output number of points is correct without capping." time="0.939" classname="Chrome_85_0_4183_102_(Mac_OS_10_14_6).# Test vtkTubeFilter execution&#xA;"/>
  <testcase name="# Test vtkTubeFilter execution&#xA; Make sure the output number of normals is correct without capping." time="0.94" classname="Chrome_85_0_4183_102_(Mac_OS_10_14_6).# Test vtkTubeFilter execution&#xA;"/>
  <testcase name="# Test vtkTubeFilter execution&#xA; Make sure the output data type is float." time="0.941" classname="Chrome_85_0_4183_102_(Mac_OS_10_14_6).# Test vtkTubeFilter execution&#xA;"/>
  <testcase name="# Test vtkTubeFilter execution&#xA; Make sure the output number of points is correct with capping." time="0.941" classname="Chrome_85_0_4183_102_(Mac_OS_10_14_6).# Test vtkTubeFilter execution&#xA;"/>
  <testcase name="# Test vtkTubeFilter execution&#xA; Make sure the output number of normals is correct with capping." time="0.941" classname="Chrome_85_0_4183_102_(Mac_OS_10_14_6).# Test vtkTubeFilter execution&#xA;"/>
  <testcase name="# Test vtkTubeFilter rendering&#xA; vtkTubeFilter Rendering" time="1.026" classname="Chrome_85_0_4183_102_(Mac_OS_10_14_6).# Test vtkTubeFilter rendering&#xA;"/>
  <testcase name="# Test vtkTubeFilter rendering&#xA; Matching image - delta 0.00%" time="1.027" classname="Chrome_85_0_4183_102_(Mac_OS_10_14_6).# Test vtkTubeFilter rendering&#xA;"/>
  <testcase name="# Test vtkTubeFilter rendering&#xA; Image match resolution" time="1.032" classname="Chrome_85_0_4183_102_(Mac_OS_10_14_6).# Test vtkTubeFilter rendering&#xA;"/>
  <testcase name="# Test vtkTubeFilter colorMapping&#xA; Make sure the output number of points is correct without capping." time="1.032" classname="Chrome_85_0_4183_102_(Mac_OS_10_14_6).# Test vtkTubeFilter colorMapping&#xA;"/>
  <testcase name="# Test vtkTubeFilter colorMapping&#xA; Make sure the length of the radius array is correct." time="1.032" classname="Chrome_85_0_4183_102_(Mac_OS_10_14_6).# Test vtkTubeFilter colorMapping&#xA;"/>
  <testcase name="# Test vtkTubeFilter colorMapping&#xA; Make sure the length of the color array is correct." time="1.032" classname="Chrome_85_0_4183_102_(Mac_OS_10_14_6).# Test vtkTubeFilter colorMapping&#xA;"/>
  <testcase name="# Test vtkTubeFilter colorMapping&#xA; Make sure the array name to color by is correct." time="1.032" classname="Chrome_85_0_4183_102_(Mac_OS_10_14_6).# Test vtkTubeFilter colorMapping&#xA;"/>
  <testcase name="# Test vtkTubeFilter colorMapping&#xA; Make sure the scalar mode is correct." time="1.033" classname="Chrome_85_0_4183_102_(Mac_OS_10_14_6).# Test vtkTubeFilter colorMapping&#xA;"/>
  <testcase name="# Test vtkTubeFilter colorMapping&#xA; Make sure the color mode is correct." time="1.091" classname="Chrome_85_0_4183_102_(Mac_OS_10_14_6).# Test vtkTubeFilter colorMapping&#xA;"/>
  <testcase name="# Test vtkTubeFilter color map rendering&#xA; Matching image - delta 0.00%" time="1.091" classname="Chrome_85_0_4183_102_(Mac_OS_10_14_6).# Test vtkTubeFilter color map rendering&#xA;"/>
  <testcase name="# Test vtkTubeFilter color map rendering&#xA; Image match resolution" time="1.093" classname="Chrome_85_0_4183_102_(Mac_OS_10_14_6).# Test vtkTubeFilter color map rendering&#xA;"/>
  <testcase name="# Test vtkWarpScalar instance&#xA; Make sure the class definition exist" time="1.093" classname="Chrome_85_0_4183_102_(Mac_OS_10_14_6).# Test vtkWarpScalar instance&#xA;"/>
  <testcase name="# Test vtkWarpScalar instance&#xA; Make sure the instance exist" time="1.093" classname="Chrome_85_0_4183_102_(Mac_OS_10_14_6).# Test vtkWarpScalar instance&#xA;"/>
  <testcase name="# Test vtkWarpScalar instance&#xA; Default ScaleFactor should be 1" time="1.093" classname="Chrome_85_0_4183_102_(Mac_OS_10_14_6).# Test vtkWarpScalar instance&#xA;"/>
  <testcase name="# Test vtkWarpScalar instance&#xA; Default UseNormal should be false" time="1.094" classname="Chrome_85_0_4183_102_(Mac_OS_10_14_6).# Test vtkWarpScalar instance&#xA;"/>
  <testcase name="# Test vtkWarpScalar instance&#xA; Default xyPlane should be false" time="1.094" classname="Chrome_85_0_4183_102_(Mac_OS_10_14_6).# Test vtkWarpScalar instance&#xA;"/>
  <testcase name="# Test vtkWarpScalar instance&#xA; Default normal should be [0, 0, 1]" time="1.094" classname="Chrome_85_0_4183_102_(Mac_OS_10_14_6).# Test vtkWarpScalar instance&#xA;"/>
  <testcase name="# Test vtkWarpScalar instance&#xA; Updated value of ScaleFactor should be 2.5" time="1.096" classname="Chrome_85_0_4183_102_(Mac_OS_10_14_6).# Test vtkWarpScalar instance&#xA;"/>
  <testcase name="# Test vtkWarpScalar execution&#xA; Output dataset exist" time="1.096" classname="Chrome_85_0_4183_102_(Mac_OS_10_14_6).# Test vtkWarpScalar execution&#xA;"/>
  <testcase name="# Test vtkWarpScalar execution&#xA; The output dataset should be a vtkPolydata" time="1.096" classname="Chrome_85_0_4183_102_(Mac_OS_10_14_6).# Test vtkWarpScalar execution&#xA;"/>
  <testcase name="# Test vtkWarpScalar execution&#xA; The number of points do not change between input 50 and output 50" time="1.096" classname="Chrome_85_0_4183_102_(Mac_OS_10_14_6).# Test vtkWarpScalar execution&#xA;"/>
  <testcase name="# Test vtkConcentricCylinderSource Rendering&#xA; vtkConcentricCylinderSource Rendering" time="1.164" classname="Chrome_85_0_4183_102_(Mac_OS_10_14_6).# Test vtkConcentricCylinderSource Rendering&#xA;"/>
  <testcase name="# Test vtkConcentricCylinderSource Rendering&#xA; Matching image - delta 0.00%" time="1.164" classname="Chrome_85_0_4183_102_(Mac_OS_10_14_6).# Test vtkConcentricCylinderSource Rendering&#xA;"/>
  <testcase name="# Test vtkConcentricCylinderSource Rendering&#xA; Image match resolution" time="1.166" classname="Chrome_85_0_4183_102_(Mac_OS_10_14_6).# Test vtkConcentricCylinderSource Rendering&#xA;"/>
  <testcase name="# Test vtkConeSource Rendering&#xA; vtkConeSource Rendering" time="1.242" classname="Chrome_85_0_4183_102_(Mac_OS_10_14_6).# Test vtkConeSource Rendering&#xA;"/>
  <testcase name="# Test vtkConeSource Rendering&#xA; Matching image - delta 0.00%" time="1.242" classname="Chrome_85_0_4183_102_(Mac_OS_10_14_6).# Test vtkConeSource Rendering&#xA;"/>
  <testcase name="# Test vtkConeSource Rendering&#xA; Image match resolution" time="1.246" classname="Chrome_85_0_4183_102_(Mac_OS_10_14_6).# Test vtkConeSource Rendering&#xA;"/>
  <testcase name="# Test vtkCubeSource Rendering&#xA; vtkCubeSource Rendering" time="1.376" classname="Chrome_85_0_4183_102_(Mac_OS_10_14_6).# Test vtkCubeSource Rendering&#xA;"/>
  <testcase name="# Test vtkCubeSource Rendering&#xA; Matching image - delta 0.69%" time="1.377" classname="Chrome_85_0_4183_102_(Mac_OS_10_14_6).# Test vtkCubeSource Rendering&#xA;"/>
  <testcase name="# Test vtkCubeSource Rendering&#xA; Image match resolution" time="1.38" classname="Chrome_85_0_4183_102_(Mac_OS_10_14_6).# Test vtkCubeSource Rendering&#xA;"/>
  <testcase name="# Test vtkCylinderSource Rendering&#xA; vtkCylinderSource Rendering" time="1.446" classname="Chrome_85_0_4183_102_(Mac_OS_10_14_6).# Test vtkCylinderSource Rendering&#xA;"/>
  <testcase name="# Test vtkCylinderSource Rendering&#xA; Matching image - delta 0.00%" time="1.447" classname="Chrome_85_0_4183_102_(Mac_OS_10_14_6).# Test vtkCylinderSource Rendering&#xA;"/>
  <testcase name="# Test vtkCylinderSource Rendering&#xA; Image match resolution" time="1.449" classname="Chrome_85_0_4183_102_(Mac_OS_10_14_6).# Test vtkCylinderSource Rendering&#xA;"/>
  <testcase name="# Test vtkLineSource Rendering&#xA; vtkLineSource Rendering" time="1.513" classname="Chrome_85_0_4183_102_(Mac_OS_10_14_6).# Test vtkLineSource Rendering&#xA;"/>
  <testcase name="# Test vtkLineSource Rendering&#xA; Matching image - delta 0.24%" time="1.513" classname="Chrome_85_0_4183_102_(Mac_OS_10_14_6).# Test vtkLineSource Rendering&#xA;"/>
  <testcase name="# Test vtkLineSource Rendering&#xA; Image match resolution" time="1.515" classname="Chrome_85_0_4183_102_(Mac_OS_10_14_6).# Test vtkLineSource Rendering&#xA;"/>
  <testcase name="# Test vtkPlaneSource Rendering&#xA; vtkPlaneSource Rendering" time="1.588" classname="Chrome_85_0_4183_102_(Mac_OS_10_14_6).# Test vtkPlaneSource Rendering&#xA;"/>
  <testcase name="# Test vtkPlaneSource Rendering&#xA; Matching image - delta 0.00%" time="1.588" classname="Chrome_85_0_4183_102_(Mac_OS_10_14_6).# Test vtkPlaneSource Rendering&#xA;"/>
  <testcase name="# Test vtkPlaneSource Rendering&#xA; Image match resolution" time="1.591" classname="Chrome_85_0_4183_102_(Mac_OS_10_14_6).# Test vtkPlaneSource Rendering&#xA;"/>
  <testcase name="# Test vtkPointSource Rendering&#xA; vtkPointSource Rendering" time="1.671" classname="Chrome_85_0_4183_102_(Mac_OS_10_14_6).# Test vtkPointSource Rendering&#xA;"/>
  <testcase name="# Test vtkPointSource Rendering&#xA; Matching image - delta 0.00%" time="1.671" classname="Chrome_85_0_4183_102_(Mac_OS_10_14_6).# Test vtkPointSource Rendering&#xA;"/>
  <testcase name="# Test vtkPointSource Rendering&#xA; Image match resolution" time="1.673" classname="Chrome_85_0_4183_102_(Mac_OS_10_14_6).# Test vtkPointSource Rendering&#xA;"/>
  <testcase name="# Test vtkTextureMapToPlane instance&#xA; Make sure the class definition exists" time="1.673" classname="Chrome_85_0_4183_102_(Mac_OS_10_14_6).# Test vtkTextureMapToPlane instance&#xA;"/>
  <testcase name="# Test vtkTextureMapToPlane instance&#xA; should be truthy" time="1.675" classname="Chrome_85_0_4183_102_(Mac_OS_10_14_6).# Test vtkTextureMapToPlane instance&#xA;"/>
  <testcase name="# Test vtkTextureMapToPlane TCoords generation&#xA; should be strictly equal" time="1.675" classname="Chrome_85_0_4183_102_(Mac_OS_10_14_6).# Test vtkTextureMapToPlane TCoords generation&#xA;"/>
  <testcase name="# Test vtkTextureMapToPlane TCoords generation&#xA; should be strictly equal" time="1.675" classname="Chrome_85_0_4183_102_(Mac_OS_10_14_6).# Test vtkTextureMapToPlane TCoords generation&#xA;"/>
  <testcase name="# Test vtkTextureMapToPlane TCoords generation&#xA; should be strictly equal" time="1.675" classname="Chrome_85_0_4183_102_(Mac_OS_10_14_6).# Test vtkTextureMapToPlane TCoords generation&#xA;"/>
  <testcase name="# Test vtkTextureMapToPlane TCoords generation&#xA; should be strictly equal" time="1.676" classname="Chrome_85_0_4183_102_(Mac_OS_10_14_6).# Test vtkTextureMapToPlane TCoords generation&#xA;"/>
  <testcase name="# Test vtkTextureMapToPlane TCoords generation&#xA; should be strictly equal" time="1.676" classname="Chrome_85_0_4183_102_(Mac_OS_10_14_6).# Test vtkTextureMapToPlane TCoords generation&#xA;"/>
  <testcase name="# Test vtkTextureMapToPlane TCoords generation&#xA; should be strictly equal" time="1.676" classname="Chrome_85_0_4183_102_(Mac_OS_10_14_6).# Test vtkTextureMapToPlane TCoords generation&#xA;"/>
  <testcase name="# Test vtkTextureMapToPlane TCoords generation&#xA; should be strictly equal" time="1.676" classname="Chrome_85_0_4183_102_(Mac_OS_10_14_6).# Test vtkTextureMapToPlane TCoords generation&#xA;"/>
  <testcase name="# Test vtkTextureMapToPlane TCoords generation&#xA; should be strictly equal" time="1.676" classname="Chrome_85_0_4183_102_(Mac_OS_10_14_6).# Test vtkTextureMapToPlane TCoords generation&#xA;"/>
  <testcase name="# Test vtkTextureMapToPlane TCoords generation&#xA; should be strictly equal" time="1.676" classname="Chrome_85_0_4183_102_(Mac_OS_10_14_6).# Test vtkTextureMapToPlane TCoords generation&#xA;"/>
  <testcase name="# Test vtkTextureMapToPlane TCoords generation&#xA; should be strictly equal" time="1.676" classname="Chrome_85_0_4183_102_(Mac_OS_10_14_6).# Test vtkTextureMapToPlane TCoords generation&#xA;"/>
  <testcase name="# Test vtkTextureMapToPlane TCoords generation&#xA; should be strictly equal" time="1.676" classname="Chrome_85_0_4183_102_(Mac_OS_10_14_6).# Test vtkTextureMapToPlane TCoords generation&#xA;"/>
  <testcase name="# Test vtkTextureMapToPlane TCoords generation&#xA; should be strictly equal" time="1.676" classname="Chrome_85_0_4183_102_(Mac_OS_10_14_6).# Test vtkTextureMapToPlane TCoords generation&#xA;"/>
  <testcase name="# Test vtkTextureMapToPlane TCoords generation&#xA; should be strictly equal" time="1.676" classname="Chrome_85_0_4183_102_(Mac_OS_10_14_6).# Test vtkTextureMapToPlane TCoords generation&#xA;"/>
  <testcase name="# Test vtkTextureMapToPlane TCoords generation&#xA; should be strictly equal" time="1.676" classname="Chrome_85_0_4183_102_(Mac_OS_10_14_6).# Test vtkTextureMapToPlane TCoords generation&#xA;"/>
  <testcase name="# Test vtkTextureMapToPlane TCoords generation&#xA; should be strictly equal" time="1.676" classname="Chrome_85_0_4183_102_(Mac_OS_10_14_6).# Test vtkTextureMapToPlane TCoords generation&#xA;"/>
  <testcase name="# Test vtkTextureMapToPlane TCoords generation&#xA; should be strictly equal" time="1.676" classname="Chrome_85_0_4183_102_(Mac_OS_10_14_6).# Test vtkTextureMapToPlane TCoords generation&#xA;"/>
  <testcase name="# Test vtkTextureMapToPlane TCoords generation&#xA; should be strictly equal" time="1.676" classname="Chrome_85_0_4183_102_(Mac_OS_10_14_6).# Test vtkTextureMapToPlane TCoords generation&#xA;"/>
  <testcase name="# Test vtkTextureMapToPlane TCoords generation&#xA; should be strictly equal" time="1.676" classname="Chrome_85_0_4183_102_(Mac_OS_10_14_6).# Test vtkTextureMapToPlane TCoords generation&#xA;"/>
  <testcase name="# Test vtkTextureMapToPlane TCoords generation&#xA; should be strictly equal" time="1.677" classname="Chrome_85_0_4183_102_(Mac_OS_10_14_6).# Test vtkTextureMapToPlane TCoords generation&#xA;"/>
  <testcase name="# Test vtkTextureMapToPlane TCoords generation&#xA; should be strictly equal" time="1.677" classname="Chrome_85_0_4183_102_(Mac_OS_10_14_6).# Test vtkTextureMapToPlane TCoords generation&#xA;"/>
  <testcase name="# Test vtkTextureMapToPlane TCoords generation&#xA; should be strictly equal" time="1.677" classname="Chrome_85_0_4183_102_(Mac_OS_10_14_6).# Test vtkTextureMapToPlane TCoords generation&#xA;"/>
  <testcase name="# Test vtkTextureMapToPlane TCoords generation&#xA; should be strictly equal" time="1.677" classname="Chrome_85_0_4183_102_(Mac_OS_10_14_6).# Test vtkTextureMapToPlane TCoords generation&#xA;"/>
  <testcase name="# Test vtkTextureMapToPlane TCoords generation&#xA; should be strictly equal" time="1.677" classname="Chrome_85_0_4183_102_(Mac_OS_10_14_6).# Test vtkTextureMapToPlane TCoords generation&#xA;"/>
  <testcase name="# Test vtkTextureMapToPlane TCoords generation&#xA; should be strictly equal" time="1.677" classname="Chrome_85_0_4183_102_(Mac_OS_10_14_6).# Test vtkTextureMapToPlane TCoords generation&#xA;"/>
  <testcase name="# Test vtkTextureMapToPlane TCoords generation&#xA; should be strictly equal" time="1.677" classname="Chrome_85_0_4183_102_(Mac_OS_10_14_6).# Test vtkTextureMapToPlane TCoords generation&#xA;"/>
  <testcase name="# Test vtkTextureMapToPlane TCoords generation&#xA; should be strictly equal" time="1.677" classname="Chrome_85_0_4183_102_(Mac_OS_10_14_6).# Test vtkTextureMapToPlane TCoords generation&#xA;"/>
  <testcase name="# Test vtkTextureMapToPlane TCoords generation&#xA; should be strictly equal" time="1.677" classname="Chrome_85_0_4183_102_(Mac_OS_10_14_6).# Test vtkTextureMapToPlane TCoords generation&#xA;"/>
  <testcase name="# Test vtkTextureMapToPlane TCoords generation&#xA; should be strictly equal" time="1.677" classname="Chrome_85_0_4183_102_(Mac_OS_10_14_6).# Test vtkTextureMapToPlane TCoords generation&#xA;"/>
  <testcase name="# Test vtkTextureMapToPlane TCoords generation&#xA; should be strictly equal" time="1.677" classname="Chrome_85_0_4183_102_(Mac_OS_10_14_6).# Test vtkTextureMapToPlane TCoords generation&#xA;"/>
  <testcase name="# Test vtkTextureMapToPlane TCoords generation&#xA; should be strictly equal" time="1.678" classname="Chrome_85_0_4183_102_(Mac_OS_10_14_6).# Test vtkTextureMapToPlane TCoords generation&#xA;"/>
  <testcase name="# Test vtkTextureMapToPlane TCoords generation&#xA; should be strictly equal" time="1.678" classname="Chrome_85_0_4183_102_(Mac_OS_10_14_6).# Test vtkTextureMapToPlane TCoords generation&#xA;"/>
  <testcase name="# Test vtkTextureMapToPlane TCoords generation&#xA; should be strictly equal" time="1.678" classname="Chrome_85_0_4183_102_(Mac_OS_10_14_6).# Test vtkTextureMapToPlane TCoords generation&#xA;"/>
  <testcase name="# Test vtkTextureMapToPlane TCoords generation&#xA; should be strictly equal" time="1.678" classname="Chrome_85_0_4183_102_(Mac_OS_10_14_6).# Test vtkTextureMapToPlane TCoords generation&#xA;"/>
  <testcase name="# Test vtkTextureMapToPlane TCoords generation&#xA; should be strictly equal" time="1.678" classname="Chrome_85_0_4183_102_(Mac_OS_10_14_6).# Test vtkTextureMapToPlane TCoords generation&#xA;"/>
  <testcase name="# Test vtkTextureMapToPlane TCoords generation&#xA; should be strictly equal" time="1.678" classname="Chrome_85_0_4183_102_(Mac_OS_10_14_6).# Test vtkTextureMapToPlane TCoords generation&#xA;"/>
  <testcase name="# Test vtkTextureMapToPlane TCoords generation&#xA; should be strictly equal" time="1.678" classname="Chrome_85_0_4183_102_(Mac_OS_10_14_6).# Test vtkTextureMapToPlane TCoords generation&#xA;"/>
  <testcase name="# Test vtkTextureMapToPlane TCoords generation&#xA; should be strictly equal" time="1.678" classname="Chrome_85_0_4183_102_(Mac_OS_10_14_6).# Test vtkTextureMapToPlane TCoords generation&#xA;"/>
  <testcase name="# Test vtkTextureMapToPlane TCoords generation&#xA; should be strictly equal" time="1.678" classname="Chrome_85_0_4183_102_(Mac_OS_10_14_6).# Test vtkTextureMapToPlane TCoords generation&#xA;"/>
  <testcase name="# Test vtkTextureMapToPlane TCoords generation&#xA; should be strictly equal" time="1.678" classname="Chrome_85_0_4183_102_(Mac_OS_10_14_6).# Test vtkTextureMapToPlane TCoords generation&#xA;"/>
  <testcase name="# Test vtkTextureMapToPlane TCoords generation&#xA; should be strictly equal" time="1.678" classname="Chrome_85_0_4183_102_(Mac_OS_10_14_6).# Test vtkTextureMapToPlane TCoords generation&#xA;"/>
  <testcase name="# Test vtkTextureMapToPlane TCoords generation&#xA; should be strictly equal" time="1.678" classname="Chrome_85_0_4183_102_(Mac_OS_10_14_6).# Test vtkTextureMapToPlane TCoords generation&#xA;"/>
  <testcase name="# Test vtkTextureMapToPlane TCoords generation&#xA; should be strictly equal" time="1.678" classname="Chrome_85_0_4183_102_(Mac_OS_10_14_6).# Test vtkTextureMapToPlane TCoords generation&#xA;"/>
  <testcase name="# Test vtkTextureMapToPlane TCoords generation&#xA; should be strictly equal" time="1.678" classname="Chrome_85_0_4183_102_(Mac_OS_10_14_6).# Test vtkTextureMapToPlane TCoords generation&#xA;"/>
  <testcase name="# Test vtkTextureMapToPlane TCoords generation&#xA; should be strictly equal" time="1.679" classname="Chrome_85_0_4183_102_(Mac_OS_10_14_6).# Test vtkTextureMapToPlane TCoords generation&#xA;"/>
  <testcase name="# Test vtkTextureMapToPlane TCoords generation&#xA; should be strictly equal" time="1.679" classname="Chrome_85_0_4183_102_(Mac_OS_10_14_6).# Test vtkTextureMapToPlane TCoords generation&#xA;"/>
  <testcase name="# Test vtkTextureMapToPlane TCoords generation&#xA; should be strictly equal" time="1.679" classname="Chrome_85_0_4183_102_(Mac_OS_10_14_6).# Test vtkTextureMapToPlane TCoords generation&#xA;"/>
  <testcase name="# Test vtkTextureMapToPlane TCoords generation&#xA; should be strictly equal" time="1.679" classname="Chrome_85_0_4183_102_(Mac_OS_10_14_6).# Test vtkTextureMapToPlane TCoords generation&#xA;"/>
  <testcase name="# Test vtkTextureMapToPlane TCoords generation&#xA; should be strictly equal" time="1.681" classname="Chrome_85_0_4183_102_(Mac_OS_10_14_6).# Test vtkTextureMapToPlane TCoords generation&#xA;"/>
  <testcase name="# Test vtkTextureMapToPlane TCoords generation automatic&#xA; should be strictly equal" time="1.681" classname="Chrome_85_0_4183_102_(Mac_OS_10_14_6).# Test vtkTextureMapToPlane TCoords generation automatic&#xA;"/>
  <testcase name="# Test vtkTextureMapToPlane TCoords generation automatic&#xA; should be strictly equal" time="1.681" classname="Chrome_85_0_4183_102_(Mac_OS_10_14_6).# Test vtkTextureMapToPlane TCoords generation automatic&#xA;"/>
  <testcase name="# Test vtkTextureMapToPlane TCoords generation automatic&#xA; should be strictly equal" time="1.681" classname="Chrome_85_0_4183_102_(Mac_OS_10_14_6).# Test vtkTextureMapToPlane TCoords generation automatic&#xA;"/>
  <testcase name="# Test vtkTextureMapToPlane TCoords generation automatic&#xA; should be strictly equal" time="1.681" classname="Chrome_85_0_4183_102_(Mac_OS_10_14_6).# Test vtkTextureMapToPlane TCoords generation automatic&#xA;"/>
  <testcase name="# Test vtkTextureMapToPlane TCoords generation automatic&#xA; should be strictly equal" time="1.681" classname="Chrome_85_0_4183_102_(Mac_OS_10_14_6).# Test vtkTextureMapToPlane TCoords generation automatic&#xA;"/>
  <testcase name="# Test vtkTextureMapToPlane TCoords generation automatic&#xA; should be strictly equal" time="1.681" classname="Chrome_85_0_4183_102_(Mac_OS_10_14_6).# Test vtkTextureMapToPlane TCoords generation automatic&#xA;"/>
  <testcase name="# Test vtkTextureMapToPlane TCoords generation automatic&#xA; should be strictly equal" time="1.681" classname="Chrome_85_0_4183_102_(Mac_OS_10_14_6).# Test vtkTextureMapToPlane TCoords generation automatic&#xA;"/>
  <testcase name="# Test vtkTextureMapToPlane TCoords generation automatic&#xA; should be strictly equal" time="1.681" classname="Chrome_85_0_4183_102_(Mac_OS_10_14_6).# Test vtkTextureMapToPlane TCoords generation automatic&#xA;"/>
  <testcase name="# Test vtkTextureMapToPlane TCoords generation automatic&#xA; should be strictly equal" time="1.682" classname="Chrome_85_0_4183_102_(Mac_OS_10_14_6).# Test vtkTextureMapToPlane TCoords generation automatic&#xA;"/>
  <testcase name="# Test vtkTextureMapToPlane TCoords generation automatic&#xA; should be strictly equal" time="1.682" classname="Chrome_85_0_4183_102_(Mac_OS_10_14_6).# Test vtkTextureMapToPlane TCoords generation automatic&#xA;"/>
  <testcase name="# Test vtkTextureMapToPlane TCoords generation automatic&#xA; should be strictly equal" time="1.682" classname="Chrome_85_0_4183_102_(Mac_OS_10_14_6).# Test vtkTextureMapToPlane TCoords generation automatic&#xA;"/>
  <testcase name="# Test vtkTextureMapToPlane TCoords generation automatic&#xA; should be strictly equal" time="1.682" classname="Chrome_85_0_4183_102_(Mac_OS_10_14_6).# Test vtkTextureMapToPlane TCoords generation automatic&#xA;"/>
  <testcase name="# Test vtkTextureMapToPlane TCoords generation automatic&#xA; should be strictly equal" time="1.682" classname="Chrome_85_0_4183_102_(Mac_OS_10_14_6).# Test vtkTextureMapToPlane TCoords generation automatic&#xA;"/>
  <testcase name="# Test vtkTextureMapToPlane TCoords generation automatic&#xA; should be strictly equal" time="1.682" classname="Chrome_85_0_4183_102_(Mac_OS_10_14_6).# Test vtkTextureMapToPlane TCoords generation automatic&#xA;"/>
  <testcase name="# Test vtkTextureMapToPlane TCoords generation automatic&#xA; should be strictly equal" time="1.682" classname="Chrome_85_0_4183_102_(Mac_OS_10_14_6).# Test vtkTextureMapToPlane TCoords generation automatic&#xA;"/>
  <testcase name="# Test vtkTextureMapToPlane TCoords generation automatic&#xA; should be strictly equal" time="1.682" classname="Chrome_85_0_4183_102_(Mac_OS_10_14_6).# Test vtkTextureMapToPlane TCoords generation automatic&#xA;"/>
  <testcase name="# Test vtkTextureMapToPlane TCoords generation automatic&#xA; should be strictly equal" time="1.682" classname="Chrome_85_0_4183_102_(Mac_OS_10_14_6).# Test vtkTextureMapToPlane TCoords generation automatic&#xA;"/>
  <testcase name="# Test vtkTextureMapToPlane TCoords generation automatic&#xA; should be strictly equal" time="1.682" classname="Chrome_85_0_4183_102_(Mac_OS_10_14_6).# Test vtkTextureMapToPlane TCoords generation automatic&#xA;"/>
  <testcase name="# Test vtkTextureMapToPlane TCoords generation automatic&#xA; should be strictly equal" time="1.682" classname="Chrome_85_0_4183_102_(Mac_OS_10_14_6).# Test vtkTextureMapToPlane TCoords generation automatic&#xA;"/>
  <testcase name="# Test vtkTextureMapToPlane TCoords generation automatic&#xA; should be strictly equal" time="1.683" classname="Chrome_85_0_4183_102_(Mac_OS_10_14_6).# Test vtkTextureMapToPlane TCoords generation automatic&#xA;"/>
  <testcase name="# Test vtkTextureMapToPlane TCoords generation automatic&#xA; should be strictly equal" time="1.683" classname="Chrome_85_0_4183_102_(Mac_OS_10_14_6).# Test vtkTextureMapToPlane TCoords generation automatic&#xA;"/>
  <testcase name="# Test vtkTextureMapToPlane TCoords generation automatic&#xA; should be strictly equal" time="1.683" classname="Chrome_85_0_4183_102_(Mac_OS_10_14_6).# Test vtkTextureMapToPlane TCoords generation automatic&#xA;"/>
  <testcase name="# Test vtkTextureMapToPlane TCoords generation automatic&#xA; should be strictly equal" time="1.683" classname="Chrome_85_0_4183_102_(Mac_OS_10_14_6).# Test vtkTextureMapToPlane TCoords generation automatic&#xA;"/>
  <testcase name="# Test vtkTextureMapToPlane TCoords generation automatic&#xA; should be strictly equal" time="1.683" classname="Chrome_85_0_4183_102_(Mac_OS_10_14_6).# Test vtkTextureMapToPlane TCoords generation automatic&#xA;"/>
  <testcase name="# Test vtkTextureMapToPlane TCoords generation automatic&#xA; should be strictly equal" time="1.683" classname="Chrome_85_0_4183_102_(Mac_OS_10_14_6).# Test vtkTextureMapToPlane TCoords generation automatic&#xA;"/>
  <testcase name="# Test vtkTextureMapToPlane TCoords generation automatic&#xA; should be strictly equal" time="1.683" classname="Chrome_85_0_4183_102_(Mac_OS_10_14_6).# Test vtkTextureMapToPlane TCoords generation automatic&#xA;"/>
  <testcase name="# Test vtkTextureMapToPlane TCoords generation automatic&#xA; should be strictly equal" time="1.683" classname="Chrome_85_0_4183_102_(Mac_OS_10_14_6).# Test vtkTextureMapToPlane TCoords generation automatic&#xA;"/>
  <testcase name="# Test vtkTextureMapToPlane TCoords generation automatic&#xA; should be strictly equal" time="1.683" classname="Chrome_85_0_4183_102_(Mac_OS_10_14_6).# Test vtkTextureMapToPlane TCoords generation automatic&#xA;"/>
  <testcase name="# Test vtkTextureMapToPlane TCoords generation automatic&#xA; should be strictly equal" time="1.683" classname="Chrome_85_0_4183_102_(Mac_OS_10_14_6).# Test vtkTextureMapToPlane TCoords generation automatic&#xA;"/>
  <testcase name="# Test vtkTextureMapToPlane TCoords generation automatic&#xA; should be strictly equal" time="1.683" classname="Chrome_85_0_4183_102_(Mac_OS_10_14_6).# Test vtkTextureMapToPlane TCoords generation automatic&#xA;"/>
  <testcase name="# Test vtkTextureMapToPlane TCoords generation automatic&#xA; should be strictly equal" time="1.684" classname="Chrome_85_0_4183_102_(Mac_OS_10_14_6).# Test vtkTextureMapToPlane TCoords generation automatic&#xA;"/>
  <testcase name="# Test vtkTextureMapToPlane TCoords generation automatic&#xA; should be strictly equal" time="1.684" classname="Chrome_85_0_4183_102_(Mac_OS_10_14_6).# Test vtkTextureMapToPlane TCoords generation automatic&#xA;"/>
  <testcase name="# Test vtkTextureMapToPlane TCoords generation automatic&#xA; should be strictly equal" time="1.684" classname="Chrome_85_0_4183_102_(Mac_OS_10_14_6).# Test vtkTextureMapToPlane TCoords generation automatic&#xA;"/>
  <testcase name="# Test vtkTextureMapToPlane TCoords generation automatic&#xA; should be strictly equal" time="1.684" classname="Chrome_85_0_4183_102_(Mac_OS_10_14_6).# Test vtkTextureMapToPlane TCoords generation automatic&#xA;"/>
  <testcase name="# Test vtkTextureMapToPlane TCoords generation automatic&#xA; should be strictly equal" time="1.684" classname="Chrome_85_0_4183_102_(Mac_OS_10_14_6).# Test vtkTextureMapToPlane TCoords generation automatic&#xA;"/>
  <testcase name="# Test vtkTextureMapToPlane TCoords generation automatic&#xA; should be strictly equal" time="1.684" classname="Chrome_85_0_4183_102_(Mac_OS_10_14_6).# Test vtkTextureMapToPlane TCoords generation automatic&#xA;"/>
  <testcase name="# Test vtkTextureMapToPlane TCoords generation automatic&#xA; should be strictly equal" time="1.684" classname="Chrome_85_0_4183_102_(Mac_OS_10_14_6).# Test vtkTextureMapToPlane TCoords generation automatic&#xA;"/>
  <testcase name="# Test vtkTextureMapToPlane TCoords generation automatic&#xA; should be strictly equal" time="1.684" classname="Chrome_85_0_4183_102_(Mac_OS_10_14_6).# Test vtkTextureMapToPlane TCoords generation automatic&#xA;"/>
  <testcase name="# Test vtkTextureMapToPlane TCoords generation automatic&#xA; should be strictly equal" time="1.684" classname="Chrome_85_0_4183_102_(Mac_OS_10_14_6).# Test vtkTextureMapToPlane TCoords generation automatic&#xA;"/>
  <testcase name="# Test vtkTextureMapToPlane TCoords generation automatic&#xA; should be strictly equal" time="1.684" classname="Chrome_85_0_4183_102_(Mac_OS_10_14_6).# Test vtkTextureMapToPlane TCoords generation automatic&#xA;"/>
  <testcase name="# Test vtkTextureMapToPlane TCoords generation automatic&#xA; should be strictly equal" time="1.685" classname="Chrome_85_0_4183_102_(Mac_OS_10_14_6).# Test vtkTextureMapToPlane TCoords generation automatic&#xA;"/>
  <testcase name="# Test vtkTextureMapToPlane TCoords generation automatic&#xA; should be strictly equal" time="1.685" classname="Chrome_85_0_4183_102_(Mac_OS_10_14_6).# Test vtkTextureMapToPlane TCoords generation automatic&#xA;"/>
  <testcase name="# Test vtkTextureMapToPlane TCoords generation automatic&#xA; should be strictly equal" time="1.685" classname="Chrome_85_0_4183_102_(Mac_OS_10_14_6).# Test vtkTextureMapToPlane TCoords generation automatic&#xA;"/>
  <testcase name="# Test vtkTextureMapToPlane TCoords generation automatic&#xA; should be strictly equal" time="1.685" classname="Chrome_85_0_4183_102_(Mac_OS_10_14_6).# Test vtkTextureMapToPlane TCoords generation automatic&#xA;"/>
  <testcase name="# Test vtkTextureMapToPlane TCoords generation automatic&#xA; should be strictly equal" time="1.685" classname="Chrome_85_0_4183_102_(Mac_OS_10_14_6).# Test vtkTextureMapToPlane TCoords generation automatic&#xA;"/>
  <testcase name="# Test vtkTextureMapToPlane TCoords generation automatic&#xA; should be strictly equal" time="1.685" classname="Chrome_85_0_4183_102_(Mac_OS_10_14_6).# Test vtkTextureMapToPlane TCoords generation automatic&#xA;"/>
[...]
,Chrome 85.0.4183.102 (Mac OS 10.14.6) LOG: 'ok 608 Seven glyphs selected'
,Chrome 85.0.4183.102 (Mac OS 10.14.6) LOG: 'ok 609 glyph 71 was the first selected'
,Chrome 85.0.4183.102 (Mac OS 10.14.6) LOG: 'ok 610 Correct prop was selected'
,Chrome 85.0.4183.102 (Mac OS 10.14.6) LOG: '# Test HardwareSelector'
,Chrome 85.0.4183.102 (Mac OS 10.14.6) LOG: 'ok 611 vtkOpenGLHardwareSelector TestHardwareSelector'
,Chrome 85.0.4183.102 (Mac OS 10.14.6) LOG: 1132, 58, 102
,Chrome 85.0.4183.102 (Mac OS 10.14.6) LOG: 'ok 612 Hardware selector takes less than six normal renders (1132, 58, 102)'
,Chrome 85.0.4183.102 (Mac OS 10.14.6) LOG: '# Test ImageMapper'
,Chrome 85.0.4183.102 (Mac OS 10.14.6) LOG: 'ok 613 vtkOpenGLImageMapper testImage'
,Chrome 85.0.4183.102 (Mac OS 10.14.6) LOG: 'ok 614 Matching image - delta 0.42%'
,Chrome 85.0.4183.102 (Mac OS 10.14.6) LOG: 'ok 615 Image match resolution'
,Chrome 85.0.4183.102 (Mac OS 10.14.6) LOG: '# Test ImageMapper with Nearest Neighbor interpolation'
,Chrome 85.0.4183.102 (Mac OS 10.14.6) LOG: 'ok 616 vtkOpenGLImageMapper testImage'
,Chrome 85.0.4183.102 (Mac OS 10.14.6) LOG: 'ok 617 Matching image - delta 0.01%'
,Chrome 85.0.4183.102 (Mac OS 10.14.6) LOG: 'ok 618 Image match resolution'
,Chrome 85.0.4183.102 (Mac OS 10.14.6) LOG: '# Test ImageMapper'
,Chrome 85.0.4183.102 (Mac OS 10.14.6) LOG: 'ok 619 vtkOpenGLImageMapper testImage'
,Chrome 85.0.4183.102 (Mac OS 10.14.6) LOG: 'ok 620 Matching image - delta 0.00%'
,Chrome 85.0.4183.102 (Mac OS 10.14.6) LOG: 'ok 621 Image match resolution'
,Chrome 85.0.4183.102 (Mac OS 10.14.6) LOG: '# Test Add Shader Replacements'
,Chrome 85.0.4183.102 (Mac OS 10.14.6) LOG: 'ok 622 vtkOpenGLPolyDataMapper AddShaderReplacements'
,Chrome 85.0.4183.102 (Mac OS 10.14.6) LOG: 'ok 623 Matching image - delta 0.00%'
,Chrome 85.0.4183.102 (Mac OS 10.14.6) LOG: 'ok 624 Image match resolution'
,Chrome 85.0.4183.102 (Mac OS 10.14.6) LOG: '# Test Clear Shader Replacements'
,Chrome 85.0.4183.102 (Mac OS 10.14.6) LOG: 'ok 625 vtkOpenGLPolyDataMapper ClearShaderReplacements'
,Chrome 85.0.4183.102 (Mac OS 10.14.6) LOG: 'ok 626 Matching image - delta 0.00%'
,Chrome 85.0.4183.102 (Mac OS 10.14.6) LOG: 'ok 627 Image match resolution'
,Chrome 85.0.4183.102 (Mac OS 10.14.6) LOG: '# Test Clipping planes'
,Chrome 85.0.4183.102 (Mac OS 10.14.6) LOG: 'ok 628 vtkOpenGLPolyDataMapper setClippingPlanes'
,Chrome 85.0.4183.102 (Mac OS 10.14.6) LOG: 'ok 629 Matching image - delta 0.00%'
,Chrome 85.0.4183.102 (Mac OS 10.14.6) LOG: 'ok 630 Image match resolution'
,Chrome 85.0.4183.102 (Mac OS 10.14.6) LOG: '# Test Interpolate Scalars Before Mapping'
,Chrome 85.0.4183.102 (Mac OS 10.14.6) LOG: 'ok 631 vtkOpenGLPolyDataMapper InterpolateScalarsBeforeColors'
,Chrome 85.0.4183.102 (Mac OS 10.14.6) LOG: 'ok 632 Matching image - delta 0.47%'
,Chrome 85.0.4183.102 (Mac OS 10.14.6) LOG: 'ok 633 Image match resolution'
,Chrome 85.0.4183.102 (Mac OS 10.14.6) LOG: '# Test SphereMapper'
,Chrome 85.0.4183.102 (Mac OS 10.14.6) LOG: 'ok 634 vtkOpenGLSphereMapper testSphere'
,Chrome 85.0.4183.102 (Mac OS 10.14.6) LOG: 'ok 635 Matching image - delta 0.00%'
,Chrome 85.0.4183.102 (Mac OS 10.14.6) LOG: 'ok 636 Image match resolution'
,Chrome 85.0.4183.102 (Mac OS 10.14.6) LOG: '# Test vtkOpenGLSkybox Rendering'
,Chrome 85.0.4183.102 (Mac OS 10.14.6) LOG: 'ok 637 Filter: OpenGLTexture'
,Chrome 85.0.4183.102 (Mac OS 10.14.6) LOG: 'ok 638 Matching image - delta 0.00%'
,Chrome 85.0.4183.102 (Mac OS 10.14.6) LOG: 'ok 639 Image match resolution'
,Chrome 85.0.4183.102 (Mac OS 10.14.6) LOG: '# Test vtkOpenGLSkybox Background Rendering'
,Chrome 85.0.4183.102 (Mac OS 10.14.6) LOG: 'ok 640 Filter: OpenGLTexture'
,Chrome 85.0.4183.102 (Mac OS 10.14.6) LOG: 'ok 641 Matching image - delta 0.00%'
,Chrome 85.0.4183.102 (Mac OS 10.14.6) LOG: 'ok 642 Image match resolution'
,Chrome 85.0.4183.102 (Mac OS 10.14.6) LOG: '# Test StickMapper'
,Chrome 85.0.4183.102 (Mac OS 10.14.6) LOG: 'ok 643 vtkOpenGLStickMapper testStick'
,Chrome 85.0.4183.102 (Mac OS 10.14.6) LOG: 'ok 644 Matching image - delta 0.00%'
,Chrome 85.0.4183.102 (Mac OS 10.14.6) LOG: 'ok 645 Image match resolution'
,Chrome 85.0.4183.102 (Mac OS 10.14.6) LOG: '# Test vtkOpenGLTexture Rendering'
,Chrome 85.0.4183.102 (Mac OS 10.14.6) LOG: 'ok 646 Filter: OpenGLTexture'
,Chrome 85.0.4183.102 (Mac OS 10.14.6) LOG: 'ok 647 Matching image - delta 0.00%'
,Chrome 85.0.4183.102 (Mac OS 10.14.6) LOG: 'ok 648 Image match resolution'
,Chrome 85.0.4183.102 (Mac OS 10.14.6) LOG: '# Test Composite Volume Rendering'
,Chrome 85.0.4183.102 (Mac OS 10.14.6) LOG: 'ok 649 vtkOpenGLVolumeMapper Composite'
,Chrome 85.0.4183.102 (Mac OS 10.14.6) LOG: 'ok 650 Matching image - delta 0.07%'
,Chrome 85.0.4183.102 (Mac OS 10.14.6) LOG: 'ok 651 Image match resolution'
,Chrome 85.0.4183.102 (Mac OS 10.14.6) LOG: '# Test Composite Volume Rendering with parallel projection'
,Chrome 85.0.4183.102 (Mac OS 10.14.6) LOG: 'ok 652 vtkOpenGLVolumeMapper CompositeParallelProjection'
,Chrome 85.0.4183.102 (Mac OS 10.14.6) LOG: 'ok 653 Matching image - delta 0.00%'
,Chrome 85.0.4183.102 (Mac OS 10.14.6) LOG: 'ok 654 Image match resolution'
,Chrome 85.0.4183.102 (Mac OS 10.14.6) LOG: '# Test Composite Volume Rendering'
,Chrome 85.0.4183.102 (Mac OS 10.14.6) LOG: 'ok 655 vtkOpenGLVolumeMapper Composite16Bit'
,Chrome 85.0.4183.102 (Mac OS 10.14.6) LOG: 'ok 656 Matching image - delta 0.00%'
,Chrome 85.0.4183.102 (Mac OS 10.14.6) LOG: 'ok 657 Image match resolution'
,Chrome 85.0.4183.102 (Mac OS 10.14.6) LOG: '# Test Composite Volume Rendering'
,Chrome 85.0.4183.102 (Mac OS 10.14.6) LOG: 'ok 658 vtkOpenGLVolumeMapper Intermixed'
,Chrome 85.0.4183.102 (Mac OS 10.14.6) LOG: 'ok 659 Matching image - delta 0.06%'
,Chrome 85.0.4183.102 (Mac OS 10.14.6) LOG: 'ok 660 Image match resolution'
,Chrome 85.0.4183.102 (Mac OS 10.14.6) LOG: '# Test Composite Volume Rendering'
,Chrome 85.0.4183.102 (Mac OS 10.14.6) LOG: 'ok 661 vtkOpenGLVolumeMapper IntermixedImage'
,Chrome 85.0.4183.102 (Mac OS 10.14.6) LOG: 'ok 662 Matching image - delta 0.17%'
,Chrome 85.0.4183.102 (Mac OS 10.14.6) LOG: 'ok 663 Image match resolution'
,Chrome 85.0.4183.102 (Mac OS 10.14.6) LOG: '# Test Lighted Volume Rendering'
,Chrome 85.0.4183.102 (Mac OS 10.14.6) LOG: 'ok 664 vtkOpenGLVolumeMapper Lighting'
,Chrome 85.0.4183.102 (Mac OS 10.14.6) LOG: 'ok 665 Matching image - delta 0.30%'
,Chrome 85.0.4183.102 (Mac OS 10.14.6) LOG: 'ok 666 Image match resolution'
,Chrome 85.0.4183.102 (Mac OS 10.14.6) LOG: '# Test Maximum Intensity Projection Volume Rendering'
,Chrome 85.0.4183.102 (Mac OS 10.14.6) LOG: 'ok 667 vtkOpenGLVolumeMapper MIP'
,Chrome 85.0.4183.102 (Mac OS 10.14.6) LOG: 'ok 668 Matching image - delta 0.00%'
,Chrome 85.0.4183.102 (Mac OS 10.14.6) LOG: 'ok 669 Image match resolution'
,Chrome 85.0.4183.102 (Mac OS 10.14.6) LOG: '# Test Minimum Intensity Projection Volume Rendering'
,Chrome 85.0.4183.102 (Mac OS 10.14.6) LOG: 'ok 670 vtkOpenGLVolumeMapper MinIP'
,Chrome 85.0.4183.102 (Mac OS 10.14.6) LOG: 'ok 671 Matching image - delta 0.00%'
,Chrome 85.0.4183.102 (Mac OS 10.14.6) LOG: 'ok 672 Image match resolution'
,Chrome 85.0.4183.102 (Mac OS 10.14.6) LOG: '# Test Volume Rendering with Proportional Component'
,Chrome 85.0.4183.102 (Mac OS 10.14.6) LOG: 'ok 673 vtkOpenGLVolumeMapper ProportionalComponent'
,Chrome 85.0.4183.102 (Mac OS 10.14.6) LOG: 'ok 674 Matching image - delta 0.00%'
,Chrome 85.0.4183.102 (Mac OS 10.14.6) LOG: 'ok 675 Image match resolution'
,Chrome 85.0.4183.102 (Mac OS 10.14.6) LOG: '# Test Average Intensity Projection Volume Rendering'
,Chrome 85.0.4183.102 (Mac OS 10.14.6) LOG: 'ok 676 vtkOpenGLVolumeMapper AverageIP'
,Chrome 85.0.4183.102 (Mac OS 10.14.6) LOG: 'ok 677 Matching image - delta 0.00%'
,Chrome 85.0.4183.102 (Mac OS 10.14.6) LOG: 'ok 678 Image match resolution'
,Chrome 85.0.4183.102 (Mac OS 10.14.6) LOG: '# Test vtkGenericRenderWindow create/delete'
,Chrome 85.0.4183.102 (Mac OS 10.14.6) LOG: '# Macro methods algo tests'
,Chrome 85.0.4183.102 (Mac OS 10.14.6) LOG: 'ok 679 populate publicAPI'
,Chrome 85.0.4183.102 (Mac OS 10.14.6) LOG: 'ok 680 return input data'
,Chrome 85.0.4183.102 (Mac OS 10.14.6) LOG: 'ok 681 Add two input arrays'
,Chrome 85.0.4183.102 (Mac OS 10.14.6) LOG: 'ok 682 Subtract two input arrays'
,Chrome 85.0.4183.102 (Mac OS 10.14.6) LOG: 'ok 683 Multiply two input arrays'
,Chrome 85.0.4183.102 (Mac OS 10.14.6) LOG: 'ok 684 Divide two input arrays, using outputPort'
,Chrome 85.0.4183.102 (Mac OS 10.14.6) LOG: '# Macro methods scalar tests'
,Chrome 85.0.4183.102 (Mac OS 10.14.6) LOG: 'ok 685 macro setget'
,Chrome 85.0.4183.102 (Mac OS 10.14.6) LOG: 'ok 686 Initial gets should match defaults'
,Chrome 85.0.4183.102 (Mac OS 10.14.6) LOG: 'ok 687 Bool get should match set'
,Chrome 85.0.4183.102 (Mac OS 10.14.6) LOG: 'ok 688 Initial gets should match defaults'
,Chrome 85.0.4183.102 (Mac OS 10.14.6) LOG: 'ok 689 Int get should match set'
,Chrome 85.0.4183.102 (Mac OS 10.14.6) LOG: 'ok 690 mtime should increase after set'
,Chrome 85.0.4183.102 (Mac OS 10.14.6) LOG: 'ok 691 mtime should not increase after idempotent set'
,Chrome 85.0.4183.102 (Mac OS 10.14.6) LOG: '# Macro methods array tests'
,Chrome 85.0.4183.102 (Mac OS 10.14.6) LOG: 'ok 692 Initial gets should match defaults'
,Chrome 85.0.4183.102 (Mac OS 10.14.6) LOG: 'ok 693 Throw if no set method declared'
,Chrome 85.0.4183.102 (Mac OS 10.14.6) LOG: 'ok 694 Array spread set OK'
,Chrome 85.0.4183.102 (Mac OS 10.14.6) LOG: 'ok 695 Array spread set should match get'
,Chrome 85.0.4183.102 (Mac OS 10.14.6) LOG: 'ok 696 OK to set a single array argument'
,Chrome 85.0.4183.102 (Mac OS 10.14.6) LOG: 'ok 697 Array set should match get'
,Chrome 85.0.4183.102 (Mac OS 10.14.6) LOG: 'ok 698 mtime should increase after set'
,Chrome 85.0.4183.102 (Mac OS 10.14.6) LOG: 'ok 699 Invalid number of values should throw'
,Chrome 85.0.4183.102 (Mac OS 10.14.6) LOG: 'ok 700 Keep default value after illegal set'
,Chrome 85.0.4183.102 (Mac OS 10.14.6) LOG: 'ok 701 mtime should not increase after idempotent set'
,Chrome 85.0.4183.102 (Mac OS 10.14.6) LOG: 'ok 702 Invalid number of values should throw'
,Chrome 85.0.4183.102 (Mac OS 10.14.6) LOG: 'ok 703 Keep value after illegal set'
,Chrome 85.0.4183.102 (Mac OS 10.14.6) LOG: 'ok 704 Invalid set with string should throw'
,Chrome 85.0.4183.102 (Mac OS 10.14.6) LOG: 'ok 705 Keep value after illegal set'
,Chrome 85.0.4183.102 (Mac OS 10.14.6) LOG: '# Macro methods enum tests'
,Chrome 85.0.4183.102 (Mac OS 10.14.6) LOG: 'ok 706 Initial gets should match defaults'
,Chrome 85.0.4183.102 (Mac OS 10.14.6) LOG: 'ok 707 Enum set should match get'
,Chrome 85.0.4183.102 (Mac OS 10.14.6) LOG: 'ok 708 should be truthy'
,Chrome 85.0.4183.102 (Mac OS 10.14.6) LOG: 'ok 709 Enum set by index should get matching enum value'
,Chrome 85.0.4183.102 (Mac OS 10.14.6) LOG: 'ok 710 Setting idempotent value should return false'
,Chrome 85.0.4183.102 (Mac OS 10.14.6) ERROR: 'Set Enum outside numeric range [object Object], 42'
,Chrome 85.0.4183.102 (Mac OS 10.14.6) LOG: 'ok 711 Invalid enum index should throw'
,Chrome 85.0.4183.102 (Mac OS 10.14.6) LOG: 'ok 712 Enum set out of range should be rejected'
,Chrome 85.0.4183.102 (Mac OS 10.14.6) ERROR: 'Set Enum with invalid argument [object Object], FORTH'
,Chrome 85.0.4183.102 (Mac OS 10.14.6) LOG: 'ok 713 Invalid enum string should throw'
,Chrome 85.0.4183.102 (Mac OS 10.14.6) LOG: 'ok 714 Enum set string out of range should be rejected'
,Chrome 85.0.4183.102 (Mac OS 10.14.6) ERROR: 'Set Enum with invalid argument (String/Number) [object Object], 2'
,Chrome 85.0.4183.102 (Mac OS 10.14.6) LOG: 'ok 715 Invalid enum set with array/object should throw'
,Chrome 85.0.4183.102 (Mac OS 10.14.6) LOG: 'ok 716 Enum set string out of range should be rejected'
,Chrome 85.0.4183.102 (Mac OS 10.14.6) LOG: '# Macro methods object tests'
,Chrome 85.0.4183.102 (Mac OS 10.14.6) LOG: 'ok 717 Get entire model'
,Chrome 85.0.4183.102 (Mac OS 10.14.6) LOG: 'ok 718 Get defaults back test'
,Chrome 85.0.4183.102 (Mac OS 10.14.6) LOG: 'ok 719 Object should be frozen'
,Chrome 85.0.4183.102 (Mac OS 10.14.6) WARN: 'Warning: Set value to model directly changeWhenModified, foo'
,Chrome 85.0.4183.102 (Mac OS 10.14.6) LOG: 'ok 720 should be truthy'
,Chrome 85.0.4183.102 (Mac OS 10.14.6) WARN: 'Warning: Set value to model directly changeWhenModified, bar'
,Chrome 85.0.4183.102 (Mac OS 10.14.6) LOG: 'ok 721 should be truthy'
,Chrome 85.0.4183.102 (Mac OS 10.14.6) LOG: 'ok 722 Object modified fires'
,Chrome 85.0.4183.102 (Mac OS 10.14.6) WARN: 'Warning: Set value to model directly changeWhenModified, foobaz'
,Chrome 85.0.4183.102 (Mac OS 10.14.6) LOG: 'ok 723 Object modified does not fire after unsubscribe'
,Chrome 85.0.4183.102 (Mac OS 10.14.6) LOG: 'ok 724 Test mult-set'
,Chrome 85.0.4183.102 (Mac OS 10.14.6) LOG: 'ok 725 Float get should match multi-set'
,Chrome 85.0.4183.102 (Mac OS 10.14.6) LOG: 'ok 726 Array multi-set should match get'
,Chrome 85.0.4183.102 (Mac OS 10.14.6) LOG: 'ok 727 should be truthy'
,Chrome 85.0.4183.102 (Mac OS 10.14.6) LOG: 'ok 728 should be truthy'
,Chrome 85.0.4183.102 (Mac OS 10.14.6) LOG: 'ok 729 should be falsy'
,Chrome 85.0.4183.102 (Mac OS 10.14.6) LOG: 'ok 730 should be strictly equal'
,Chrome 85.0.4183.102 (Mac OS 10.14.6) LOG: 'ok 731 should not throw'
,Chrome 85.0.4183.102 (Mac OS 10.14.6) LOG: 'ok 732 All calls should do nothing after delete'
,Chrome 85.0.4183.102 (Mac OS 10.14.6) LOG: '# Macro methods event tests'
,Chrome 85.0.4183.102 (Mac OS 10.14.6) LOG: 'ok 733 cbAbort1 should be called first'
,Chrome 85.0.4183.102 (Mac OS 10.14.6) LOG: 'ok 734 cbAbort2 should be called second'
,Chrome 85.0.4183.102 (Mac OS 10.14.6) LOG: 'ok 735 Only 2 callbacks should be invoked, not 3'
,Chrome 85.0.4183.102 (Mac OS 10.14.6) LOG: 'ok 736 cbPriority2 should be called first'
,Chrome 85.0.4183.102 (Mac OS 10.14.6) LOG: 'ok 737 cbPriority2 should be called first'
,Chrome 85.0.4183.102 (Mac OS 10.14.6) LOG: 'ok 738 cbPriority1 should be called second'
,Chrome 85.0.4183.102 (Mac OS 10.14.6) LOG: 'ok 739 cbPriority0 should be called third'
,Chrome 85.0.4183.102 (Mac OS 10.14.6) LOG: 'ok 740 cbPriorityLast should be called last after 101ms'
,Chrome 85.0.4183.102 (Mac OS 10.14.6) LOG: 'ok 741 cbPriority2 should be called exactly twice'
,Chrome 85.0.4183.102 (Mac OS 10.14.6) LOG: '# Macro methods keystore tests'
,Chrome 85.0.4183.102 (Mac OS 10.14.6) LOG: 'ok 742 key1 should exist in keystore'
,Chrome 85.0.4183.102 (Mac OS 10.14.6) LOG: 'ok 743 key2 should exist in keystore'
,Chrome 85.0.4183.102 (Mac OS 10.14.6) LOG: 'ok 744 key3 should exist in keystore'
,Chrome 85.0.4183.102 (Mac OS 10.14.6) LOG: 'ok 745 Delete key2 should succeed'
,Chrome 85.0.4183.102 (Mac OS 10.14.6) LOG: 'ok 746 There should be no keys after clearing'
,Chrome 85.0.4183.102 (Mac OS 10.14.6) LOG: '# Test vtkDataArray serialization/deserialization'
,Chrome 85.0.4183.102 (Mac OS 10.14.6) LOG: 'ok 747 Make sure the class definition exist'
,Chrome 85.0.4183.102 (Mac OS 10.14.6) LOG: 'ok 748 Make sure the instance exist'
,Chrome 85.0.4183.102 (Mac OS 10.14.6) LOG: 'ok 749 Make sure we can get serialize data'
,Chrome 85.0.4183.102 (Mac OS 10.14.6) LOG: 'ok 750 Make sure we can get deserialize data'
,Chrome 85.0.4183.102 (Mac OS 10.14.6) LOG: 'ok 751 We have two different instances'
,Chrome 85.0.4183.102 (Mac OS 10.14.6) LOG: 'ok 752 But same serialized content'
,Chrome 85.0.4183.102 (Mac OS 10.14.6) LOG: '# Test vtkPoints serialization/deserialization'
,Chrome 85.0.4183.102 (Mac OS 10.14.6) LOG: 'ok 753 Make sure the class definition exist'
,Chrome 85.0.4183.102 (Mac OS 10.14.6) LOG: 'ok 754 Make sure the instance exist'
,Chrome 85.0.4183.102 (Mac OS 10.14.6) LOG: 'ok 755 Make sure we can get serialize data'
,Chrome 85.0.4183.102 (Mac OS 10.14.6) LOG: 'ok 756 Make sure we can get deserialize data'
,Chrome 85.0.4183.102 (Mac OS 10.14.6) LOG: 'ok 757 We have two different instances'
,Chrome 85.0.4183.102 (Mac OS 10.14.6) LOG: 'ok 758 But same serialized content'
,Chrome 85.0.4183.102 (Mac OS 10.14.6) LOG: '# Test vtkLookupTable serialization/deserialization'
,Chrome 85.0.4183.102 (Mac OS 10.14.6) LOG: 'ok 759 Make sure the class definition exist'
,Chrome 85.0.4183.102 (Mac OS 10.14.6) LOG: 'ok 760 Make sure the instance exist'
,Chrome 85.0.4183.102 (Mac OS 10.14.6) LOG: 'ok 761 Make sure we can get serialize data'
,Chrome 85.0.4183.102 (Mac OS 10.14.6) LOG: 'ok 762 Make sure we can get deserialize data'
,Chrome 85.0.4183.102 (Mac OS 10.14.6) LOG: 'ok 763 We have two different instances'
,Chrome 85.0.4183.102 (Mac OS 10.14.6) LOG: 'ok 764 But same serialized content'
,Chrome 85.0.4183.102 (Mac OS 10.14.6) LOG: '# Test vtkScalarsToColors serialization/deserialization'
,Chrome 85.0.4183.102 (Mac OS 10.14.6) LOG: 'ok 765 Make sure the class definition exist'
,Chrome 85.0.4183.102 (Mac OS 10.14.6) LOG: 'ok 766 Make sure the instance exist'
,Chrome 85.0.4183.102 (Mac OS 10.14.6) LOG: 'ok 767 Make sure we can get serialize data'
,Chrome 85.0.4183.102 (Mac OS 10.14.6) LOG: 'ok 768 Make sure we can get deserialize data'
,Chrome 85.0.4183.102 (Mac OS 10.14.6) LOG: 'ok 769 We have two different instances'
,Chrome 85.0.4183.102 (Mac OS 10.14.6) LOG: 'ok 770 But same serialized content'
,Chrome 85.0.4183.102 (Mac OS 10.14.6) LOG: '# Test vtkPolyData serialization/deserialization'
,Chrome 85.0.4183.102 (Mac OS 10.14.6) LOG: 'ok 771 Make sure the class definition exist'
,Chrome 85.0.4183.102 (Mac OS 10.14.6) LOG: 'ok 772 Make sure the instance exist'
,Chrome 85.0.4183.102 (Mac OS 10.14.6) LOG: 'ok 773 Make sure we can get serialize data'
,Chrome 85.0.4183.102 (Mac OS 10.14.6) LOG: 'ok 774 Make sure we can get deserialize data'
,Chrome 85.0.4183.102 (Mac OS 10.14.6) LOG: 'ok 775 We have two different instances'
,Chrome 85.0.4183.102 (Mac OS 10.14.6) LOG: 'ok 776 But same serialized content'
,Chrome 85.0.4183.102 (Mac OS 10.14.6) LOG: '# Proxy activation via config'
,Chrome 85.0.4183.102 (Mac OS 10.14.6) LOG: 'ok 777 No initial active source'
,Chrome 85.0.4183.102 (Mac OS 10.14.6) LOG: 'ok 778 Active source set after proxy creation'
,Chrome 85.0.4183.102 (Mac OS 10.14.6) LOG: '# Proxy activation via .activate()'
,Chrome 85.0.4183.102 (Mac OS 10.14.6) LOG: 'ok 779 No initial active source'
,Chrome 85.0.4183.102 (Mac OS 10.14.6) LOG: 'ok 780 No active source after proxy creation'
,Chrome 85.0.4183.102 (Mac OS 10.14.6) LOG: 'ok 781 Proxy manager should be modified after proxy activation'
,Chrome 85.0.4183.102 (Mac OS 10.14.6) LOG: 'ok 782 Active source set'
,Chrome 85.0.4183.102 (Mac OS 10.14.6) LOG: ''
,Chrome 85.0.4183.102 (Mac OS 10.14.6) LOG: '1..782'
,Chrome 85.0.4183.102 (Mac OS 10.14.6) LOG: '# tests 782'
,Chrome 85.0.4183.102 (Mac OS 10.14.6) LOG: '# pass  782'
,Chrome 85.0.4183.102 (Mac OS 10.14.6) LOG: ''

]]>
  </system-out>
  <system-err/>
</testsuite>